GROUP,PACKAGE,CLASS,INSTRUCTION_MISSED,INSTRUCTION_COVERED,BRANCH_MISSED,BRANCH_COVERED,LINE_MISSED,LINE_COVERED,COMPLEXITY_MISSED,COMPLEXITY_COVERED,METHOD_MISSED,METHOD_COVERED
ODFDOM,org.odftoolkit.odfdom.dom.element.dr3d,Dr3dRotateElement,336,0,24,0,106,0,38,0,26,0
ODFDOM,org.odftoolkit.odfdom.dom.element.dr3d,Dr3dCubeElement,335,0,24,0,107,0,38,0,26,0
ODFDOM,org.odftoolkit.odfdom.dom.element.dr3d,Dr3dSceneElement,1015,0,62,0,316,0,104,0,73,0
ODFDOM,org.odftoolkit.odfdom.dom.element.dr3d,Dr3dSphereElement,335,0,24,0,106,0,38,0,26,0
ODFDOM,org.odftoolkit.odfdom.dom.element.dr3d,Dr3dExtrudeElement,336,0,24,0,106,0,38,0,26,0
ODFDOM,org.odftoolkit.odfdom.dom.element.dr3d,Dr3dLightElement,140,0,10,0,46,0,17,0,12,0
ODFDOM,org.odftoolkit.odfdom.dom.element.config,ConfigConfigItemMapNamedElement,67,0,4,0,24,0,9,0,7,0
ODFDOM,org.odftoolkit.odfdom.dom.element.config,ConfigConfigItemMapEntryElement,121,0,4,0,41,0,12,0,10,0
ODFDOM,org.odftoolkit.odfdom.dom.element.config,ConfigConfigItemElement,96,0,10,0,32,0,14,0,9,0
ODFDOM,org.odftoolkit.odfdom.dom.element.config,ConfigConfigItemSetElement,121,0,4,0,41,0,12,0,10,0
ODFDOM,org.odftoolkit.odfdom.dom.element.config,ConfigConfigItemMapIndexedElement,67,0,4,0,24,0,9,0,7,0
ODFDOM,org.odftoolkit.odfdom.dom.element.office,OfficeAnnotationElement,428,0,26,0,134,0,46,0,33,0
ODFDOM,org.odftoolkit.odfdom.dom.element.office,OfficeDocumentSettingsElement,95,0,6,0,33,0,12,0,9,0
ODFDOM,org.odftoolkit.odfdom.dom.element.office,OfficeMetaElement,285,0,2,0,88,0,24,0,23,0
ODFDOM,org.odftoolkit.odfdom.dom.element.office,OfficeDdeSourceElement,196,0,14,0,65,0,23,0,16,0
ODFDOM,org.odftoolkit.odfdom.dom.element.office,OfficeFontFaceDeclsElement,42,0,2,0,16,0,6,0,5,0
ODFDOM,org.odftoolkit.odfdom.dom.element.office,OfficeBinaryDataElement,26,0,2,0,11,0,5,0,4,0
ODFDOM,org.odftoolkit.odfdom.dom.element.office,OfficeMasterStylesElement,73,0,2,0,26,0,8,0,7,0
ODFDOM,org.odftoolkit.odfdom.dom.element.office,OfficeDocumentContentElement,134,0,6,0,45,0,15,0,12,0
ODFDOM,org.odftoolkit.odfdom.dom.element.office,OfficeChangeInfoElement,65,0,2,0,21,0,8,0,7,0
ODFDOM,org.odftoolkit.odfdom.dom.element.office,OfficeImageElement,39,0,2,0,14,0,6,0,5,0
ODFDOM,org.odftoolkit.odfdom.dom.element.office,OfficeSettingsElement,42,0,2,0,16,0,6,0,5,0
ODFDOM,org.odftoolkit.odfdom.dom.element.office,OfficeSpreadsheetElement,322,0,8,0,103,0,29,0,25,0
ODFDOM,org.odftoolkit.odfdom.dom.element.office,OfficeDocumentStylesElement,82,0,6,0,29,0,11,0,8,0
ODFDOM,org.odftoolkit.odfdom.dom.element.office,OfficeScriptsElement,55,0,2,0,20,0,7,0,6,0
ODFDOM,org.odftoolkit.odfdom.dom.element.office,OfficeDocumentMetaElement,95,0,6,0,33,0,12,0,9,0
ODFDOM,org.odftoolkit.odfdom.dom.element.office,OfficeScriptElement,54,0,4,0,19,0,8,0,6,0
ODFDOM,org.odftoolkit.odfdom.dom.element.office,OfficeDatabaseElement,104,0,2,0,34,0,11,0,10,0
ODFDOM,org.odftoolkit.odfdom.dom.element.office,OfficeFormsElement,112,0,6,0,36,0,13,0,10,0
ODFDOM,org.odftoolkit.odfdom.dom.element.office,OfficeBodyElement,117,0,2,0,38,0,12,0,11,0
ODFDOM,org.odftoolkit.odfdom.dom.element.office,OfficeDocumentElement,214,0,8,0,70,0,22,0,18,0
ODFDOM,org.odftoolkit.odfdom.dom.element.office,OfficeStylesElement,453,0,2,0,144,0,30,0,29,0
ODFDOM,org.odftoolkit.odfdom.dom.element.office,OfficeEventListenersElement,64,0,2,0,23,0,7,0,6,0
ODFDOM,org.odftoolkit.odfdom.dom.element.office,OfficeDrawingElement,226,0,2,0,73,0,19,0,18,0
ODFDOM,org.odftoolkit.odfdom.dom.element.office,OfficePresentationElement,290,0,2,0,93,0,23,0,22,0
ODFDOM,org.odftoolkit.odfdom.dom.element.office,OfficeTextElement,873,0,6,0,267,0,62,0,59,0
ODFDOM,org.odftoolkit.odfdom.dom.element.office,OfficeChartElement,226,0,2,0,72,0,19,0,18,0
ODFDOM,org.odftoolkit.odfdom.dom.element.office,OfficeAutomaticStylesElement,193,0,2,0,63,0,16,0,15,0
ODFDOM,org.odftoolkit.odfdom.dom.element.office,OfficeAnnotationEndElement,54,0,4,0,20,0,8,0,6,0
ODFDOM,org.odftoolkit.odfdom.dom.attribute.style,StyleScaleToPagesAttribute,35,0,0,0,15,0,9,0,9,0
ODFDOM,org.odftoolkit.odfdom.dom.attribute.style,StyleLayoutGridBaseWidthAttribute,21,0,0,0,9,0,7,0,7,0
ODFDOM,org.odftoolkit.odfdom.dom.attribute.style,StyleFontSizeComplexAttribute,21,0,0,0,9,0,7,0,7,0
ODFDOM,org.odftoolkit.odfdom.dom.attribute.style,StyleLayoutGridModeAttribute,30,0,0,0,12,0,9,0,9,0
ODFDOM,org.odftoolkit.odfdom.dom.attribute.style,StylePositionAttribute,45,0,4,0,16,0,11,0,9,0
ODFDOM,org.odftoolkit.odfdom.dom.attribute.style,StyleRfcLanguageTagComplexAttribute,21,0,0,0,9,0,7,0,7,0
ODFDOM,org.odftoolkit.odfdom.dom.attribute.style,StyleRotationAlignAttribute,30,0,0,0,12,0,9,0,9,0
ODFDOM,org.odftoolkit.odfdom.dom.attribute.style,StyleVerticalAlignAttribute.Value,106,0,4,0,15,0,6,0,4,0
ODFDOM,org.odftoolkit.odfdom.dom.attribute.style,StyleFontPitchComplexAttribute,30,0,0,0,12,0,9,0,9,0
ODFDOM,org.odftoolkit.odfdom.dom.attribute.style,StyleTextAutospaceAttribute.Value,62,0,4,0,11,0,6,0,4,0
ODFDOM,org.odftoolkit.odfdom.dom.attribute.style,StyleLeaderStyleAttribute,30,0,0,0,12,0,9,0,9,0
ODFDOM,org.odftoolkit.odfdom.dom.attribute.style,StyleWrapDynamicThresholdAttribute,21,0,0,0,9,0,7,0,7,0
ODFDOM,org.odftoolkit.odfdom.dom.attribute.style,StyleTextUnderlineWidthAttribute.Value,106,0,4,0,15,0,6,0,4,0
ODFDOM,org.odftoolkit.odfdom.dom.attribute.style,StyleFootnoteMaxHeightAttribute,21,0,0,0,9,0,7,0,7,0
ODFDOM,org.odftoolkit.odfdom.dom.attribute.style,StyleTextLineThroughStyleAttribute.Value,128,0,4,0,17,0,6,0,4,0
ODFDOM,org.odftoolkit.odfdom.dom.attribute.style,StyleRunThroughAttribute,30,0,0,0,12,0,9,0,9,0
ODFDOM,org.odftoolkit.odfdom.dom.attribute.style,StyleLayoutGridRubyBelowAttribute,35,0,0,0,15,0,9,0,9,0
ODFDOM,org.odftoolkit.odfdom.dom.attribute.style,StyleLengthAttribute.Value,51,0,4,0,10,0,6,0,4,0
ODFDOM,org.odftoolkit.odfdom.dom.attribute.style,StyleLineSpacingAttribute,21,0,0,0,9,0,7,0,7,0
ODFDOM,org.odftoolkit.odfdom.dom.attribute.style,StyleFontNameAsianAttribute,21,0,0,0,9,0,7,0,7,0
ODFDOM,org.odftoolkit.odfdom.dom.attribute.style,StyleRunThroughAttribute.Value,62,0,4,0,11,0,6,0,4,0
ODFDOM,org.odftoolkit.odfdom.dom.attribute.style,StyleScriptComplexAttribute,21,0,0,0,9,0,7,0,7,0
ODFDOM,org.odftoolkit.odfdom.dom.attribute.style,StyleProtectAttribute.Value,106,0,4,0,15,0,6,0,4,0
ODFDOM,org.odftoolkit.odfdom.dom.attribute.style,StyleTextScaleAttribute,21,0,0,0,9,0,7,0,7,0
ODFDOM,org.odftoolkit.odfdom.dom.attribute.style,StyleTextOverlineWidthAttribute,30,0,0,0,12,0,9,0,9,0
ODFDOM,org.odftoolkit.odfdom.dom.attribute.style,StylePositionAttribute.Value,95,0,4,0,14,0,6,0,4,0
ODFDOM,org.odftoolkit.odfdom.dom.attribute.style,StyleScriptTypeAttribute,30,0,0,0,12,0,9,0,9,0
ODFDOM,org.odftoolkit.odfdom.dom.attribute.style,StyleTextCombineEndCharAttribute,21,0,0,0,9,0,7,0,7,0
ODFDOM,org.odftoolkit.odfdom.dom.attribute.style,StyleTextUnderlineStyleAttribute.Value,128,0,4,0,17,0,6,0,4,0
ODFDOM,org.odftoolkit.odfdom.dom.attribute.style,StyleRotationAlignAttribute.Value,84,0,4,0,13,0,6,0,4,0
ODFDOM,org.odftoolkit.odfdom.dom.attribute.style,StyleTextLineThroughColorAttribute,30,0,0,0,12,0,9,0,9,0
ODFDOM,org.odftoolkit.odfdom.dom.attribute.style,StyleLegendExpansionAttribute.Value,84,0,4,0,13,0,6,0,4,0
ODFDOM,org.odftoolkit.odfdom.dom.attribute.style,StyleTextRotationScaleAttribute.Value,62,0,4,0,11,0,6,0,4,0
ODFDOM,org.odftoolkit.odfdom.dom.attribute.style,StyleBackgroundTransparencyAttribute,21,0,0,0,9,0,7,0,7,0
ODFDOM,org.odftoolkit.odfdom.dom.attribute.style,StyleTextEmphasizeAttribute,30,0,0,0,12,0,9,0,9,0
ODFDOM,org.odftoolkit.odfdom.dom.attribute.style,StyleShadowAttribute.Value,51,0,4,0,10,0,6,0,4,0
ODFDOM,org.odftoolkit.odfdom.dom.attribute.style,StyleFontPitchAttribute,30,0,0,0,12,0,9,0,9,0
ODFDOM,org.odftoolkit.odfdom.dom.attribute.style,StyleFontFamilyGenericAsianAttribute.Value,106,0,4,0,15,0,6,0,4,0
ODFDOM,org.odftoolkit.odfdom.dom.attribute.style,StyleFontPitchAsianAttribute,30,0,0,0,12,0,9,0,9,0
ODFDOM,org.odftoolkit.odfdom.dom.attribute.style,StyleLetterKerningAttribute,35,0,0,0,15,0,9,0,9,0
ODFDOM,org.odftoolkit.odfdom.dom.attribute.style,StyleDiagonalTlBrAttribute,21,0,0,0,9,0,7,0,7,0
ODFDOM,org.odftoolkit.odfdom.dom.attribute.style,StyleNameAttribute,21,0,0,0,8,0,7,0,7,0
ODFDOM,org.odftoolkit.odfdom.dom.attribute.style,StyleDataStyleNameAttribute,21,0,0,0,9,0,7,0,7,0
ODFDOM,org.odftoolkit.odfdom.dom.attribute.style,StyleTextLineThroughWidthAttribute,30,0,0,0,12,0,9,0,9,0
ODFDOM,org.odftoolkit.odfdom.dom.attribute.style,StyleStyleAttribute.Value,95,0,4,0,14,0,6,0,4,0
ODFDOM,org.odftoolkit.odfdom.dom.attribute.style,StyleGlyphOrientationVerticalAttribute.Value,95,0,4,0,14,0,6,0,4,0
ODFDOM,org.odftoolkit.odfdom.dom.attribute.style,StyleAutoTextIndentAttribute,35,0,0,0,15,0,9,0,9,0
ODFDOM,org.odftoolkit.odfdom.dom.attribute.style,StyleRelWidthAttribute,30,0,0,0,12,0,9,0,9,0
ODFDOM,org.odftoolkit.odfdom.dom.attribute.style,StyleLanguageComplexAttribute,21,0,0,0,9,0,7,0,7,0
ODFDOM,org.odftoolkit.odfdom.dom.attribute.style,StyleSnapToLayoutGridAttribute,35,0,0,0,15,0,9,0,9,0
ODFDOM,org.odftoolkit.odfdom.dom.attribute.style,StyleFontSizeRelAttribute,21,0,0,0,9,0,7,0,7,0
ODFDOM,org.odftoolkit.odfdom.dom.attribute.style,StylePaperTrayNameAttribute.Value,51,0,4,0,10,0,6,0,4,0
ODFDOM,org.odftoolkit.odfdom.dom.attribute.style,StyleMirrorAttribute.Value,95,0,4,0,14,0,6,0,4,0
ODFDOM,org.odftoolkit.odfdom.dom.attribute.style,StyleFontFamilyGenericAttribute.Value,106,0,4,0,15,0,6,0,4,0
ODFDOM,org.odftoolkit.odfdom.dom.attribute.style,StyleTextUnderlineModeAttribute,30,0,0,0,12,0,9,0,9,0
ODFDOM,org.odftoolkit.odfdom.dom.attribute.style,StyleBaseCellAddressAttribute,21,0,0,0,9,0,7,0,7,0
ODFDOM,org.odftoolkit.odfdom.dom.attribute.style,StyleTextLineThroughModeAttribute,30,0,0,0,12,0,9,0,9,0
ODFDOM,org.odftoolkit.odfdom.dom.attribute.style,StyleDiagonalBlTrWidthsAttribute,21,0,0,0,9,0,7,0,7,0
ODFDOM,org.odftoolkit.odfdom.dom.attribute.style,StyleLayoutGridLinesAttribute,35,0,0,0,15,0,9,0,9,0
ODFDOM,org.odftoolkit.odfdom.dom.attribute.style,StyleFlowWithTextAttribute,35,0,0,0,15,0,9,0,9,0
ODFDOM,org.odftoolkit.odfdom.dom.attribute.style,StyleRelColumnWidthAttribute,21,0,0,0,9,0,7,0,7,0
ODFDOM,org.odftoolkit.odfdom.dom.attribute.style,StyleDisplayAttribute,50,0,4,0,19,0,11,0,9,0
ODFDOM,org.odftoolkit.odfdom.dom.attribute.style,StyleFontSizeRelAsianAttribute,21,0,0,0,9,0,7,0,7,0
ODFDOM,org.odftoolkit.odfdom.dom.attribute.style,StylePrintContentAttribute,35,0,0,0,15,0,9,0,9,0
ODFDOM,org.odftoolkit.odfdom.dom.attribute.style,StyleClassAttribute,21,0,0,0,8,0,7,0,7,0
ODFDOM,org.odftoolkit.odfdom.dom.attribute.style,StyleHeightAttribute,36,0,4,0,13,0,9,0,7,0
ODFDOM,org.odftoolkit.odfdom.dom.attribute.style,StyleVerticalPosAttribute,30,0,0,0,12,0,9,0,9,0
ODFDOM,org.odftoolkit.odfdom.dom.attribute.style,StyleFontStyleNameComplexAttribute,21,0,0,0,9,0,7,0,7,0
ODFDOM,org.odftoolkit.odfdom.dom.attribute.style,StyleRelWidthAttribute.Value,62,0,4,0,11,0,6,0,4,0
ODFDOM,org.odftoolkit.odfdom.dom.attribute.style,StyleCellProtectAttribute.Value,84,0,4,0,13,0,6,0,4,0
ODFDOM,org.odftoolkit.odfdom.dom.attribute.style,StyleLineHeightAtLeastAttribute,21,0,0,0,9,0,7,0,7,0
ODFDOM,org.odftoolkit.odfdom.dom.attribute.style,StyleListLevelAttribute,35,0,0,0,15,0,9,0,9,0
ODFDOM,org.odftoolkit.odfdom.dom.attribute.style,StyleFontStyleComplexAttribute,30,0,0,0,12,0,9,0,9,0
ODFDOM,org.odftoolkit.odfdom.dom.attribute.style,StyleWritingModeAttribute,30,0,0,0,12,0,9,0,9,0
ODFDOM,org.odftoolkit.odfdom.dom.attribute.style,StyleLineStyleAttribute.Value,128,0,4,0,17,0,6,0,4,0
ODFDOM,org.odftoolkit.odfdom.dom.attribute.style,StyleTabStopDistanceAttribute,21,0,0,0,9,0,7,0,7,0
ODFDOM,org.odftoolkit.odfdom.dom.attribute.style,StyleTextOverlineTypeAttribute,30,0,0,0,12,0,9,0,9,0
ODFDOM,org.odftoolkit.odfdom.dom.attribute.style,StyleTextOverlineStyleAttribute.Value,128,0,4,0,17,0,6,0,4,0
ODFDOM,org.odftoolkit.odfdom.dom.attribute.style,StyleTextUnderlineTypeAttribute,30,0,0,0,12,0,9,0,9,0
ODFDOM,org.odftoolkit.odfdom.dom.attribute.style,StyleFontFamilyAsianAttribute,21,0,0,0,9,0,7,0,7,0
ODFDOM,org.odftoolkit.odfdom.dom.attribute.style,StyleWrapAttribute.Value,117,0,4,0,16,0,6,0,4,0
ODFDOM,org.odftoolkit.odfdom.dom.attribute.style,StyleNumFormatAttribute.Value,95,0,4,0,14,0,6,0,4,0
ODFDOM,org.odftoolkit.odfdom.dom.attribute.style,StyleNumSuffixAttribute,21,0,0,0,9,0,7,0,7,0
ODFDOM,org.odftoolkit.odfdom.dom.attribute.style,StyleFontStyleAsianAttribute,30,0,0,0,12,0,9,0,9,0
ODFDOM,org.odftoolkit.odfdom.dom.attribute.style,StyleNumPrefixAttribute,21,0,0,0,9,0,7,0,7,0
ODFDOM,org.odftoolkit.odfdom.dom.attribute.style,StyleUseOptimalRowHeightAttribute,35,0,0,0,15,0,9,0,9,0
ODFDOM,org.odftoolkit.odfdom.dom.attribute.style,StyleLegendExpansionAspectRatioAttribute,35,0,0,0,15,0,9,0,9,0
ODFDOM,org.odftoolkit.odfdom.dom.attribute.style,StyleLanguageAsianAttribute,21,0,0,0,9,0,7,0,7,0
ODFDOM,org.odftoolkit.odfdom.dom.attribute.style,StyleTextLineThroughTypeAttribute,30,0,0,0,12,0,9,0,9,0
ODFDOM,org.odftoolkit.odfdom.dom.attribute.style,StyleFontStyleNameAttribute,21,0,0,0,9,0,7,0,7,0
ODFDOM,org.odftoolkit.odfdom.dom.attribute.style,StyleTextOverlineColorAttribute.Value,51,0,4,0,10,0,6,0,4,0
ODFDOM,org.odftoolkit.odfdom.dom.attribute.style,StyleLeaderWidthAttribute,30,0,0,0,12,0,9,0,9,0
ODFDOM,org.odftoolkit.odfdom.dom.attribute.style,StyleFontFamilyGenericAsianAttribute,30,0,0,0,12,0,9,0,9,0
ODFDOM,org.odftoolkit.odfdom.dom.attribute.style,StyleFontSizeRelComplexAttribute,21,0,0,0,9,0,7,0,7,0
ODFDOM,org.odftoolkit.odfdom.dom.attribute.style,StyleRepeatAttribute,45,0,4,0,16,0,11,0,9,0
ODFDOM,org.odftoolkit.odfdom.dom.attribute.style,StyleUseWindowFontColorAttribute,35,0,0,0,15,0,9,0,9,0
ODFDOM,org.odftoolkit.odfdom.dom.attribute.style,StyleFilterNameAttribute,21,0,0,0,9,0,7,0,7,0
ODFDOM,org.odftoolkit.odfdom.dom.attribute.style,StyleFontAdornmentsAttribute,21,0,0,0,9,0,7,0,7,0
ODFDOM,org.odftoolkit.odfdom.dom.attribute.style,StyleTextOverlineModeAttribute.Value,62,0,4,0,11,0,6,0,4,0
ODFDOM,org.odftoolkit.odfdom.dom.attribute.style,StyleFontFamilyGenericComplexAttribute,30,0,0,0,12,0,9,0,9,0
ODFDOM,org.odftoolkit.odfdom.dom.attribute.style,StyleTextRotationScaleAttribute,30,0,0,0,12,0,9,0,9,0
ODFDOM,org.odftoolkit.odfdom.dom.attribute.style,StyleTextOverlineTypeAttribute.Value,73,0,4,0,12,0,6,0,4,0
ODFDOM,org.odftoolkit.odfdom.dom.attribute.style,StyleTextCombineStartCharAttribute,21,0,0,0,9,0,7,0,7,0
ODFDOM,org.odftoolkit.odfdom.dom.attribute.style,StyleConditionAttribute,21,0,0,0,9,0,7,0,7,0
ODFDOM,org.odftoolkit.odfdom.dom.attribute.style,StyleOverflowBehaviorAttribute.Value,62,0,4,0,11,0,6,0,4,0
ODFDOM,org.odftoolkit.odfdom.dom.attribute.style,StyleHorizontalRelAttribute,30,0,0,0,12,0,9,0,9,0
ODFDOM,org.odftoolkit.odfdom.dom.attribute.style,StyleColorAttribute,36,0,4,0,12,0,9,0,7,0
ODFDOM,org.odftoolkit.odfdom.dom.attribute.style,StyleVerticalAlignAttribute,45,0,4,0,16,0,11,0,9,0
ODFDOM,org.odftoolkit.odfdom.dom.attribute.style,StyleFontStyleNameAsianAttribute,21,0,0,0,9,0,7,0,7,0
ODFDOM,org.odftoolkit.odfdom.dom.attribute.style,StyleDisplayNameAttribute,21,0,0,0,9,0,7,0,7,0
ODFDOM,org.odftoolkit.odfdom.dom.attribute.style,StyleTextOutlineAttribute,35,0,0,0,15,0,9,0,9,0
ODFDOM,org.odftoolkit.odfdom.dom.attribute.style,StylePunctuationWrapAttribute.Value,62,0,4,0,11,0,6,0,4,0
ODFDOM,org.odftoolkit.odfdom.dom.attribute.style,StyleTextUnderlineTypeAttribute.Value,73,0,4,0,12,0,6,0,4,0
ODFDOM,org.odftoolkit.odfdom.dom.attribute.style,StyleTextAlignSourceAttribute.Value,62,0,4,0,11,0,6,0,4,0
ODFDOM,org.odftoolkit.odfdom.dom.attribute.style,StyleTextEmphasizeAttribute.Value,117,0,4,0,16,0,6,0,4,0
ODFDOM,org.odftoolkit.odfdom.dom.attribute.style,StyleJustifySingleWordAttribute,35,0,0,0,15,0,9,0,9,0
ODFDOM,org.odftoolkit.odfdom.dom.attribute.style,StylePrintAttribute,30,0,0,0,11,0,9,0,9,0
ODFDOM,org.odftoolkit.odfdom.dom.attribute.style,StyleWritingModeAttribute.Value,128,0,4,0,17,0,6,0,4,0
ODFDOM,org.odftoolkit.odfdom.dom.attribute.style,StyleTableCenteringAttribute.Value,84,0,4,0,13,0,6,0,4,0
ODFDOM,org.odftoolkit.odfdom.dom.attribute.style,StyleLineBreakAttribute,30,0,0,0,12,0,9,0,9,0
ODFDOM,org.odftoolkit.odfdom.dom.attribute.style,StyleTextUnderlineModeAttribute.Value,62,0,4,0,11,0,6,0,4,0
ODFDOM,org.odftoolkit.odfdom.dom.attribute.style,StyleNumLetterSyncAttribute,35,0,0,0,15,0,9,0,9,0
ODFDOM,org.odftoolkit.odfdom.dom.attribute.style,StyleJoinBorderAttribute,35,0,0,0,15,0,9,0,9,0
ODFDOM,org.odftoolkit.odfdom.dom.attribute.style,StyleFontNameAttribute,21,0,0,0,9,0,7,0,7,0
ODFDOM,org.odftoolkit.odfdom.dom.attribute.style,StyleLayoutGridBaseHeightAttribute,21,0,0,0,9,0,7,0,7,0
ODFDOM,org.odftoolkit.odfdom.dom.attribute.style,StyleWritingModeAutomaticAttribute,35,0,0,0,15,0,9,0,9,0
ODFDOM,org.odftoolkit.odfdom.dom.attribute.style,StyleBorderLineWidthRightAttribute,21,0,0,0,9,0,7,0,7,0
ODFDOM,org.odftoolkit.odfdom.dom.attribute.style,StyleTextAlignSourceAttribute,30,0,0,0,12,0,9,0,9,0
ODFDOM,org.odftoolkit.odfdom.dom.attribute.style,StyleTextLineThroughColorAttribute.Value,51,0,4,0,10,0,6,0,4,0
ODFDOM,org.odftoolkit.odfdom.dom.attribute.style,StyleDiagonalTlBrWidthsAttribute,21,0,0,0,9,0,7,0,7,0
ODFDOM,org.odftoolkit.odfdom.dom.attribute.style,StyleRepeatAttribute.Value,73,0,4,0,12,0,6,0,4,0
ODFDOM,org.odftoolkit.odfdom.dom.attribute.style,StyleTextUnderlineWidthAttribute,30,0,0,0,12,0,9,0,9,0
ODFDOM,org.odftoolkit.odfdom.dom.attribute.style,StyleLeaderTextAttribute,36,0,4,0,13,0,9,0,7,0
ODFDOM,org.odftoolkit.odfdom.dom.attribute.style,StyleTextLineThroughTypeAttribute.Value,73,0,4,0,12,0,6,0,4,0
ODFDOM,org.odftoolkit.odfdom.dom.attribute.style,StyleMayBreakBetweenRowsAttribute,35,0,0,0,15,0,9,0,9,0
ODFDOM,org.odftoolkit.odfdom.dom.attribute.style,StyleProtectAttribute,30,0,0,0,12,0,9,0,9,0
ODFDOM,org.odftoolkit.odfdom.dom.attribute.style,StylePrintPageOrderAttribute.Value,62,0,4,0,11,0,6,0,4,0
ODFDOM,org.odftoolkit.odfdom.dom.attribute.style,StyleFamilyAttribute,30,0,0,0,12,0,9,0,9,0
ODFDOM,org.odftoolkit.odfdom.dom.attribute.style,StyleFontPitchAsianAttribute.Value,62,0,4,0,11,0,6,0,4,0
ODFDOM,org.odftoolkit.odfdom.dom.attribute.style,StyleWidthAttribute,21,0,0,0,8,0,7,0,7,0
ODFDOM,org.odftoolkit.odfdom.dom.attribute.style,StyleBorderLineWidthLeftAttribute,21,0,0,0,9,0,7,0,7,0
ODFDOM,org.odftoolkit.odfdom.dom.attribute.style,StyleVerticalPosAttribute.Value,95,0,4,0,14,0,6,0,4,0
ODFDOM,org.odftoolkit.odfdom.dom.attribute.style,StyleFontStyleAsianAttribute.Value,73,0,4,0,12,0,6,0,4,0
ODFDOM,org.odftoolkit.odfdom.dom.attribute.style,StyleLeaderWidthAttribute.Value,106,0,4,0,15,0,6,0,4,0
ODFDOM,org.odftoolkit.odfdom.dom.attribute.style,StyleUseOptimalColumnWidthAttribute,35,0,0,0,15,0,9,0,9,0
ODFDOM,org.odftoolkit.odfdom.dom.attribute.style,StyleApplyStyleNameAttribute,21,0,0,0,9,0,7,0,7,0
ODFDOM,org.odftoolkit.odfdom.dom.attribute.style,StyleTextUnderlineColorAttribute.Value,51,0,4,0,10,0,6,0,4,0
ODFDOM,org.odftoolkit.odfdom.dom.attribute.style,StyleLineStyleAttribute,30,0,0,0,12,0,9,0,9,0
ODFDOM,org.odftoolkit.odfdom.dom.attribute.style,StyleRotationAngleAttribute,21,0,0,0,9,0,7,0,7,0
ODFDOM,org.odftoolkit.odfdom.dom.attribute.style,StyleDynamicSpacingAttribute,35,0,0,0,15,0,9,0,9,0
ODFDOM,org.odftoolkit.odfdom.dom.attribute.style,StyleListStyleNameAttribute,21,0,0,0,9,0,7,0,7,0
ODFDOM,org.odftoolkit.odfdom.dom.attribute.style,StyleLineBreakAttribute.Value,62,0,4,0,11,0,6,0,4,0
ODFDOM,org.odftoolkit.odfdom.dom.attribute.style,StyleFontReliefAttribute,30,0,0,0,12,0,9,0,9,0
ODFDOM,org.odftoolkit.odfdom.dom.attribute.style,StyleNextStyleNameAttribute,21,0,0,0,9,0,7,0,7,0
ODFDOM,org.odftoolkit.odfdom.dom.attribute.style,StylePageUsageAttribute,45,0,4,0,16,0,11,0,9,0
ODFDOM,org.odftoolkit.odfdom.dom.attribute.style,StyleGlyphOrientationVerticalAttribute,30,0,0,0,12,0,9,0,9,0
ODFDOM,org.odftoolkit.odfdom.dom.attribute.style,StyleBorderLineWidthAttribute,21,0,0,0,9,0,7,0,7,0
ODFDOM,org.odftoolkit.odfdom.dom.attribute.style,StyleFontWeightAsianAttribute,30,0,0,0,12,0,9,0,9,0
ODFDOM,org.odftoolkit.odfdom.dom.attribute.style,StyleTextPositionAttribute,30,0,0,0,12,0,9,0,9,0
ODFDOM,org.odftoolkit.odfdom.dom.attribute.style,StyleScriptTypeAttribute.Value,84,0,4,0,13,0,6,0,4,0
ODFDOM,org.odftoolkit.odfdom.dom.attribute.style,StyleLengthAttribute,59,0,4,0,22,0,13,0,11,0
ODFDOM,org.odftoolkit.odfdom.dom.attribute.style,StyleLeaderTypeAttribute.Value,73,0,4,0,12,0,6,0,4,0
ODFDOM,org.odftoolkit.odfdom.dom.attribute.style,StyleColumnWidthAttribute,21,0,0,0,9,0,7,0,7,0
ODFDOM,org.odftoolkit.odfdom.dom.attribute.style,StyleRfcLanguageTagAttribute,21,0,0,0,9,0,7,0,7,0
ODFDOM,org.odftoolkit.odfdom.dom.attribute.style,StyleDirectionAttribute,30,0,0,0,12,0,9,0,9,0
ODFDOM,org.odftoolkit.odfdom.dom.attribute.style,StyleTextBlinkingAttribute,35,0,0,0,15,0,9,0,9,0
ODFDOM,org.odftoolkit.odfdom.dom.attribute.style,StyleDirectionAttribute.Value,62,0,4,0,11,0,6,0,4,0
ODFDOM,org.odftoolkit.odfdom.dom.attribute.style,StyleAdjustmentAttribute,45,0,4,0,16,0,11,0,9,0
ODFDOM,org.odftoolkit.odfdom.dom.attribute.style,StyleFirstPageNumberAttribute,44,0,0,0,18,0,11,0,11,0
ODFDOM,org.odftoolkit.odfdom.dom.attribute.style,StyleRelHeightAttribute,30,0,0,0,12,0,9,0,9,0
ODFDOM,org.odftoolkit.odfdom.dom.attribute.style,StyleScaleToAttribute,21,0,0,0,9,0,7,0,7,0
ODFDOM,org.odftoolkit.odfdom.dom.attribute.style,StyleTextCombineAttribute.Value,73,0,4,0,12,0,6,0,4,0
ODFDOM,org.odftoolkit.odfdom.dom.attribute.style,StyleFontCharsetComplexAttribute,21,0,0,0,9,0,7,0,7,0
ODFDOM,org.odftoolkit.odfdom.dom.attribute.style,StyleRubyPositionAttribute,30,0,0,0,12,0,9,0,9,0
ODFDOM,org.odftoolkit.odfdom.dom.attribute.style,StyleFirstPageNumberAttribute.Value,51,0,4,0,10,0,6,0,4,0
ODFDOM,org.odftoolkit.odfdom.dom.attribute.style,StyleLeaderColorAttribute,30,0,0,0,12,0,9,0,9,0
ODFDOM,org.odftoolkit.odfdom.dom.attribute.style,StyleLinesAttribute,50,0,4,0,18,0,11,0,9,0
ODFDOM,org.odftoolkit.odfdom.dom.attribute.style,StyleFontWeightAsianAttribute.Value,161,0,4,0,20,0,6,0,4,0
ODFDOM,org.odftoolkit.odfdom.dom.attribute.style,StyleLegendExpansionAttribute,30,0,0,0,12,0,9,0,9,0
ODFDOM,org.odftoolkit.odfdom.dom.attribute.style,StyleNumberWrappedParagraphsAttribute.Value,51,0,4,0,10,0,6,0,4,0
ODFDOM,org.odftoolkit.odfdom.dom.attribute.style,StyleTextUnderlineColorAttribute,30,0,0,0,12,0,9,0,9,0
ODFDOM,org.odftoolkit.odfdom.dom.attribute.style,StyleNumFormatAttribute,30,0,0,0,12,0,9,0,9,0
ODFDOM,org.odftoolkit.odfdom.dom.attribute.style,StyleFontIndependentLineSpacingAttribute,35,0,0,0,15,0,9,0,9,0
ODFDOM,org.odftoolkit.odfdom.dom.attribute.style,StyleFontFamilyGenericAttribute,30,0,0,0,12,0,9,0,9,0
ODFDOM,org.odftoolkit.odfdom.dom.attribute.style,StyleRubyPositionAttribute.Value,62,0,4,0,11,0,6,0,4,0
ODFDOM,org.odftoolkit.odfdom.dom.attribute.style,StyleDefaultOutlineLevelAttribute,35,0,0,0,15,0,9,0,9,0
ODFDOM,org.odftoolkit.odfdom.dom.attribute.style,StylePrintAttribute.Value,128,0,4,0,17,0,6,0,4,0
ODFDOM,org.odftoolkit.odfdom.dom.attribute.style,StyleFontNameComplexAttribute,21,0,0,0,9,0,7,0,7,0
ODFDOM,org.odftoolkit.odfdom.dom.attribute.style,StylePrintOrientationAttribute.Value,62,0,4,0,11,0,6,0,4,0
ODFDOM,org.odftoolkit.odfdom.dom.attribute.style,StyleVerticalRelAttribute,30,0,0,0,12,0,9,0,9,0
ODFDOM,org.odftoolkit.odfdom.dom.attribute.style,StylePrintOrientationAttribute,30,0,0,0,12,0,9,0,9,0
ODFDOM,org.odftoolkit.odfdom.dom.attribute.style,StyleTextLineThroughStyleAttribute,30,0,0,0,12,0,9,0,9,0
ODFDOM,org.odftoolkit.odfdom.dom.attribute.style,StyleTableCenteringAttribute,30,0,0,0,12,0,9,0,9,0
ODFDOM,org.odftoolkit.odfdom.dom.attribute.style,StyleMirrorAttribute,30,0,0,0,12,0,9,0,9,0
ODFDOM,org.odftoolkit.odfdom.dom.attribute.style,StyleLeaderTextStyleAttribute,21,0,0,0,9,0,7,0,7,0
ODFDOM,org.odftoolkit.odfdom.dom.attribute.style,StyleRelHeightAttribute.Value,62,0,4,0,11,0,6,0,4,0
ODFDOM,org.odftoolkit.odfdom.dom.attribute.style,StyleNumberWrappedParagraphsAttribute,44,0,0,0,18,0,11,0,11,0
ODFDOM,org.odftoolkit.odfdom.dom.attribute.style,StylePageLayoutNameAttribute,21,0,0,0,9,0,7,0,7,0
ODFDOM,org.odftoolkit.odfdom.dom.attribute.style,StyleTypeAttribute.Value,84,0,4,0,13,0,6,0,4,0
ODFDOM,org.odftoolkit.odfdom.dom.attribute.style,StyleStyleNameAttribute,21,0,0,0,9,0,7,0,7,0
ODFDOM,org.odftoolkit.odfdom.dom.attribute.style,StyleMinRowHeightAttribute,21,0,0,0,9,0,7,0,7,0
ODFDOM,org.odftoolkit.odfdom.dom.attribute.style,StyleShrinkToFitAttribute,35,0,0,0,15,0,9,0,9,0
ODFDOM,org.odftoolkit.odfdom.dom.attribute.style,StyleTextPositionAttribute.Value,62,0,4,0,11,0,6,0,4,0
ODFDOM,org.odftoolkit.odfdom.dom.attribute.style,StylePageUsageAttribute.Value,84,0,4,0,13,0,6,0,4,0
ODFDOM,org.odftoolkit.odfdom.dom.attribute.style,StyleStyleAttribute,45,0,4,0,15,0,11,0,9,0
ODFDOM,org.odftoolkit.odfdom.dom.attribute.style,StyleRfcLanguageTagAsianAttribute,21,0,0,0,9,0,7,0,7,0
ODFDOM,org.odftoolkit.odfdom.dom.attribute.style,StyleDiagonalBlTrAttribute,21,0,0,0,9,0,7,0,7,0
ODFDOM,org.odftoolkit.odfdom.dom.attribute.style,StyleTextOverlineModeAttribute,30,0,0,0,12,0,9,0,9,0
ODFDOM,org.odftoolkit.odfdom.dom.attribute.style,StyleCellProtectAttribute,30,0,0,0,12,0,9,0,9,0
ODFDOM,org.odftoolkit.odfdom.dom.attribute.style,StyleTextLineThroughModeAttribute.Value,62,0,4,0,11,0,6,0,4,0
ODFDOM,org.odftoolkit.odfdom.dom.attribute.style,StyleLayoutGridModeAttribute.Value,73,0,4,0,12,0,6,0,4,0
ODFDOM,org.odftoolkit.odfdom.dom.attribute.style,StyleFamilyAttribute.Value,172,0,4,0,21,0,6,0,4,0
ODFDOM,org.odftoolkit.odfdom.dom.attribute.style,StyleTextOverlineStyleAttribute,30,0,0,0,12,0,9,0,9,0
ODFDOM,org.odftoolkit.odfdom.dom.attribute.style,StylePageNumberAttribute.Value,51,0,4,0,10,0,6,0,4,0
ODFDOM,org.odftoolkit.odfdom.dom.attribute.style,StyleDistanceBeforeSepAttribute,21,0,0,0,9,0,7,0,7,0
ODFDOM,org.odftoolkit.odfdom.dom.attribute.style,StyleRubyAlignAttribute.Value,95,0,4,0,14,0,6,0,4,0
ODFDOM,org.odftoolkit.odfdom.dom.attribute.style,StyleBorderLineWidthTopAttribute,21,0,0,0,9,0,7,0,7,0
ODFDOM,org.odftoolkit.odfdom.dom.attribute.style,StylePunctuationWrapAttribute,30,0,0,0,12,0,9,0,9,0
ODFDOM,org.odftoolkit.odfdom.dom.attribute.style,StyleTextRotationAngleAttribute,21,0,0,0,9,0,7,0,7,0
ODFDOM,org.odftoolkit.odfdom.dom.attribute.style,StyleHorizontalRelAttribute.Value,183,0,4,0,22,0,6,0,4,0
ODFDOM,org.odftoolkit.odfdom.dom.attribute.style,StyleAutoUpdateAttribute,50,0,4,0,19,0,11,0,9,0
ODFDOM,org.odftoolkit.odfdom.dom.attribute.style,StyleDistanceAfterSepAttribute,21,0,0,0,9,0,7,0,7,0
ODFDOM,org.odftoolkit.odfdom.dom.attribute.style,StyleWrapContourModeAttribute,30,0,0,0,12,0,9,0,9,0
ODFDOM,org.odftoolkit.odfdom.dom.attribute.style,StyleHorizontalPosAttribute,30,0,0,0,12,0,9,0,9,0
ODFDOM,org.odftoolkit.odfdom.dom.attribute.style,StyleParentStyleNameAttribute,21,0,0,0,9,0,7,0,7,0
ODFDOM,org.odftoolkit.odfdom.dom.attribute.style,StyleTextLineThroughTextStyleAttribute,21,0,0,0,9,0,7,0,7,0
ODFDOM,org.odftoolkit.odfdom.dom.attribute.style,StyleRegisterTrueAttribute,35,0,0,0,15,0,9,0,9,0
ODFDOM,org.odftoolkit.odfdom.dom.attribute.style,StyleAdjustmentAttribute.Value,73,0,4,0,12,0,6,0,4,0
ODFDOM,org.odftoolkit.odfdom.dom.attribute.style,StyleLayoutGridSnapToAttribute,35,0,0,0,15,0,9,0,9,0
ODFDOM,org.odftoolkit.odfdom.dom.attribute.style,StyleRepeatContentAttribute,35,0,0,0,15,0,9,0,9,0
ODFDOM,org.odftoolkit.odfdom.dom.attribute.style,StyleLayoutGridStandardModeAttribute,35,0,0,0,15,0,9,0,9,0
ODFDOM,org.odftoolkit.odfdom.dom.attribute.style,StyleFontWeightComplexAttribute.Value,161,0,4,0,20,0,6,0,4,0
ODFDOM,org.odftoolkit.odfdom.dom.attribute.style,StyleTextCombineAttribute,30,0,0,0,12,0,9,0,9,0
ODFDOM,org.odftoolkit.odfdom.dom.attribute.style,StyleFontPitchComplexAttribute.Value,62,0,4,0,11,0,6,0,4,0
ODFDOM,org.odftoolkit.odfdom.dom.attribute.style,StyleCharAttribute,21,0,0,0,8,0,7,0,7,0
ODFDOM,org.odftoolkit.odfdom.dom.attribute.style,StyleTypeAttribute,45,0,4,0,15,0,11,0,9,0
ODFDOM,org.odftoolkit.odfdom.dom.attribute.style,StylePageNumberAttribute,44,0,0,0,18,0,11,0,11,0
ODFDOM,org.odftoolkit.odfdom.dom.attribute.style,StyleFontFamilyGenericComplexAttribute.Value,106,0,4,0,15,0,6,0,4,0
ODFDOM,org.odftoolkit.odfdom.dom.attribute.style,StyleRubyAlignAttribute,30,0,0,0,12,0,9,0,9,0
ODFDOM,org.odftoolkit.odfdom.dom.attribute.style,StyleFontCharsetAttribute,21,0,0,0,9,0,7,0,7,0
ODFDOM,org.odftoolkit.odfdom.dom.attribute.style,StyleVolatileAttribute,35,0,0,0,15,0,9,0,9,0
ODFDOM,org.odftoolkit.odfdom.dom.attribute.style,StyleTextAutospaceAttribute,30,0,0,0,12,0,9,0,9,0
ODFDOM,org.odftoolkit.odfdom.dom.attribute.style,StyleTextOverlineWidthAttribute.Value,106,0,4,0,15,0,6,0,4,0
ODFDOM,org.odftoolkit.odfdom.dom.attribute.style,StyleLayoutGridRubyHeightAttribute,21,0,0,0,9,0,7,0,7,0
ODFDOM,org.odftoolkit.odfdom.dom.attribute.style,StyleMasterPageNameAttribute,21,0,0,0,9,0,7,0,7,0
ODFDOM,org.odftoolkit.odfdom.dom.attribute.style,StyleFontFamilyComplexAttribute,21,0,0,0,9,0,7,0,7,0
ODFDOM,org.odftoolkit.odfdom.dom.attribute.style,StyleFontStyleComplexAttribute.Value,73,0,4,0,12,0,6,0,4,0
ODFDOM,org.odftoolkit.odfdom.dom.attribute.style,StyleLayoutGridPrintAttribute,35,0,0,0,15,0,9,0,9,0
ODFDOM,org.odftoolkit.odfdom.dom.attribute.style,StyleWrapAttribute,30,0,0,0,11,0,9,0,9,0
ODFDOM,org.odftoolkit.odfdom.dom.attribute.style,StyleShadowAttribute,30,0,0,0,12,0,9,0,9,0
ODFDOM,org.odftoolkit.odfdom.dom.attribute.style,StyleTextLineThroughTextAttribute,21,0,0,0,9,0,7,0,7,0
ODFDOM,org.odftoolkit.odfdom.dom.attribute.style,StyleCountryComplexAttribute,21,0,0,0,9,0,7,0,7,0
ODFDOM,org.odftoolkit.odfdom.dom.attribute.style,StyleRegisterTruthRefStyleNameAttribute,21,0,0,0,9,0,7,0,7,0
ODFDOM,org.odftoolkit.odfdom.dom.attribute.style,StyleDistanceAttribute,36,0,4,0,13,0,9,0,7,0
ODFDOM,org.odftoolkit.odfdom.dom.attribute.style,StyleFontPitchAttribute.Value,62,0,4,0,11,0,6,0,4,0
ODFDOM,org.odftoolkit.odfdom.dom.attribute.style,StyleTextUnderlineStyleAttribute,30,0,0,0,12,0,9,0,9,0
ODFDOM,org.odftoolkit.odfdom.dom.attribute.style,StyleFontSizeAsianAttribute,21,0,0,0,9,0,7,0,7,0
ODFDOM,org.odftoolkit.odfdom.dom.attribute.style,StyleRowHeightAttribute,21,0,0,0,9,0,7,0,7,0
ODFDOM,org.odftoolkit.odfdom.dom.attribute.style,StyleTextLineThroughWidthAttribute.Value,106,0,4,0,15,0,6,0,4,0
ODFDOM,org.odftoolkit.odfdom.dom.attribute.style,StyleDecimalPlacesAttribute,35,0,0,0,15,0,9,0,9,0
ODFDOM,org.odftoolkit.odfdom.dom.attribute.style,StylePrintPageOrderAttribute,30,0,0,0,12,0,9,0,9,0
ODFDOM,org.odftoolkit.odfdom.dom.attribute.style,StylePaperTrayNameAttribute,30,0,0,0,12,0,9,0,9,0
ODFDOM,org.odftoolkit.odfdom.dom.attribute.style,StyleLayoutGridDisplayAttribute,35,0,0,0,15,0,9,0,9,0
ODFDOM,org.odftoolkit.odfdom.dom.attribute.style,StyleTextOverlineColorAttribute,30,0,0,0,12,0,9,0,9,0
ODFDOM,org.odftoolkit.odfdom.dom.attribute.style,StyleLeaderCharAttribute,21,0,0,0,9,0,7,0,7,0
ODFDOM,org.odftoolkit.odfdom.dom.attribute.style,StyleBorderLineWidthBottomAttribute,21,0,0,0,9,0,7,0,7,0
ODFDOM,org.odftoolkit.odfdom.dom.attribute.style,StylePercentageDataStyleNameAttribute,21,0,0,0,9,0,7,0,7,0
ODFDOM,org.odftoolkit.odfdom.dom.attribute.style,StyleLeaderColorAttribute.Value,51,0,4,0,10,0,6,0,4,0
ODFDOM,org.odftoolkit.odfdom.dom.attribute.style,StyleFontWeightComplexAttribute,30,0,0,0,12,0,9,0,9,0
ODFDOM,org.odftoolkit.odfdom.dom.attribute.style,StyleFontReliefAttribute.Value,73,0,4,0,12,0,6,0,4,0
ODFDOM,org.odftoolkit.odfdom.dom.attribute.style,StyleScriptAsianAttribute,21,0,0,0,9,0,7,0,7,0
ODFDOM,org.odftoolkit.odfdom.dom.attribute.style,StyleLeaderTypeAttribute,30,0,0,0,12,0,9,0,9,0
ODFDOM,org.odftoolkit.odfdom.dom.attribute.style,StyleHorizontalPosAttribute.Value,117,0,4,0,16,0,6,0,4,0
ODFDOM,org.odftoolkit.odfdom.dom.attribute.style,StyleWrapContourModeAttribute.Value,62,0,4,0,11,0,6,0,4,0
ODFDOM,org.odftoolkit.odfdom.dom.attribute.style,StyleEditableAttribute,35,0,0,0,15,0,9,0,9,0
ODFDOM,org.odftoolkit.odfdom.dom.attribute.style,StyleOverflowBehaviorAttribute,30,0,0,0,12,0,9,0,9,0
ODFDOM,org.odftoolkit.odfdom.dom.attribute.style,StyleCountryAsianAttribute,21,0,0,0,9,0,7,0,7,0
ODFDOM,org.odftoolkit.odfdom.dom.attribute.style,StyleWrapContourAttribute,35,0,0,0,15,0,9,0,9,0
ODFDOM,org.odftoolkit.odfdom.dom.attribute.style,StyleLeaderStyleAttribute.Value,128,0,4,0,17,0,6,0,4,0
ODFDOM,org.odftoolkit.odfdom.dom.attribute.style,StyleFontCharsetAsianAttribute,21,0,0,0,9,0,7,0,7,0
ODFDOM,org.odftoolkit.odfdom.dom.attribute.style,StyleVerticalRelAttribute.Value,150,0,4,0,19,0,6,0,4,0
ODFDOM,org.odftoolkit.odfdom.dom.attribute.style,StyleLayoutGridColorAttribute,21,0,0,0,9,0,7,0,7,0
ODFDOM,org.odftoolkit.odfdom.dom.style,OdfStyleFamily,18078,0,4,0,38,0,12,0,10,0
ODFDOM,org.odftoolkit.odfdom.dom.attribute.presentation,PresentationDirectionAttribute.Value,348,0,4,0,37,0,6,0,4,0
ODFDOM,org.odftoolkit.odfdom.dom.attribute.presentation,PresentationTransitionTypeAttribute.Value,73,0,4,0,12,0,6,0,4,0
ODFDOM,org.odftoolkit.odfdom.dom.attribute.presentation,PresentationPlayFullAttribute,35,0,0,0,15,0,9,0,9,0
ODFDOM,org.odftoolkit.odfdom.dom.attribute.presentation,PresentationMasterElementAttribute,21,0,0,0,9,0,7,0,7,0
ODFDOM,org.odftoolkit.odfdom.dom.attribute.presentation,PresentationTransitionStyleAttribute.Value,755,0,4,0,74,0,6,0,4,0
ODFDOM,org.odftoolkit.odfdom.dom.attribute.presentation,PresentationAnimationsAttribute.Value,62,0,4,0,11,0,6,0,4,0
ODFDOM,org.odftoolkit.odfdom.dom.attribute.presentation,PresentationDisplayPageNumberAttribute,35,0,0,0,15,0,9,0,9,0
ODFDOM,org.odftoolkit.odfdom.dom.attribute.presentation,PresentationPresetClassAttribute.Value,117,0,4,0,16,0,6,0,4,0
ODFDOM,org.odftoolkit.odfdom.dom.attribute.presentation,PresentationAnimationsAttribute,45,0,4,0,16,0,11,0,9,0
ODFDOM,org.odftoolkit.odfdom.dom.attribute.presentation,PresentationUseHeaderNameAttribute,21,0,0,0,9,0,7,0,7,0
ODFDOM,org.odftoolkit.odfdom.dom.attribute.presentation,PresentationTransitionStyleAttribute,30,0,0,0,12,0,9,0,9,0
ODFDOM,org.odftoolkit.odfdom.dom.attribute.presentation,PresentationSpeedAttribute,45,0,4,0,16,0,11,0,9,0
ODFDOM,org.odftoolkit.odfdom.dom.attribute.presentation,PresentationObjectAttribute.Value,216,0,4,0,25,0,6,0,4,0
ODFDOM,org.odftoolkit.odfdom.dom.attribute.presentation,PresentationUseFooterNameAttribute,21,0,0,0,9,0,7,0,7,0
ODFDOM,org.odftoolkit.odfdom.dom.attribute.presentation,PresentationStyleNameAttribute,21,0,0,0,9,0,7,0,7,0
ODFDOM,org.odftoolkit.odfdom.dom.attribute.presentation,PresentationMouseAsPenAttribute,50,0,4,0,19,0,11,0,9,0
ODFDOM,org.odftoolkit.odfdom.dom.attribute.presentation,PresentationSpeedAttribute.Value,73,0,4,0,12,0,6,0,4,0
ODFDOM,org.odftoolkit.odfdom.dom.attribute.presentation,PresentationShowEndOfPresentationSlideAttribute,50,0,4,0,19,0,11,0,9,0
ODFDOM,org.odftoolkit.odfdom.dom.attribute.presentation,PresentationVisibilityAttribute.Value,62,0,4,0,11,0,6,0,4,0
ODFDOM,org.odftoolkit.odfdom.dom.attribute.presentation,PresentationNameAttribute,21,0,0,0,9,0,7,0,7,0
ODFDOM,org.odftoolkit.odfdom.dom.attribute.presentation,PresentationTransitionSpeedAttribute,30,0,0,0,12,0,9,0,9,0
ODFDOM,org.odftoolkit.odfdom.dom.attribute.presentation,PresentationPagesAttribute,21,0,0,0,9,0,7,0,7,0
ODFDOM,org.odftoolkit.odfdom.dom.attribute.presentation,PresentationTransitionTypeAttribute,30,0,0,0,12,0,9,0,9,0
ODFDOM,org.odftoolkit.odfdom.dom.attribute.presentation,PresentationClassAttribute.Value,216,0,4,0,25,0,6,0,4,0
ODFDOM,org.odftoolkit.odfdom.dom.attribute.presentation,PresentationTransitionOnClickAttribute.Value,62,0,4,0,11,0,6,0,4,0
ODFDOM,org.odftoolkit.odfdom.dom.attribute.presentation,PresentationClassAttribute,30,0,0,0,12,0,9,0,9,0
ODFDOM,org.odftoolkit.odfdom.dom.attribute.presentation,PresentationUseDateTimeNameAttribute,21,0,0,0,9,0,7,0,7,0
ODFDOM,org.odftoolkit.odfdom.dom.attribute.presentation,PresentationDelayAttribute,21,0,0,0,9,0,7,0,7,0
ODFDOM,org.odftoolkit.odfdom.dom.attribute.presentation,PresentationBackgroundVisibleAttribute,35,0,0,0,15,0,9,0,9,0
ODFDOM,org.odftoolkit.odfdom.dom.attribute.presentation,PresentationStartScaleAttribute,36,0,4,0,13,0,9,0,7,0
ODFDOM,org.odftoolkit.odfdom.dom.attribute.presentation,PresentationTransitionOnClickAttribute,45,0,4,0,16,0,11,0,9,0
ODFDOM,org.odftoolkit.odfdom.dom.attribute.presentation,PresentationTransitionSpeedAttribute.Value,73,0,4,0,12,0,6,0,4,0
ODFDOM,org.odftoolkit.odfdom.dom.attribute.presentation,PresentationForceManualAttribute,50,0,4,0,19,0,11,0,9,0
ODFDOM,org.odftoolkit.odfdom.dom.attribute.presentation,PresentationGroupIdAttribute,21,0,0,0,9,0,7,0,7,0
ODFDOM,org.odftoolkit.odfdom.dom.attribute.presentation,PresentationActionAttribute.Value,183,0,4,0,22,0,6,0,4,0
ODFDOM,org.odftoolkit.odfdom.dom.attribute.presentation,PresentationSourceAttribute.Value,62,0,4,0,11,0,6,0,4,0
ODFDOM,org.odftoolkit.odfdom.dom.attribute.presentation,PresentationUserTransformedAttribute,35,0,0,0,15,0,9,0,9,0
ODFDOM,org.odftoolkit.odfdom.dom.attribute.presentation,PresentationEffectAttribute,45,0,4,0,16,0,11,0,9,0
ODFDOM,org.odftoolkit.odfdom.dom.attribute.presentation,PresentationDurationAttribute,21,0,0,0,9,0,7,0,7,0
ODFDOM,org.odftoolkit.odfdom.dom.attribute.presentation,PresentationVerbAttribute,35,0,0,0,15,0,9,0,9,0
ODFDOM,org.odftoolkit.odfdom.dom.attribute.presentation,PresentationPlaceholderAttribute,35,0,0,0,15,0,9,0,9,0
ODFDOM,org.odftoolkit.odfdom.dom.attribute.presentation,PresentationFullScreenAttribute,50,0,4,0,19,0,11,0,9,0
ODFDOM,org.odftoolkit.odfdom.dom.attribute.presentation,PresentationPresetSubTypeAttribute,21,0,0,0,9,0,7,0,7,0
ODFDOM,org.odftoolkit.odfdom.dom.attribute.presentation,PresentationStartPageAttribute,21,0,0,0,9,0,7,0,7,0
ODFDOM,org.odftoolkit.odfdom.dom.attribute.presentation,PresentationStayOnTopAttribute,50,0,4,0,19,0,11,0,9,0
ODFDOM,org.odftoolkit.odfdom.dom.attribute.presentation,PresentationPresentationPageLayoutNameAttribute,21,0,0,0,9,0,7,0,7,0
ODFDOM,org.odftoolkit.odfdom.dom.attribute.presentation,PresentationObjectAttribute,30,0,0,0,12,0,9,0,9,0
ODFDOM,org.odftoolkit.odfdom.dom.attribute.presentation,PresentationClassNamesAttribute,21,0,0,0,9,0,7,0,7,0
ODFDOM,org.odftoolkit.odfdom.dom.attribute.presentation,PresentationShowLogoAttribute,50,0,4,0,19,0,11,0,9,0
ODFDOM,org.odftoolkit.odfdom.dom.attribute.presentation,PresentationDisplayDateTimeAttribute,35,0,0,0,15,0,9,0,9,0
ODFDOM,org.odftoolkit.odfdom.dom.attribute.presentation,PresentationSourceAttribute,30,0,0,0,12,0,9,0,9,0
ODFDOM,org.odftoolkit.odfdom.dom.attribute.presentation,PresentationDisplayHeaderAttribute,35,0,0,0,15,0,9,0,9,0
ODFDOM,org.odftoolkit.odfdom.dom.attribute.presentation,PresentationBackgroundObjectsVisibleAttribute,35,0,0,0,15,0,9,0,9,0
ODFDOM,org.odftoolkit.odfdom.dom.attribute.presentation,PresentationNodeTypeAttribute,45,0,4,0,16,0,11,0,9,0
ODFDOM,org.odftoolkit.odfdom.dom.attribute.presentation,PresentationStartWithNavigatorAttribute,50,0,4,0,19,0,11,0,9,0
ODFDOM,org.odftoolkit.odfdom.dom.attribute.presentation,PresentationPresetIdAttribute,21,0,0,0,9,0,7,0,7,0
ODFDOM,org.odftoolkit.odfdom.dom.attribute.presentation,PresentationEffectAttribute.Value,227,0,4,0,26,0,6,0,4,0
ODFDOM,org.odftoolkit.odfdom.dom.attribute.presentation,PresentationDirectionAttribute,45,0,4,0,16,0,11,0,9,0
ODFDOM,org.odftoolkit.odfdom.dom.attribute.presentation,PresentationEndlessAttribute,50,0,4,0,19,0,11,0,9,0
ODFDOM,org.odftoolkit.odfdom.dom.attribute.presentation,PresentationMouseVisibleAttribute,50,0,4,0,19,0,11,0,9,0
ODFDOM,org.odftoolkit.odfdom.dom.attribute.presentation,PresentationDisplayFooterAttribute,35,0,0,0,15,0,9,0,9,0
ODFDOM,org.odftoolkit.odfdom.dom.attribute.presentation,PresentationActionAttribute,30,0,0,0,12,0,9,0,9,0
ODFDOM,org.odftoolkit.odfdom.dom.attribute.presentation,PresentationVisibilityAttribute,30,0,0,0,12,0,9,0,9,0
ODFDOM,org.odftoolkit.odfdom.dom.attribute.presentation,PresentationPathIdAttribute,21,0,0,0,9,0,7,0,7,0
ODFDOM,org.odftoolkit.odfdom.dom.attribute.presentation,PresentationPauseAttribute,21,0,0,0,9,0,7,0,7,0
ODFDOM,org.odftoolkit.odfdom.dom.attribute.presentation,PresentationShowAttribute,21,0,0,0,9,0,7,0,7,0
ODFDOM,org.odftoolkit.odfdom.dom.attribute.presentation,PresentationPresetClassAttribute,45,0,4,0,16,0,11,0,9,0
ODFDOM,org.odftoolkit.odfdom.dom.attribute.presentation,PresentationNodeTypeAttribute.Value,117,0,4,0,16,0,6,0,4,0
ODFDOM,org.odftoolkit.odfdom.dom.attribute.xlink,XlinkTypeAttribute.Value,51,0,4,0,10,0,6,0,4,0
ODFDOM,org.odftoolkit.odfdom.dom.attribute.xlink,XlinkShowAttribute,117,0,30,0,43,0,24,0,9,0
ODFDOM,org.odftoolkit.odfdom.dom.attribute.xlink,XlinkShowAttribute.Value,84,0,4,0,13,0,6,0,4,0
ODFDOM,org.odftoolkit.odfdom.dom.attribute.xlink,XlinkTitleAttribute,21,0,0,0,8,0,7,0,7,0
ODFDOM,org.odftoolkit.odfdom.dom.attribute.xlink,XlinkTypeAttribute,45,0,4,0,15,0,11,0,9,0
ODFDOM,org.odftoolkit.odfdom.dom.attribute.xlink,XlinkActuateAttribute.Value,62,0,4,0,11,0,6,0,4,0
ODFDOM,org.odftoolkit.odfdom.dom.attribute.xlink,XlinkActuateAttribute,159,0,48,0,61,0,33,0,9,0
ODFDOM,org.odftoolkit.odfdom.dom.attribute.xlink,XlinkHrefAttribute,21,0,0,0,8,0,7,0,7,0
ODFDOM,org.odftoolkit.odfdom.dom.attribute.fo,FoBorderBottomAttribute,21,0,0,0,9,0,7,0,7,0
ODFDOM,org.odftoolkit.odfdom.dom.attribute.fo,FoFontWeightAttribute.Value,161,0,4,0,20,0,6,0,4,0
ODFDOM,org.odftoolkit.odfdom.dom.attribute.fo,FoHyphenationRemainCharCountAttribute,35,0,0,0,15,0,9,0,9,0
ODFDOM,org.odftoolkit.odfdom.dom.attribute.fo,FoWidowsAttribute,35,0,0,0,14,0,9,0,9,0
ODFDOM,org.odftoolkit.odfdom.dom.attribute.fo,FoTextAlignAttribute,30,0,0,0,12,0,9,0,9,0
ODFDOM,org.odftoolkit.odfdom.dom.attribute.fo,FoWrapOptionAttribute.Value,62,0,4,0,11,0,6,0,4,0
ODFDOM,org.odftoolkit.odfdom.dom.attribute.fo,FoMarginLeftAttribute,21,0,0,0,9,0,7,0,7,0
ODFDOM,org.odftoolkit.odfdom.dom.attribute.fo,FoSpaceBeforeAttribute,36,0,4,0,13,0,9,0,7,0
ODFDOM,org.odftoolkit.odfdom.dom.attribute.fo,FoPaddingBottomAttribute,21,0,0,0,9,0,7,0,7,0
ODFDOM,org.odftoolkit.odfdom.dom.attribute.fo,FoTextTransformAttribute,30,0,0,0,12,0,9,0,9,0
ODFDOM,org.odftoolkit.odfdom.dom.attribute.fo,FoHyphenationKeepAttribute.Value,62,0,4,0,11,0,6,0,4,0
ODFDOM,org.odftoolkit.odfdom.dom.attribute.fo,FoTextAlignLastAttribute,30,0,0,0,12,0,9,0,9,0
ODFDOM,org.odftoolkit.odfdom.dom.attribute.fo,FoHyphenationPushCharCountAttribute,35,0,0,0,15,0,9,0,9,0
ODFDOM,org.odftoolkit.odfdom.dom.attribute.fo,FoLineHeightAttribute.Value,51,0,4,0,10,0,6,0,4,0
ODFDOM,org.odftoolkit.odfdom.dom.attribute.fo,FoLetterSpacingAttribute.Value,51,0,4,0,10,0,6,0,4,0
ODFDOM,org.odftoolkit.odfdom.dom.attribute.fo,FoClipAttribute,30,0,0,0,11,0,9,0,9,0
ODFDOM,org.odftoolkit.odfdom.dom.attribute.fo,FoMarginBottomAttribute,21,0,0,0,9,0,7,0,7,0
ODFDOM,org.odftoolkit.odfdom.dom.attribute.fo,FoBreakAfterAttribute.Value,73,0,4,0,12,0,6,0,4,0
ODFDOM,org.odftoolkit.odfdom.dom.attribute.fo,FoFontStyleAttribute.Value,73,0,4,0,12,0,6,0,4,0
ODFDOM,org.odftoolkit.odfdom.dom.attribute.fo,FoKeepTogetherAttribute,30,0,0,0,12,0,9,0,9,0
ODFDOM,org.odftoolkit.odfdom.dom.attribute.fo,FoFontSizeAttribute,21,0,0,0,9,0,7,0,7,0
ODFDOM,org.odftoolkit.odfdom.dom.attribute.fo,FoHeightAttribute,21,0,0,0,8,0,7,0,7,0
ODFDOM,org.odftoolkit.odfdom.dom.attribute.fo,FoCountryAttribute,21,0,0,0,8,0,7,0,7,0
ODFDOM,org.odftoolkit.odfdom.dom.attribute.fo,FoKeepWithNextAttribute.Value,62,0,4,0,11,0,6,0,4,0
ODFDOM,org.odftoolkit.odfdom.dom.attribute.fo,FoHyphenationLadderCountAttribute.Value,51,0,4,0,10,0,6,0,4,0
ODFDOM,org.odftoolkit.odfdom.dom.attribute.fo,FoPageWidthAttribute,21,0,0,0,9,0,7,0,7,0
ODFDOM,org.odftoolkit.odfdom.dom.attribute.fo,FoKeepTogetherAttribute.Value,62,0,4,0,11,0,6,0,4,0
ODFDOM,org.odftoolkit.odfdom.dom.attribute.fo,FoFontVariantAttribute,30,0,0,0,12,0,9,0,9,0
ODFDOM,org.odftoolkit.odfdom.dom.attribute.fo,FoKeepWithNextAttribute,30,0,0,0,12,0,9,0,9,0
ODFDOM,org.odftoolkit.odfdom.dom.attribute.fo,FoBorderLeftAttribute,21,0,0,0,9,0,7,0,7,0
ODFDOM,org.odftoolkit.odfdom.dom.attribute.fo,FoFontVariantAttribute.Value,62,0,4,0,11,0,6,0,4,0
ODFDOM,org.odftoolkit.odfdom.dom.attribute.fo,FoMarginRightAttribute,21,0,0,0,9,0,7,0,7,0
ODFDOM,org.odftoolkit.odfdom.dom.attribute.fo,FoTextShadowAttribute,30,0,0,0,12,0,9,0,9,0
ODFDOM,org.odftoolkit.odfdom.dom.attribute.fo,FoBorderRightAttribute,21,0,0,0,9,0,7,0,7,0
ODFDOM,org.odftoolkit.odfdom.dom.attribute.fo,FoTextAlignAttribute.Value,106,0,4,0,15,0,6,0,4,0
ODFDOM,org.odftoolkit.odfdom.dom.attribute.fo,FoTextTransformAttribute.Value,84,0,4,0,13,0,6,0,4,0
ODFDOM,org.odftoolkit.odfdom.dom.attribute.fo,FoBreakBeforeAttribute.Value,73,0,4,0,12,0,6,0,4,0
ODFDOM,org.odftoolkit.odfdom.dom.attribute.fo,FoBreakAfterAttribute,30,0,0,0,12,0,9,0,9,0
ODFDOM,org.odftoolkit.odfdom.dom.attribute.fo,FoEndIndentAttribute,36,0,4,0,13,0,9,0,7,0
ODFDOM,org.odftoolkit.odfdom.dom.attribute.fo,FoTextAlignLastAttribute.Value,73,0,4,0,12,0,6,0,4,0
ODFDOM,org.odftoolkit.odfdom.dom.attribute.fo,FoColumnGapAttribute,21,0,0,0,9,0,7,0,7,0
ODFDOM,org.odftoolkit.odfdom.dom.attribute.fo,FoHyphenationLadderCountAttribute,44,0,0,0,18,0,11,0,11,0
ODFDOM,org.odftoolkit.odfdom.dom.attribute.fo,FoFontStyleAttribute,30,0,0,0,12,0,9,0,9,0
ODFDOM,org.odftoolkit.odfdom.dom.attribute.fo,FoBorderAttribute,21,0,0,0,8,0,7,0,7,0
ODFDOM,org.odftoolkit.odfdom.dom.attribute.fo,FoTextShadowAttribute.Value,51,0,4,0,10,0,6,0,4,0
ODFDOM,org.odftoolkit.odfdom.dom.attribute.fo,FoMinHeightAttribute,21,0,0,0,9,0,7,0,7,0
ODFDOM,org.odftoolkit.odfdom.dom.attribute.fo,FoPaddingAttribute,21,0,0,0,8,0,7,0,7,0
ODFDOM,org.odftoolkit.odfdom.dom.attribute.fo,FoFontFamilyAttribute,21,0,0,0,9,0,7,0,7,0
ODFDOM,org.odftoolkit.odfdom.dom.attribute.fo,FoBackgroundColorAttribute.Value,51,0,4,0,10,0,6,0,4,0
ODFDOM,org.odftoolkit.odfdom.dom.attribute.fo,FoPaddingTopAttribute,21,0,0,0,9,0,7,0,7,0
ODFDOM,org.odftoolkit.odfdom.dom.attribute.fo,FoWidthAttribute,21,0,0,0,8,0,7,0,7,0
ODFDOM,org.odftoolkit.odfdom.dom.attribute.fo,FoClipAttribute.Value,51,0,4,0,10,0,6,0,4,0
ODFDOM,org.odftoolkit.odfdom.dom.attribute.fo,FoFontWeightAttribute,30,0,0,0,12,0,9,0,9,0
ODFDOM,org.odftoolkit.odfdom.dom.attribute.fo,FoStartIndentAttribute,36,0,4,0,13,0,9,0,7,0
ODFDOM,org.odftoolkit.odfdom.dom.attribute.fo,FoHyphenateAttribute,35,0,0,0,15,0,9,0,9,0
ODFDOM,org.odftoolkit.odfdom.dom.attribute.fo,FoMinWidthAttribute,21,0,0,0,9,0,7,0,7,0
ODFDOM,org.odftoolkit.odfdom.dom.attribute.fo,FoSpaceAfterAttribute,36,0,4,0,13,0,9,0,7,0
ODFDOM,org.odftoolkit.odfdom.dom.attribute.fo,FoLineHeightAttribute,30,0,0,0,12,0,9,0,9,0
ODFDOM,org.odftoolkit.odfdom.dom.attribute.fo,FoMarginTopAttribute,21,0,0,0,9,0,7,0,7,0
ODFDOM,org.odftoolkit.odfdom.dom.attribute.fo,FoHyphenationKeepAttribute,30,0,0,0,12,0,9,0,9,0
ODFDOM,org.odftoolkit.odfdom.dom.attribute.fo,FoBorderTopAttribute,21,0,0,0,9,0,7,0,7,0
ODFDOM,org.odftoolkit.odfdom.dom.attribute.fo,FoMarginAttribute,21,0,0,0,8,0,7,0,7,0
ODFDOM,org.odftoolkit.odfdom.dom.attribute.fo,FoPaddingLeftAttribute,21,0,0,0,9,0,7,0,7,0
ODFDOM,org.odftoolkit.odfdom.dom.attribute.fo,FoPaddingRightAttribute,21,0,0,0,9,0,7,0,7,0
ODFDOM,org.odftoolkit.odfdom.dom.attribute.fo,FoBackgroundColorAttribute,30,0,0,0,12,0,9,0,9,0
ODFDOM,org.odftoolkit.odfdom.dom.attribute.fo,FoColorAttribute,21,0,0,0,8,0,7,0,7,0
ODFDOM,org.odftoolkit.odfdom.dom.attribute.fo,FoLanguageAttribute,21,0,0,0,8,0,7,0,7,0
ODFDOM,org.odftoolkit.odfdom.dom.attribute.fo,FoMaxHeightAttribute,21,0,0,0,9,0,7,0,7,0
ODFDOM,org.odftoolkit.odfdom.dom.attribute.fo,FoScriptAttribute,21,0,0,0,8,0,7,0,7,0
ODFDOM,org.odftoolkit.odfdom.dom.attribute.fo,FoWrapOptionAttribute,30,0,0,0,12,0,9,0,9,0
ODFDOM,org.odftoolkit.odfdom.dom.attribute.fo,FoBreakBeforeAttribute,30,0,0,0,12,0,9,0,9,0
ODFDOM,org.odftoolkit.odfdom.dom.attribute.fo,FoTextIndentAttribute,21,0,0,0,9,0,7,0,7,0
ODFDOM,org.odftoolkit.odfdom.dom.attribute.fo,FoColumnCountAttribute,35,0,0,0,15,0,9,0,9,0
ODFDOM,org.odftoolkit.odfdom.dom.attribute.fo,FoOrphansAttribute,35,0,0,0,14,0,9,0,9,0
ODFDOM,org.odftoolkit.odfdom.dom.attribute.fo,FoMaxWidthAttribute,21,0,0,0,9,0,7,0,7,0
ODFDOM,org.odftoolkit.odfdom.dom.attribute.fo,FoLetterSpacingAttribute,30,0,0,0,12,0,9,0,9,0
ODFDOM,org.odftoolkit.odfdom.dom.attribute.fo,FoPageHeightAttribute,21,0,0,0,9,0,7,0,7,0
ODFDOM,org.odftoolkit.odfdom.dom.element.svg,SvgFontFaceUriElement,123,0,8,0,42,0,15,0,11,0
ODFDOM,org.odftoolkit.odfdom.dom.element.svg,SvgRadialGradientElement,322,0,22,0,99,0,36,0,25,0
ODFDOM,org.odftoolkit.odfdom.dom.element.svg,SvgLinearGradientElement,294,0,20,0,91,0,33,0,23,0
ODFDOM,org.odftoolkit.odfdom.dom.element.svg,SvgFontFaceNameElement,54,0,4,0,19,0,8,0,6,0
ODFDOM,org.odftoolkit.odfdom.dom.element.svg,SvgFontFaceFormatElement,54,0,4,0,20,0,8,0,6,0
ODFDOM,org.odftoolkit.odfdom.dom.element.svg,SvgTitleElement,40,0,6,0,13,0,8,0,5,0
ODFDOM,org.odftoolkit.odfdom.dom.element.svg,SvgFontFaceSrcElement,58,0,2,0,21,0,7,0,6,0
ODFDOM,org.odftoolkit.odfdom.dom.element.svg,SvgDescElement,40,0,6,0,13,0,8,0,5,0
ODFDOM,org.odftoolkit.odfdom.dom.element.svg,SvgDefinitionSrcElement,110,0,8,0,38,0,14,0,10,0
ODFDOM,org.odftoolkit.odfdom.dom.element.svg,SvgStopElement,111,0,8,0,37,0,14,0,10,0
ODFDOM,org.odftoolkit.odfdom.dom.rdfa,BookmarkRDFMetadataExtractor,442,0,54,0,95,0,39,0,12,0
ODFDOM,org.odftoolkit.odfdom.dom.rdfa,BookmarkRDFMetadataExtractor.ExtractorStringBuilder,48,0,2,0,14,0,6,0,5,0
ODFDOM,org.odftoolkit.odfdom.incubator.search,Selection.SelectionManager,228,0,36,0,52,0,25,0,7,0
ODFDOM,org.odftoolkit.odfdom.incubator.search,TextStyleNavigation,506,0,74,0,129,0,47,0,10,0
ODFDOM,org.odftoolkit.odfdom.incubator.search,Navigation,174,0,60,0,53,0,34,0,4,0
ODFDOM,org.odftoolkit.odfdom.incubator.search,Selection,9,0,0,0,3,0,3,0,3,0
ODFDOM,org.odftoolkit.odfdom.incubator.search,TextSelection,1667,0,254,0,455,0,153,0,26,0
ODFDOM,org.odftoolkit.odfdom.incubator.search,InvalidNavigationException,4,0,0,0,2,0,1,0,1,0
ODFDOM,org.odftoolkit.odfdom.incubator.search,TextNavigation,304,0,34,0,85,0,25,0,8,0
ODFDOM,org.odftoolkit.odfdom.dom.element.text,TextSenderCountryElement,69,0,8,0,23,0,11,0,7,0
ODFDOM,org.odftoolkit.odfdom.dom.element.text,TextSenderCompanyElement,69,0,8,0,23,0,11,0,7,0
ODFDOM,org.odftoolkit.odfdom.dom.element.text,TextSequenceDeclElement,111,0,8,0,37,0,14,0,10,0
ODFDOM,org.odftoolkit.odfdom.dom.element.text,TextLinenumberingConfigurationElement,333,0,22,0,106,0,36,0,25,0
ODFDOM,org.odftoolkit.odfdom.dom.element.text,TextUserIndexMarkEndElement,54,0,4,0,19,0,8,0,6,0
ODFDOM,org.odftoolkit.odfdom.dom.element.text,TextIndexSourceStyleElement,58,0,4,0,21,0,8,0,6,0
ODFDOM,org.odftoolkit.odfdom.dom.element.text,TextAElement,2227,0,24,0,689,0,163,0,151,0
ODFDOM,org.odftoolkit.odfdom.dom.element.text,TextFileNameElement,97,0,10,0,32,0,14,0,9,0
ODFDOM,org.odftoolkit.odfdom.dom.element.text,TextReferenceMarkStartElement,54,0,4,0,19,0,8,0,6,0
ODFDOM,org.odftoolkit.odfdom.dom.element.text,TextCharacterCountElement,97,0,10,0,32,0,14,0,9,0
ODFDOM,org.odftoolkit.odfdom.dom.element.text,TextBibliographyMarkElement,936,0,70,0,297,0,104,0,69,0
ODFDOM,org.odftoolkit.odfdom.dom.element.text,TextUserIndexMarkStartElement,111,0,8,0,37,0,14,0,10,0
ODFDOM,org.odftoolkit.odfdom.dom.element.text,TextSoftPageBreakElement,26,0,2,0,11,0,5,0,4,0
ODFDOM,org.odftoolkit.odfdom.dom.element.text,TextDatabaseRowSelectElement,183,0,12,0,61,0,21,0,15,0
ODFDOM,org.odftoolkit.odfdom.dom.element.text,TextAlphabeticalIndexMarkEndElement,54,0,4,0,19,0,8,0,6,0
ODFDOM,org.odftoolkit.odfdom.dom.element.text,TextParagraphElementBase,356,0,28,0,109,0,38,0,24,0
ODFDOM,org.odftoolkit.odfdom.dom.element.text,TextFormatChangeElement,39,0,2,0,15,0,6,0,5,0
ODFDOM,org.odftoolkit.odfdom.dom.element.text,TextPageElement,56,0,4,0,20,0,9,0,7,0
ODFDOM,org.odftoolkit.odfdom.dom.element.text,TextExecuteMacroElement,81,0,8,0,26,0,12,0,8,0
ODFDOM,org.odftoolkit.odfdom.dom.element.text,TextHiddenParagraphElement,97,0,10,0,32,0,14,0,9,0
ODFDOM,org.odftoolkit.odfdom.dom.element.text,TextConditionalTextElement,153,0,14,0,50,0,20,0,13,0
ODFDOM,org.odftoolkit.odfdom.dom.element.text,TextIndexEntryLinkEndElement,58,0,4,0,21,0,8,0,6,0
ODFDOM,org.odftoolkit.odfdom.dom.element.text,TextSenderPhonePrivateElement,69,0,8,0,23,0,11,0,7,0
ODFDOM,org.odftoolkit.odfdom.dom.element.text,TextSenderStreetElement,69,0,8,0,23,0,11,0,7,0
ODFDOM,org.odftoolkit.odfdom.dom.element.text,TextSubjectElement,69,0,8,0,22,0,11,0,7,0
ODFDOM,org.odftoolkit.odfdom.dom.element.text,TextTableIndexSourceElement,199,0,12,0,65,0,22,0,16,0
ODFDOM,org.odftoolkit.odfdom.dom.element.text,TextNumberedParagraphElement,245,0,14,0,76,0,26,0,19,0
ODFDOM,org.odftoolkit.odfdom.dom.element.text,TextTocMarkElement,83,0,6,0,28,0,11,0,8,0
ODFDOM,org.odftoolkit.odfdom.dom.element.text,TextAuthorNameElement,69,0,8,0,23,0,11,0,7,0
ODFDOM,org.odftoolkit.odfdom.dom.element.text,TextAlphabeticalIndexMarkStartElement,224,0,16,0,71,0,26,0,18,0
ODFDOM,org.odftoolkit.odfdom.dom.element.text,TextIllustrationIndexSourceElement,199,0,12,0,65,0,22,0,16,0
ODFDOM,org.odftoolkit.odfdom.dom.element.text,TextNoteContinuationNoticeBackwardElement,40,0,6,0,14,0,8,0,5,0
ODFDOM,org.odftoolkit.odfdom.dom.element.text,TextNoteBodyElement,590,0,2,0,181,0,40,0,39,0
ODFDOM,org.odftoolkit.odfdom.dom.element.text,TextChangeElement,54,0,4,0,19,0,8,0,6,0
ODFDOM,org.odftoolkit.odfdom.dom.element.text,TextChangedRegionElement,121,0,6,0,39,0,14,0,11,0
ODFDOM,org.odftoolkit.odfdom.dom.element.text,TextSequenceRefElement,96,0,10,0,32,0,14,0,9,0
ODFDOM,org.odftoolkit.odfdom.dom.element.text,TextMetaFieldElement,2033,0,10,0,626,0,142,0,137,0
ODFDOM,org.odftoolkit.odfdom.dom.element.text,TextSequenceElement,181,0,16,0,57,0,23,0,15,0
ODFDOM,org.odftoolkit.odfdom.dom.element.text,TextTableOfContentElement,225,0,14,0,72,0,25,0,18,0
ODFDOM,org.odftoolkit.odfdom.dom.element.text,TextLineBreakElement,28,0,2,0,12,0,6,0,5,0
ODFDOM,org.odftoolkit.odfdom.dom.element.text,TextNoteRefElement,124,0,12,0,40,0,17,0,11,0
ODFDOM,org.odftoolkit.odfdom.dom.element.text,TextPrintTimeElement,125,0,12,0,41,0,17,0,11,0
ODFDOM,org.odftoolkit.odfdom.dom.element.text,TextTrackedChangesElement,72,0,4,0,25,0,9,0,7,0
ODFDOM,org.odftoolkit.odfdom.dom.element.text,TextCreationTimeElement,125,0,12,0,41,0,17,0,11,0
ODFDOM,org.odftoolkit.odfdom.dom.element.text,TextBookmarkEndElement,54,0,4,0,19,0,8,0,6,0
ODFDOM,org.odftoolkit.odfdom.dom.element.text,TextSenderCityElement,69,0,8,0,23,0,11,0,7,0
ODFDOM,org.odftoolkit.odfdom.dom.element.text,TextPageVariableGetElement,97,0,10,0,32,0,14,0,9,0
ODFDOM,org.odftoolkit.odfdom.dom.element.text,TextTextInputElement,68,0,8,0,23,0,11,0,7,0
ODFDOM,org.odftoolkit.odfdom.dom.element.text,TextDdeConnectionDeclsElement,51,0,2,0,19,0,6,0,5,0
ODFDOM,org.odftoolkit.odfdom.dom.element.text,TextTableOfContentSourceElement,250,0,14,0,80,0,26,0,19,0
ODFDOM,org.odftoolkit.odfdom.dom.element.text,TextReferenceMarkElement,54,0,4,0,19,0,8,0,6,0
ODFDOM,org.odftoolkit.odfdom.dom.element.text,TextSheetNameElement,40,0,6,0,14,0,8,0,5,0
ODFDOM,org.odftoolkit.odfdom.dom.element.text,TextRubyBaseElement,1977,0,6,0,609,0,136,0,133,0
ODFDOM,org.odftoolkit.odfdom.dom.element.text,TextAlphabeticalIndexSourceElement,525,0,34,0,164,0,55,0,38,0
ODFDOM,org.odftoolkit.odfdom.dom.element.text,TextBookmarkRefElement,96,0,10,0,32,0,14,0,9,0
ODFDOM,org.odftoolkit.odfdom.dom.element.text,TextPrintDateElement,125,0,12,0,41,0,17,0,11,0
ODFDOM,org.odftoolkit.odfdom.dom.element.text,TextPageSequenceElement,42,0,2,0,16,0,6,0,5,0
ODFDOM,org.odftoolkit.odfdom.dom.element.text,TextCreationDateElement,125,0,12,0,41,0,17,0,11,0
ODFDOM,org.odftoolkit.odfdom.dom.element.text,TextReferenceMarkEndElement,54,0,4,0,19,0,8,0,6,0
ODFDOM,org.odftoolkit.odfdom.dom.element.text,TextBibliographySourceElement,58,0,2,0,21,0,7,0,6,0
ODFDOM,org.odftoolkit.odfdom.dom.element.text,TextUserFieldDeclElement,280,0,20,0,91,0,32,0,22,0
ODFDOM,org.odftoolkit.odfdom.dom.element.text,TextReferenceRefElement,96,0,10,0,32,0,14,0,9,0
ODFDOM,org.odftoolkit.odfdom.dom.element.text,TextBibliographyEntryTemplateElement,131,0,6,0,44,0,14,0,11,0
ODFDOM,org.odftoolkit.odfdom.dom.element.text,TextIndexEntrySpanElement,72,0,8,0,24,0,11,0,7,0
ODFDOM,org.odftoolkit.odfdom.dom.element.text,TextIllustrationIndexElement,225,0,14,0,72,0,25,0,18,0
ODFDOM,org.odftoolkit.odfdom.dom.element.text,TextBibliographyElement,225,0,14,0,72,0,25,0,18,0
ODFDOM,org.odftoolkit.odfdom.dom.element.text,TextHiddenTextElement,125,0,12,0,41,0,17,0,11,0
ODFDOM,org.odftoolkit.odfdom.dom.element.text,TextListLevelStyleImageElement,164,0,10,0,55,0,19,0,14,0
ODFDOM,org.odftoolkit.odfdom.dom.element.text,TextScriptElement,124,0,12,0,40,0,17,0,11,0
ODFDOM,org.odftoolkit.odfdom.dom.element.text,TextTimeElement,153,0,14,0,49,0,20,0,13,0
ODFDOM,org.odftoolkit.odfdom.dom.element.text,TextIndexSourceStylesElement,71,0,4,0,25,0,9,0,7,0
ODFDOM,org.odftoolkit.odfdom.dom.element.text,TextBibliographyConfigurationElement,298,0,20,0,96,0,33,0,23,0
ODFDOM,org.odftoolkit.odfdom.dom.element.text,TextObjectIndexEntryTemplateElement,126,0,4,0,42,0,13,0,11,0
ODFDOM,org.odftoolkit.odfdom.dom.element.text,TextNoteContinuationNoticeForwardElement,40,0,6,0,14,0,8,0,5,0
ODFDOM,org.odftoolkit.odfdom.dom.element.text,TextWordCountElement,97,0,10,0,32,0,14,0,9,0
ODFDOM,org.odftoolkit.odfdom.dom.element.text,TextTableFormulaElement,124,0,12,0,41,0,17,0,11,0
ODFDOM,org.odftoolkit.odfdom.dom.element.text,TextSequenceDeclsElement,46,0,2,0,17,0,6,0,5,0
ODFDOM,org.odftoolkit.odfdom.dom.element.text,TextSpanElement,2037,0,10,0,627,0,142,0,137,0
ODFDOM,org.odftoolkit.odfdom.dom.element.text,TextIndexEntryTabStopElement,142,0,10,0,48,0,17,0,12,0
ODFDOM,org.odftoolkit.odfdom.dom.element.text,TextDatabaseDisplayElement,196,0,16,0,64,0,24,0,16,0
ODFDOM,org.odftoolkit.odfdom.dom.element.text,TextSectionElement,854,0,18,0,262,0,66,0,57,0
ODFDOM,org.odftoolkit.odfdom.dom.element.text,TextDateElement,153,0,14,0,49,0,20,0,13,0
ODFDOM,org.odftoolkit.odfdom.dom.element.text,TextTableOfContentEntryTemplateElement,181,0,6,0,59,0,18,0,15,0
ODFDOM,org.odftoolkit.odfdom.dom.element.text,TextPageVariableSetElement,98,0,10,0,32,0,14,0,9,0
ODFDOM,org.odftoolkit.odfdom.dom.element.text,TextHElement,2114,0,14,0,650,0,150,0,143,0
ODFDOM,org.odftoolkit.odfdom.dom.element.text,TextAlphabeticalIndexMarkElement,224,0,16,0,72,0,26,0,18,0
ODFDOM,org.odftoolkit.odfdom.dom.element.text,TextCreatorElement,69,0,8,0,22,0,11,0,7,0
ODFDOM,org.odftoolkit.odfdom.dom.element.text,TextSenderPositionElement,69,0,8,0,23,0,11,0,7,0
ODFDOM,org.odftoolkit.odfdom.dom.element.text,TextSenderTitleElement,69,0,8,0,23,0,11,0,7,0
ODFDOM,org.odftoolkit.odfdom.dom.element.text,TextPageCountElement,97,0,10,0,32,0,14,0,9,0
ODFDOM,org.odftoolkit.odfdom.dom.element.text,TextIndexEntryChapterElement,115,0,8,0,39,0,14,0,10,0
ODFDOM,org.odftoolkit.odfdom.dom.element.text,TextListHeaderElement,123,0,4,0,38,0,13,0,11,0
ODFDOM,org.odftoolkit.odfdom.dom.element.text,TextUserIndexElement,228,0,14,0,73,0,25,0,18,0
ODFDOM,org.odftoolkit.odfdom.dom.element.text,TextVariableDeclsElement,45,0,2,0,17,0,6,0,5,0
ODFDOM,org.odftoolkit.odfdom.dom.element.text,TextPageContinuationElement,96,0,10,0,32,0,14,0,9,0
ODFDOM,org.odftoolkit.odfdom.dom.element.text,TextListStyleElement,169,0,8,0,55,0,17,0,13,0
ODFDOM,org.odftoolkit.odfdom.dom.element.text,TextTabElement,57,0,4,0,20,0,9,0,7,0
ODFDOM,org.odftoolkit.odfdom.dom.element.text,TextDatabaseNameElement,140,0,12,0,46,0,18,0,12,0
ODFDOM,org.odftoolkit.odfdom.dom.element.text,TextUserFieldDeclsElement,49,0,2,0,18,0,6,0,5,0
ODFDOM,org.odftoolkit.odfdom.dom.element.text,TextModificationTimeElement,125,0,12,0,41,0,17,0,11,0
ODFDOM,org.odftoolkit.odfdom.dom.element.text,TextAlphabeticalIndexEntryTemplateElement,155,0,6,0,51,0,16,0,13,0
ODFDOM,org.odftoolkit.odfdom.dom.element.text,TextSenderPostalCodeElement,69,0,8,0,23,0,11,0,7,0
ODFDOM,org.odftoolkit.odfdom.dom.element.text,TextUserIndexSourceElement,372,0,22,0,116,0,38,0,27,0
ODFDOM,org.odftoolkit.odfdom.dom.element.text,TextBookmarkElement,82,0,6,0,26,0,11,0,8,0
ODFDOM,org.odftoolkit.odfdom.dom.element.text,TextListLevelStyleNumberElement,256,0,16,0,83,0,28,0,20,0
ODFDOM,org.odftoolkit.odfdom.dom.element.text,TextIndexEntryLinkStartElement,58,0,4,0,21,0,8,0,6,0
ODFDOM,org.odftoolkit.odfdom.dom.element.text,TextDeletionElement,603,0,2,0,184,0,41,0,40,0
ODFDOM,org.odftoolkit.odfdom.dom.element.text,TextBookmarkStartElement,231,0,14,0,73,0,25,0,18,0
ODFDOM,org.odftoolkit.odfdom.dom.element.text,TextListItemElement,180,0,8,0,56,0,19,0,15,0
ODFDOM,org.odftoolkit.odfdom.dom.element.text,TextIndexEntryTextElement,58,0,4,0,21,0,8,0,6,0
ODFDOM,org.odftoolkit.odfdom.dom.element.text,TextSenderStateOrProvinceElement,69,0,8,0,23,0,11,0,7,0
ODFDOM,org.odftoolkit.odfdom.dom.element.text,TextKeywordsElement,69,0,8,0,22,0,11,0,7,0
ODFDOM,org.odftoolkit.odfdom.dom.element.text,TextIndexEntryBibliographyElement,86,0,6,0,30,0,11,0,8,0
ODFDOM,org.odftoolkit.odfdom.dom.element.text,TextNotesConfigurationElement,391,0,26,0,127,0,43,0,30,0
ODFDOM,org.odftoolkit.odfdom.dom.element.text,TextChangeStartElement,54,0,4,0,20,0,8,0,6,0
ODFDOM,org.odftoolkit.odfdom.dom.element.text,TextLinenumberingSeparatorElement,69,0,8,0,23,0,11,0,7,0
ODFDOM,org.odftoolkit.odfdom.dom.element.text,TextTemplateNameElement,68,0,8,0,23,0,11,0,7,0
ODFDOM,org.odftoolkit.odfdom.dom.element.text,TextRubyTextElement,72,0,8,0,24,0,11,0,7,0
ODFDOM,org.odftoolkit.odfdom.dom.element.text,TextRubyElement,84,0,4,0,28,0,10,0,8,0
ODFDOM,org.odftoolkit.odfdom.dom.element.text,TextObjectIndexSourceElement,263,0,16,0,83,0,28,0,20,0
ODFDOM,org.odftoolkit.odfdom.dom.element.text,TextAlphabeticalIndexElement,225,0,14,0,72,0,25,0,18,0
ODFDOM,org.odftoolkit.odfdom.dom.element.text,TextNoteCitationElement,70,0,8,0,24,0,12,0,8,0
ODFDOM,org.odftoolkit.odfdom.dom.element.text,TextVariableInputElement,180,0,16,0,58,0,23,0,15,0
ODFDOM,org.odftoolkit.odfdom.dom.element.text,TextTableIndexElement,225,0,14,0,72,0,25,0,18,0
ODFDOM,org.odftoolkit.odfdom.dom.element.text,TextSenderEmailElement,69,0,8,0,23,0,11,0,7,0
ODFDOM,org.odftoolkit.odfdom.dom.element.text,TextPageNumberElement,183,0,16,0,59,0,23,0,15,0
ODFDOM,org.odftoolkit.odfdom.dom.element.text,TextTableCountElement,97,0,10,0,32,0,14,0,9,0
ODFDOM,org.odftoolkit.odfdom.dom.element.text,TextTitleElement,69,0,8,0,22,0,11,0,7,0
ODFDOM,org.odftoolkit.odfdom.dom.element.text,TextListElement,165,0,10,0,53,0,19,0,14,0
ODFDOM,org.odftoolkit.odfdom.dom.element.text,TextEditingDurationElement,125,0,12,0,41,0,17,0,11,0
ODFDOM,org.odftoolkit.odfdom.dom.element.text,TextVariableDeclElement,82,0,6,0,28,0,11,0,8,0
ODFDOM,org.odftoolkit.odfdom.dom.element.text,TextOutlineStyleElement,74,0,4,0,26,0,9,0,7,0
ODFDOM,org.odftoolkit.odfdom.dom.element.text,TextListLevelStyleElementBase,47,0,2,0,15,0,5,0,4,0
ODFDOM,org.odftoolkit.odfdom.dom.element.text,TextTableIndexEntryTemplateElement,126,0,4,0,42,0,13,0,11,0
ODFDOM,org.odftoolkit.odfdom.dom.element.text,TextSElement,143,0,16,0,43,0,17,0,9,0
ODFDOM,org.odftoolkit.odfdom.dom.element.text,TextOutlineLevelStyleElement,285,0,18,0,92,0,31,0,22,0
ODFDOM,org.odftoolkit.odfdom.dom.element.text,TextSenderLastnameElement,69,0,8,0,23,0,11,0,7,0
ODFDOM,org.odftoolkit.odfdom.dom.element.text,TextUserDefinedElement,267,0,22,0,85,0,32,0,21,0
ODFDOM,org.odftoolkit.odfdom.dom.element.text,TextSenderInitialsElement,69,0,8,0,23,0,11,0,7,0
ODFDOM,org.odftoolkit.odfdom.dom.element.text,TextPlaceholderElement,96,0,10,0,32,0,14,0,9,0
ODFDOM,org.odftoolkit.odfdom.dom.element.text,TextDatabaseNextElement,154,0,10,0,52,0,18,0,13,0
ODFDOM,org.odftoolkit.odfdom.dom.element.text,TextChapterElement,97,0,10,0,31,0,14,0,9,0
ODFDOM,org.odftoolkit.odfdom.dom.element.text,TextIndexEntryPageNumberElement,58,0,4,0,21,0,8,0,6,0
ODFDOM,org.odftoolkit.odfdom.dom.element.text,TextAlphabeticalIndexAutoMarkFileElement,82,0,6,0,29,0,11,0,8,0
ODFDOM,org.odftoolkit.odfdom.dom.element.text,TextChangeEndElement,54,0,4,0,20,0,8,0,6,0
ODFDOM,org.odftoolkit.odfdom.dom.element.text,TextEditingCyclesElement,69,0,8,0,23,0,11,0,7,0
ODFDOM,org.odftoolkit.odfdom.dom.element.text,TextDdeConnectionElement,68,0,8,0,23,0,11,0,7,0
ODFDOM,org.odftoolkit.odfdom.dom.element.text,TextDdeConnectionDeclElement,168,0,12,0,56,0,20,0,14,0
ODFDOM,org.odftoolkit.odfdom.dom.element.text,TextSortKeyElement,84,0,6,0,27,0,11,0,8,0
ODFDOM,org.odftoolkit.odfdom.dom.element.text,TextUserIndexEntryTemplateElement,155,0,6,0,51,0,16,0,13,0
ODFDOM,org.odftoolkit.odfdom.dom.element.text,TextListLevelStyleBulletElement,182,0,12,0,61,0,21,0,15,0
ODFDOM,org.odftoolkit.odfdom.dom.element.text,TextParagraphCountElement,97,0,10,0,32,0,14,0,9,0
ODFDOM,org.odftoolkit.odfdom.dom.element.text,TextInsertionElement,39,0,2,0,15,0,6,0,5,0
ODFDOM,org.odftoolkit.odfdom.dom.element.text,TextVariableSetElement,350,0,28,0,112,0,41,0,27,0
ODFDOM,org.odftoolkit.odfdom.dom.element.text,TextVariableGetElement,124,0,12,0,40,0,17,0,11,0
ODFDOM,org.odftoolkit.odfdom.dom.element.text,TextIndexTitleTemplateElement,72,0,8,0,24,0,11,0,7,0
ODFDOM,org.odftoolkit.odfdom.dom.element.text,TextNumberElement,26,0,2,0,10,0,5,0,4,0
ODFDOM,org.odftoolkit.odfdom.dom.element.text,TextUserIndexMarkElement,111,0,8,0,38,0,14,0,10,0
ODFDOM,org.odftoolkit.odfdom.dom.element.text,TextDatabaseRowNumberElement,226,0,18,0,73,0,27,0,18,0
ODFDOM,org.odftoolkit.odfdom.dom.element.text,TextPElement,1981,0,6,0,609,0,136,0,133,0
ODFDOM,org.odftoolkit.odfdom.dom.element.text,TextObjectCountElement,97,0,10,0,32,0,14,0,9,0
ODFDOM,org.odftoolkit.odfdom.dom.element.text,TextTocMarkStartElement,83,0,6,0,28,0,11,0,8,0
ODFDOM,org.odftoolkit.odfdom.dom.element.text,TextIndexBodyElement,606,0,2,0,186,0,41,0,40,0
ODFDOM,org.odftoolkit.odfdom.dom.element.text,TextExpressionElement,322,0,26,0,104,0,38,0,25,0
ODFDOM,org.odftoolkit.odfdom.dom.element.text,TextObjectIndexElement,225,0,14,0,72,0,25,0,18,0
ODFDOM,org.odftoolkit.odfdom.dom.element.text,TextPrintedByElement,69,0,8,0,23,0,11,0,7,0
ODFDOM,org.odftoolkit.odfdom.dom.element.text,TextSenderFirstnameElement,69,0,8,0,23,0,11,0,7,0
ODFDOM,org.odftoolkit.odfdom.dom.element.text,TextModificationDateElement,125,0,12,0,41,0,17,0,11,0
ODFDOM,org.odftoolkit.odfdom.dom.element.text,TextSenderFaxElement,69,0,8,0,23,0,11,0,7,0
ODFDOM,org.odftoolkit.odfdom.dom.element.text,TextMeasureElement,68,0,8,0,21,0,11,0,7,0
ODFDOM,org.odftoolkit.odfdom.dom.element.text,TextUserFieldGetElement,124,0,12,0,40,0,17,0,11,0
ODFDOM,org.odftoolkit.odfdom.dom.element.text,TextTocMarkEndElement,54,0,4,0,19,0,8,0,6,0
ODFDOM,org.odftoolkit.odfdom.dom.element.text,TextImageCountElement,97,0,10,0,32,0,14,0,9,0
ODFDOM,org.odftoolkit.odfdom.dom.element.text,TextIndexTitleElement,779,0,14,0,239,0,59,0,52,0
ODFDOM,org.odftoolkit.odfdom.dom.element.text,TextUserFieldInputElement,124,0,12,0,40,0,17,0,11,0
ODFDOM,org.odftoolkit.odfdom.dom.element.text,TextInitialCreatorElement,69,0,8,0,23,0,11,0,7,0
ODFDOM,org.odftoolkit.odfdom.dom.element.text,TextNoteElement,108,0,6,0,35,0,13,0,10,0
ODFDOM,org.odftoolkit.odfdom.dom.element.text,TextIllustrationIndexEntryTemplateElement,126,0,4,0,42,0,13,0,11,0
ODFDOM,org.odftoolkit.odfdom.dom.element.text,TextSenderPhoneWorkElement,69,0,8,0,23,0,11,0,7,0
ODFDOM,org.odftoolkit.odfdom.dom.element.text,TextSectionSourceElement,166,0,12,0,56,0,20,0,14,0
ODFDOM,org.odftoolkit.odfdom.dom.element.text,TextDescriptionElement,69,0,8,0,23,0,11,0,7,0
ODFDOM,org.odftoolkit.odfdom.dom.element.text,TextAuthorInitialsElement,69,0,8,0,23,0,11,0,7,0
ODFDOM,org.odftoolkit.odfdom.dom.element.text,TextMetaElement,2164,0,16,0,665,0,154,0,146,0
ODFDOM,org.odftoolkit.odfdom.dom.element.xforms,XformsModelElement,26,0,2,0,10,0,5,0,4,0
ODFDOM,org.odftoolkit.odfdom.dom.attribute.svg,SvgFontStretchAttribute,30,0,0,0,12,0,9,0,9,0
ODFDOM,org.odftoolkit.odfdom.dom.attribute.svg,SvgSlopeAttribute,35,0,0,0,14,0,9,0,9,0
ODFDOM,org.odftoolkit.odfdom.dom.attribute.svg,SvgRAttribute,36,0,4,0,12,0,9,0,7,0
ODFDOM,org.odftoolkit.odfdom.dom.attribute.svg,SvgVAlphabeticAttribute,35,0,0,0,15,0,9,0,9,0
ODFDOM,org.odftoolkit.odfdom.dom.attribute.svg,SvgFillRuleAttribute,30,0,0,0,12,0,9,0,9,0
ODFDOM,org.odftoolkit.odfdom.dom.attribute.svg,SvgFyAttribute,21,0,0,0,8,0,7,0,7,0
ODFDOM,org.odftoolkit.odfdom.dom.attribute.svg,SvgSpreadMethodAttribute.Value,73,0,4,0,12,0,6,0,4,0
ODFDOM,org.odftoolkit.odfdom.dom.attribute.svg,SvgMathematicalAttribute,35,0,0,0,15,0,9,0,9,0
ODFDOM,org.odftoolkit.odfdom.dom.attribute.svg,SvgOffsetAttribute,21,0,0,0,8,0,7,0,7,0
ODFDOM,org.odftoolkit.odfdom.dom.attribute.svg,SvgWidthAttribute,21,0,0,0,8,0,7,0,7,0
ODFDOM,org.odftoolkit.odfdom.dom.attribute.svg,SvgXAttribute,21,0,0,0,8,0,7,0,7,0
ODFDOM,org.odftoolkit.odfdom.dom.attribute.svg,SvgUnderlinePositionAttribute,35,0,0,0,15,0,9,0,9,0
ODFDOM,org.odftoolkit.odfdom.dom.attribute.svg,SvgStrikethroughPositionAttribute,35,0,0,0,15,0,9,0,9,0
ODFDOM,org.odftoolkit.odfdom.dom.attribute.svg,SvgAlphabeticAttribute,35,0,0,0,15,0,9,0,9,0
ODFDOM,org.odftoolkit.odfdom.dom.attribute.svg,SvgUnderlineThicknessAttribute,35,0,0,0,15,0,9,0,9,0
ODFDOM,org.odftoolkit.odfdom.dom.attribute.svg,SvgOverlineThicknessAttribute,35,0,0,0,15,0,9,0,9,0
ODFDOM,org.odftoolkit.odfdom.dom.attribute.svg,SvgUnitsPerEmAttribute,35,0,0,0,15,0,9,0,9,0
ODFDOM,org.odftoolkit.odfdom.dom.attribute.svg,SvgVHangingAttribute,35,0,0,0,15,0,9,0,9,0
ODFDOM,org.odftoolkit.odfdom.dom.attribute.svg,SvgBboxAttribute,21,0,0,0,8,0,7,0,7,0
ODFDOM,org.odftoolkit.odfdom.dom.attribute.svg,SvgCapHeightAttribute,35,0,0,0,15,0,9,0,9,0
ODFDOM,org.odftoolkit.odfdom.dom.attribute.svg,SvgStemhAttribute,35,0,0,0,14,0,9,0,9,0
ODFDOM,org.odftoolkit.odfdom.dom.attribute.svg,SvgHangingAttribute,35,0,0,0,14,0,9,0,9,0
ODFDOM,org.odftoolkit.odfdom.dom.attribute.svg,SvgCyAttribute,36,0,4,0,12,0,9,0,7,0
ODFDOM,org.odftoolkit.odfdom.dom.attribute.svg,SvgDAttribute,21,0,0,0,8,0,7,0,7,0
ODFDOM,org.odftoolkit.odfdom.dom.attribute.svg,SvgStopOpacityAttribute,35,0,0,0,15,0,9,0,9,0
ODFDOM,org.odftoolkit.odfdom.dom.attribute.svg,SvgStringAttribute,21,0,0,0,8,0,7,0,7,0
ODFDOM,org.odftoolkit.odfdom.dom.attribute.svg,SvgStrokeLinecapAttribute.Value,73,0,4,0,12,0,6,0,4,0
ODFDOM,org.odftoolkit.odfdom.dom.attribute.svg,SvgUnicodeRangeAttribute,21,0,0,0,9,0,7,0,7,0
ODFDOM,org.odftoolkit.odfdom.dom.attribute.svg,SvgFontVariantAttribute,30,0,0,0,12,0,9,0,9,0
ODFDOM,org.odftoolkit.odfdom.dom.attribute.svg,SvgRyAttribute,21,0,0,0,8,0,7,0,7,0
ODFDOM,org.odftoolkit.odfdom.dom.attribute.svg,SvgYAttribute,21,0,0,0,8,0,7,0,7,0
ODFDOM,org.odftoolkit.odfdom.dom.attribute.svg,SvgFontWeightAttribute,30,0,0,0,12,0,9,0,9,0
ODFDOM,org.odftoolkit.odfdom.dom.attribute.svg,SvgAscentAttribute,35,0,0,0,14,0,9,0,9,0
ODFDOM,org.odftoolkit.odfdom.dom.attribute.svg,SvgOriginAttribute,21,0,0,0,8,0,7,0,7,0
ODFDOM,org.odftoolkit.odfdom.dom.attribute.svg,SvgFontStretchAttribute.Value,139,0,4,0,18,0,6,0,4,0
ODFDOM,org.odftoolkit.odfdom.dom.attribute.svg,SvgGradientUnitsAttribute,45,0,4,0,16,0,11,0,9,0
ODFDOM,org.odftoolkit.odfdom.dom.attribute.svg,SvgFxAttribute,21,0,0,0,8,0,7,0,7,0
ODFDOM,org.odftoolkit.odfdom.dom.attribute.svg,SvgAccentHeightAttribute,35,0,0,0,15,0,9,0,9,0
ODFDOM,org.odftoolkit.odfdom.dom.attribute.svg,SvgVIdeographicAttribute,35,0,0,0,15,0,9,0,9,0
ODFDOM,org.odftoolkit.odfdom.dom.attribute.svg,SvgStemvAttribute,35,0,0,0,14,0,9,0,9,0
ODFDOM,org.odftoolkit.odfdom.dom.attribute.svg,SvgVMathematicalAttribute,35,0,0,0,15,0,9,0,9,0
ODFDOM,org.odftoolkit.odfdom.dom.attribute.svg,SvgStrokeLinecapAttribute,30,0,0,0,12,0,9,0,9,0
ODFDOM,org.odftoolkit.odfdom.dom.attribute.svg,SvgViewBoxAttribute,35,0,0,0,14,0,9,0,9,0
ODFDOM,org.odftoolkit.odfdom.dom.attribute.svg,SvgGradientUnitsAttribute.Value,51,0,4,0,10,0,6,0,4,0
ODFDOM,org.odftoolkit.odfdom.dom.attribute.svg,SvgStrokeWidthAttribute,21,0,0,0,9,0,7,0,7,0
ODFDOM,org.odftoolkit.odfdom.dom.attribute.svg,SvgCxAttribute,36,0,4,0,12,0,9,0,7,0
ODFDOM,org.odftoolkit.odfdom.dom.attribute.svg,SvgX2Attribute,36,0,4,0,12,0,9,0,7,0
ODFDOM,org.odftoolkit.odfdom.dom.attribute.svg,SvgTypeAttribute,30,0,0,0,11,0,9,0,9,0
ODFDOM,org.odftoolkit.odfdom.dom.attribute.svg,SvgStrokeOpacityAttribute,21,0,0,0,9,0,7,0,7,0
ODFDOM,org.odftoolkit.odfdom.dom.attribute.svg,SvgXHeightAttribute,35,0,0,0,15,0,9,0,9,0
ODFDOM,org.odftoolkit.odfdom.dom.attribute.svg,SvgSpreadMethodAttribute,45,0,4,0,16,0,11,0,9,0
ODFDOM,org.odftoolkit.odfdom.dom.attribute.svg,SvgStrikethroughThicknessAttribute,35,0,0,0,15,0,9,0,9,0
ODFDOM,org.odftoolkit.odfdom.dom.attribute.svg,SvgY1Attribute,36,0,4,0,12,0,9,0,7,0
ODFDOM,org.odftoolkit.odfdom.dom.attribute.svg,SvgOverlinePositionAttribute,35,0,0,0,15,0,9,0,9,0
ODFDOM,org.odftoolkit.odfdom.dom.attribute.svg,SvgFontStyleAttribute,30,0,0,0,12,0,9,0,9,0
ODFDOM,org.odftoolkit.odfdom.dom.attribute.svg,SvgIdeographicAttribute,35,0,0,0,15,0,9,0,9,0
ODFDOM,org.odftoolkit.odfdom.dom.attribute.svg,SvgTypeAttribute.Value,95,0,4,0,14,0,6,0,4,0
ODFDOM,org.odftoolkit.odfdom.dom.attribute.svg,SvgWidthsAttribute,21,0,0,0,8,0,7,0,7,0
ODFDOM,org.odftoolkit.odfdom.dom.attribute.svg,SvgRxAttribute,21,0,0,0,8,0,7,0,7,0
ODFDOM,org.odftoolkit.odfdom.dom.attribute.svg,SvgFontVariantAttribute.Value,62,0,4,0,11,0,6,0,4,0
ODFDOM,org.odftoolkit.odfdom.dom.attribute.svg,SvgFontFamilyAttribute,21,0,0,0,9,0,7,0,7,0
ODFDOM,org.odftoolkit.odfdom.dom.attribute.svg,SvgPanose1Attribute,21,0,0,0,9,0,7,0,7,0
ODFDOM,org.odftoolkit.odfdom.dom.attribute.svg,SvgStrokeColorAttribute,21,0,0,0,9,0,7,0,7,0
ODFDOM,org.odftoolkit.odfdom.dom.attribute.svg,SvgDescentAttribute,35,0,0,0,14,0,9,0,9,0
ODFDOM,org.odftoolkit.odfdom.dom.attribute.svg,SvgGradientTransformAttribute,21,0,0,0,9,0,7,0,7,0
ODFDOM,org.odftoolkit.odfdom.dom.attribute.svg,SvgHeightAttribute,21,0,0,0,8,0,7,0,7,0
ODFDOM,org.odftoolkit.odfdom.dom.attribute.svg,SvgFontSizeAttribute,21,0,0,0,9,0,7,0,7,0
ODFDOM,org.odftoolkit.odfdom.dom.attribute.svg,SvgX1Attribute,36,0,4,0,12,0,9,0,7,0
ODFDOM,org.odftoolkit.odfdom.dom.attribute.svg,SvgFontWeightAttribute.Value,161,0,4,0,20,0,6,0,4,0
ODFDOM,org.odftoolkit.odfdom.dom.attribute.svg,SvgFontStyleAttribute.Value,73,0,4,0,12,0,6,0,4,0
ODFDOM,org.odftoolkit.odfdom.dom.attribute.svg,SvgPathAttribute,21,0,0,0,8,0,7,0,7,0
ODFDOM,org.odftoolkit.odfdom.dom.attribute.svg,SvgStopColorAttribute,21,0,0,0,9,0,7,0,7,0
ODFDOM,org.odftoolkit.odfdom.dom.attribute.svg,SvgNameAttribute,21,0,0,0,8,0,7,0,7,0
ODFDOM,org.odftoolkit.odfdom.dom.attribute.svg,SvgY2Attribute,36,0,4,0,12,0,9,0,7,0
ODFDOM,org.odftoolkit.odfdom.dom.attribute.svg,SvgFillRuleAttribute.Value,62,0,4,0,11,0,6,0,4,0
ODFDOM,org.odftoolkit.odfdom.dom.attribute.grddl,GrddlTransformationAttribute,21,0,0,0,9,0,7,0,7,0
ODFDOM,org.odftoolkit.odfdom.doc.presentation,OdfPresentationNotes,71,0,6,0,20,0,8,0,5,0
ODFDOM,org.odftoolkit.odfdom.doc.presentation,OdfSlide.SlideLayout,98,0,4,0,15,0,7,0,5,0
ODFDOM,org.odftoolkit.odfdom.doc.presentation,OdfSlide,175,0,16,0,46,0,17,0,9,0
ODFDOM,org.odftoolkit.odfdom.incubator.doc.style,OdfDefaultStyle,16,0,2,0,7,0,4,0,3,0
ODFDOM,org.odftoolkit.odfdom.incubator.doc.style,OdfStylePageLayout,8,0,0,0,4,0,3,0,3,0
ODFDOM,org.odftoolkit.odfdom.incubator.doc.style,OdfStyle,476,0,104,0,150,0,60,0,8,0
ODFDOM,org.odftoolkit.odfdom.incubator.doc.draw,OdfDrawFrame,8,0,0,0,3,0,1,0,1,0
ODFDOM,org.odftoolkit.odfdom.incubator.doc.draw,OdfDrawImage,453,0,40,0,119,0,34,0,14,0
ODFDOM,org.odftoolkit.odfdom.dom.attribute.form,FormListLinkageTypeAttribute.Value,62,0,4,0,11,0,6,0,4,0
ODFDOM,org.odftoolkit.odfdom.dom.attribute.form,FormMultipleAttribute,50,0,4,0,19,0,11,0,9,0
ODFDOM,org.odftoolkit.odfdom.dom.attribute.form,FormNavigationModeAttribute.Value,73,0,4,0,12,0,6,0,4,0
ODFDOM,org.odftoolkit.odfdom.dom.attribute.form,FormEchoCharAttribute,36,0,4,0,13,0,9,0,7,0
ODFDOM,org.odftoolkit.odfdom.dom.attribute.form,FormSelectedAttribute,50,0,4,0,19,0,11,0,9,0
ODFDOM,org.odftoolkit.odfdom.dom.attribute.form,FormButtonTypeAttribute.Value,84,0,4,0,13,0,6,0,4,0
ODFDOM,org.odftoolkit.odfdom.dom.attribute.form,FormFocusOnClickAttribute,35,0,0,0,15,0,9,0,9,0
ODFDOM,org.odftoolkit.odfdom.dom.attribute.form,FormMethodAttribute,45,0,4,0,15,0,11,0,9,0
ODFDOM,org.odftoolkit.odfdom.dom.attribute.form,FormForAttribute,21,0,0,0,8,0,7,0,7,0
ODFDOM,org.odftoolkit.odfdom.dom.attribute.form,FormAllowInsertsAttribute,50,0,4,0,19,0,11,0,9,0
ODFDOM,org.odftoolkit.odfdom.dom.attribute.form,FormListSourceTypeAttribute,30,0,0,0,12,0,9,0,9,0
ODFDOM,org.odftoolkit.odfdom.dom.attribute.form,FormPageStepSizeAttribute,35,0,0,0,15,0,9,0,9,0
ODFDOM,org.odftoolkit.odfdom.dom.attribute.form,FormEscapeProcessingAttribute,50,0,4,0,19,0,11,0,9,0
ODFDOM,org.odftoolkit.odfdom.dom.attribute.form,FormImageAlignAttribute.Value,73,0,4,0,12,0,6,0,4,0
ODFDOM,org.odftoolkit.odfdom.dom.attribute.form,FormCommandTypeAttribute.Value,73,0,4,0,12,0,6,0,4,0
ODFDOM,org.odftoolkit.odfdom.dom.attribute.form,FormOrientationAttribute.Value,62,0,4,0,11,0,6,0,4,0
ODFDOM,org.odftoolkit.odfdom.dom.attribute.form,FormSizeAttribute,35,0,0,0,14,0,9,0,9,0
ODFDOM,org.odftoolkit.odfdom.dom.attribute.form,FormNavigationModeAttribute,30,0,0,0,12,0,9,0,9,0
ODFDOM,org.odftoolkit.odfdom.dom.attribute.form,FormLabelAttribute,21,0,0,0,8,0,7,0,7,0
ODFDOM,org.odftoolkit.odfdom.dom.attribute.form,FormListLinkageTypeAttribute,30,0,0,0,12,0,9,0,9,0
ODFDOM,org.odftoolkit.odfdom.dom.attribute.form,FormCurrentSelectedAttribute,50,0,4,0,19,0,11,0,9,0
ODFDOM,org.odftoolkit.odfdom.dom.attribute.form,FormCurrentStateAttribute,30,0,0,0,12,0,9,0,9,0
ODFDOM,org.odftoolkit.odfdom.dom.attribute.form,FormMaxValueAttribute,21,0,0,0,9,0,7,0,7,0
ODFDOM,org.odftoolkit.odfdom.dom.attribute.form,FormStepSizeAttribute,50,0,4,0,19,0,11,0,9,0
ODFDOM,org.odftoolkit.odfdom.dom.attribute.form,FormRepeatAttribute,35,0,0,0,14,0,9,0,9,0
ODFDOM,org.odftoolkit.odfdom.dom.attribute.form,FormDetailFieldsAttribute,21,0,0,0,9,0,7,0,7,0
ODFDOM,org.odftoolkit.odfdom.dom.attribute.form,FormAllowDeletesAttribute,50,0,4,0,19,0,11,0,9,0
ODFDOM,org.odftoolkit.odfdom.dom.attribute.form,FormToggleAttribute,50,0,4,0,18,0,11,0,9,0
ODFDOM,org.odftoolkit.odfdom.dom.attribute.form,FormTabCycleAttribute,30,0,0,0,12,0,9,0,9,0
ODFDOM,org.odftoolkit.odfdom.dom.attribute.form,FormPropertyNameAttribute,21,0,0,0,9,0,7,0,7,0
ODFDOM,org.odftoolkit.odfdom.dom.attribute.form,FormAutoCompleteAttribute,35,0,0,0,15,0,9,0,9,0
ODFDOM,org.odftoolkit.odfdom.dom.attribute.form,FormApplyFilterAttribute,50,0,4,0,19,0,11,0,9,0
ODFDOM,org.odftoolkit.odfdom.dom.attribute.form,FormIgnoreResultAttribute,50,0,4,0,19,0,11,0,9,0
ODFDOM,org.odftoolkit.odfdom.dom.attribute.form,FormTextStyleNameAttribute,21,0,0,0,9,0,7,0,7,0
ODFDOM,org.odftoolkit.odfdom.dom.attribute.form,FormAutomaticFocusAttribute,50,0,4,0,19,0,11,0,9,0
ODFDOM,org.odftoolkit.odfdom.dom.attribute.form,FormReadonlyAttribute,50,0,4,0,19,0,11,0,9,0
ODFDOM,org.odftoolkit.odfdom.dom.attribute.form,FormSpinButtonAttribute,50,0,4,0,19,0,11,0,9,0
ODFDOM,org.odftoolkit.odfdom.dom.attribute.form,FormIdAttribute,21,0,0,0,8,0,7,0,7,0
ODFDOM,org.odftoolkit.odfdom.dom.attribute.form,FormNameAttribute,21,0,0,0,8,0,7,0,7,0
ODFDOM,org.odftoolkit.odfdom.dom.attribute.form,FormImageDataAttribute,21,0,0,0,9,0,7,0,7,0
ODFDOM,org.odftoolkit.odfdom.dom.attribute.form,FormMinValueAttribute,21,0,0,0,9,0,7,0,7,0
ODFDOM,org.odftoolkit.odfdom.dom.attribute.form,FormValidationAttribute,50,0,4,0,19,0,11,0,9,0
ODFDOM,org.odftoolkit.odfdom.dom.attribute.form,FormStateAttribute,45,0,4,0,15,0,11,0,9,0
ODFDOM,org.odftoolkit.odfdom.dom.attribute.form,FormImagePositionAttribute.Value,95,0,4,0,14,0,6,0,4,0
ODFDOM,org.odftoolkit.odfdom.dom.attribute.form,FormPrintableAttribute,50,0,4,0,19,0,11,0,9,0
ODFDOM,org.odftoolkit.odfdom.dom.attribute.form,FormDelayForRepeatAttribute,36,0,4,0,13,0,9,0,7,0
ODFDOM,org.odftoolkit.odfdom.dom.attribute.form,FormConvertEmptyToNullAttribute,50,0,4,0,19,0,11,0,9,0
ODFDOM,org.odftoolkit.odfdom.dom.attribute.form,FormCurrentValueAttribute,21,0,0,0,9,0,7,0,7,0
ODFDOM,org.odftoolkit.odfdom.dom.attribute.form,FormImageAlignAttribute,45,0,4,0,16,0,11,0,9,0
ODFDOM,org.odftoolkit.odfdom.dom.attribute.form,FormDatasourceAttribute,21,0,0,0,9,0,7,0,7,0
ODFDOM,org.odftoolkit.odfdom.dom.attribute.form,FormImagePositionAttribute,45,0,4,0,16,0,11,0,9,0
ODFDOM,org.odftoolkit.odfdom.dom.attribute.form,FormDefaultButtonAttribute,50,0,4,0,19,0,11,0,9,0
ODFDOM,org.odftoolkit.odfdom.dom.attribute.form,FormApplyDesignModeAttribute,50,0,4,0,19,0,11,0,9,0
ODFDOM,org.odftoolkit.odfdom.dom.attribute.form,FormOrderAttribute,21,0,0,0,8,0,7,0,7,0
[...]
ODFDOM,org.odftoolkit.odfdom.doc.table,OdfTableColumn,702,0,110,0,197,0,76,0,21,0
ODFDOM,org.odftoolkit.odfdom.doc.table,DomNodeList,15,0,0,0,5,0,3,0,3,0
ODFDOM,org.odftoolkit.odfdom.doc.table,OdfTableRow,1758,0,232,0,468,0,144,0,28,0
ODFDOM,org.odftoolkit.odfdom.dom.style.props,OdfRubyStyleProperties,13,0,0,0,6,0,1,0,1,0
ODFDOM,org.odftoolkit.odfdom.dom.style.props,OdfTextProperties,505,0,0,0,252,0,1,0,1,0
ODFDOM,org.odftoolkit.odfdom.dom.style.props,OdfTableProperties,109,0,0,0,54,0,1,0,1,0
ODFDOM,org.odftoolkit.odfdom.dom.style.props,OdfTableRowProperties,43,0,0,0,21,0,1,0,1,0
ODFDOM,org.odftoolkit.odfdom.dom.style.props,OdfPageLayoutProperties,301,0,0,0,150,0,1,0,1,0
ODFDOM,org.odftoolkit.odfdom.dom.style.props,OdfStylePropertiesSet,144,0,0,0,15,0,1,0,1,0
ODFDOM,org.odftoolkit.odfdom.dom.style.props,OdfTableCellProperties,205,0,0,0,102,0,1,0,1,0
ODFDOM,org.odftoolkit.odfdom.dom.style.props,OdfHeaderFooterProperties,151,0,0,0,75,0,1,0,1,0
ODFDOM,org.odftoolkit.odfdom.dom.style.props,OdfTableColumnProperties,31,0,0,0,15,0,1,0,1,0
ODFDOM,org.odftoolkit.odfdom.dom.style.props,OdfChartProperties,409,0,0,0,204,0,1,0,1,0
ODFDOM,org.odftoolkit.odfdom.dom.style.props,OdfDrawingPageProperties,205,0,0,0,102,0,1,0,1,0
ODFDOM,org.odftoolkit.odfdom.dom.style.props,OdfSectionProperties,43,0,0,0,21,0,1,0,1,0
ODFDOM,org.odftoolkit.odfdom.dom.style.props,OdfRubyProperties,13,0,0,0,6,0,1,0,1,0
ODFDOM,org.odftoolkit.odfdom.dom.style.props,OdfListLevelProperties,67,0,0,0,33,0,1,0,1,0
ODFDOM,org.odftoolkit.odfdom.dom.style.props,OdfGraphicProperties,1045,0,0,0,522,0,1,0,1,0
ODFDOM,org.odftoolkit.odfdom.dom.style.props,OdfParagraphProperties,319,0,0,0,159,0,1,0,1,0
ODFDOM,org.odftoolkit.odfdom.dom.style.props,OdfStyleProperty,151,0,20,0,39,0,20,0,10,0
ODFDOM,org.odftoolkit.odfdom.pkg,OdfElement.TextContentTraverser,632,0,136,0,141,0,77,0,9,0
ODFDOM,org.odftoolkit.odfdom.pkg,OdfPackageNamespace,69,0,0,0,11,0,4,0,4,0
ODFDOM,org.odftoolkit.odfdom.pkg,OdfPackage,3972,0,442,0,991,0,325,0,102,0
ODFDOM,org.odftoolkit.odfdom.pkg,OdfElement,2705,0,514,0,716,0,345,0,88,0
ODFDOM,org.odftoolkit.odfdom.pkg,OdfPackageConstraint,198,0,0,0,33,0,4,0,4,0
ODFDOM,org.odftoolkit.odfdom.pkg,OdfAlienElement,23,0,0,0,5,0,3,0,3,0
ODFDOM,org.odftoolkit.odfdom.pkg,OdfPackageDocument,318,0,28,0,90,0,38,0,24,0
ODFDOM,org.odftoolkit.odfdom.pkg,OdfNamespace,225,0,30,0,52,0,30,0,15,0
ODFDOM,org.odftoolkit.odfdom.pkg,ZipHelper,288,0,36,0,86,0,26,0,8,0
ODFDOM,org.odftoolkit.odfdom.pkg,OdfPackage.OdfFile,48,0,0,0,8,0,3,0,3,0
ODFDOM,org.odftoolkit.odfdom.pkg,OdfXMLFactory,574,0,60,0,141,0,43,0,13,0
ODFDOM,org.odftoolkit.odfdom.pkg,Resolver,256,0,30,0,72,0,18,0,3,0
ODFDOM,org.odftoolkit.odfdom.pkg,OdfPackageDocument.Resource,23,0,2,0,8,0,3,0,2,0
ODFDOM,org.odftoolkit.odfdom.pkg,OdfContainerElementBase,91,0,12,0,25,0,13,0,7,0
ODFDOM,org.odftoolkit.odfdom.pkg,OdfXMLHelper,294,0,14,0,80,0,19,0,12,0
ODFDOM,org.odftoolkit.odfdom.pkg,DefaultErrorHandler,146,0,6,0,42,0,13,0,10,0
ODFDOM,org.odftoolkit.odfdom.pkg,OdfName,217,0,20,0,58,0,28,0,18,0
ODFDOM,org.odftoolkit.odfdom.pkg,StreamHelper,66,0,4,0,19,0,5,0,3,0
ODFDOM,org.odftoolkit.odfdom.pkg,OdfValidationException,273,0,33,0,57,0,24,0,5,0
ODFDOM,org.odftoolkit.odfdom.pkg,OdfFileDom,682,0,78,0,170,0,69,0,30,0
ODFDOM,org.odftoolkit.odfdom.pkg,OdfFileSaxHandler,249,0,30,0,68,0,25,0,10,0
ODFDOM,org.odftoolkit.odfdom.pkg,OdfElement.TextContentTraverser.Algorithm,1047,0,159,0,242,0,92,0,10,0
ODFDOM,org.odftoolkit.odfdom.pkg,OdfAttribute,14,0,0,0,4,0,2,0,2,0
ODFDOM,org.odftoolkit.odfdom.pkg,OdfPackage.new ByteArrayOutputStream() {...},51,0,6,0,7,0,5,0,2,0
ODFDOM,org.odftoolkit.odfdom.pkg,OdfAlienAttribute,18,0,0,0,6,0,4,0,4,0
ODFDOM,org.odftoolkit.odfdom.pkg,OdfDecryptedException,4,0,0,0,2,0,1,0,1,0
ODFDOM,org.odftoolkit.odfdom.dom.element.chart,ChartGridElement,86,0,6,0,29,0,11,0,8,0
ODFDOM,org.odftoolkit.odfdom.dom.element.chart,ChartStockGainMarkerElement,58,0,4,0,21,0,8,0,6,0
ODFDOM,org.odftoolkit.odfdom.dom.element.chart,ChartFloorElement,86,0,6,0,28,0,11,0,8,0
ODFDOM,org.odftoolkit.odfdom.dom.element.chart,ChartEquationElement,213,0,14,0,66,0,24,0,17,0
ODFDOM,org.odftoolkit.odfdom.dom.element.chart,ChartDataPointElement,128,0,8,0,42,0,15,0,11,0
ODFDOM,org.odftoolkit.odfdom.dom.element.chart,ChartStockRangeLineElement,58,0,4,0,21,0,8,0,6,0
ODFDOM,org.odftoolkit.odfdom.dom.element.chart,ChartLegendElement,240,0,16,0,75,0,27,0,19,0
ODFDOM,org.odftoolkit.odfdom.dom.element.chart,ChartWallElement,86,0,6,0,28,0,11,0,8,0
ODFDOM,org.odftoolkit.odfdom.dom.element.chart,ChartTitleElement,155,0,10,0,48,0,18,0,13,0
ODFDOM,org.odftoolkit.odfdom.dom.element.chart,ChartAxisElement,153,0,8,0,50,0,17,0,13,0
ODFDOM,org.odftoolkit.odfdom.dom.element.chart,ChartRegressionCurveElement,71,0,4,0,25,0,9,0,7,0
ODFDOM,org.odftoolkit.odfdom.dom.element.chart,ChartChartElement,366,0,20,0,116,0,38,0,28,0
ODFDOM,org.odftoolkit.odfdom.dom.element.chart,ChartLabelSeparatorElement,39,0,2,0,14,0,6,0,5,0
ODFDOM,org.odftoolkit.odfdom.dom.element.chart,ChartCategoriesElement,54,0,4,0,20,0,8,0,6,0
ODFDOM,org.odftoolkit.odfdom.dom.element.chart,ChartDomainElement,54,0,4,0,19,0,8,0,6,0
ODFDOM,org.odftoolkit.odfdom.dom.element.chart,ChartDataLabelElement,123,0,8,0,39,0,15,0,11,0
ODFDOM,org.odftoolkit.odfdom.dom.element.chart,ChartSymbolImageElement,54,0,4,0,20,0,8,0,6,0
ODFDOM,org.odftoolkit.odfdom.dom.element.chart,ChartSubtitleElement,155,0,10,0,49,0,18,0,13,0
ODFDOM,org.odftoolkit.odfdom.dom.element.chart,ChartFooterElement,155,0,10,0,48,0,18,0,13,0
ODFDOM,org.odftoolkit.odfdom.dom.element.chart,ChartSeriesElement,279,0,14,0,89,0,29,0,22,0
ODFDOM,org.odftoolkit.odfdom.dom.element.chart,ChartErrorIndicatorElement,86,0,6,0,30,0,11,0,8,0
ODFDOM,org.odftoolkit.odfdom.dom.element.chart,ChartMeanValueElement,58,0,4,0,21,0,8,0,6,0
ODFDOM,org.odftoolkit.odfdom.dom.element.chart,ChartStockLossMarkerElement,58,0,4,0,21,0,8,0,6,0
ODFDOM,org.odftoolkit.odfdom.dom.element.chart,ChartPlotAreaElement,672,0,40,0,210,0,70,0,50,0
ODFDOM,org.odftoolkit.odfdom.dom.attribute.anim,AnimNameAttribute,21,0,0,0,8,0,7,0,7,0
ODFDOM,org.odftoolkit.odfdom.dom.attribute.anim,AnimColorInterpolationDirectionAttribute,45,0,4,0,16,0,11,0,9,0
ODFDOM,org.odftoolkit.odfdom.dom.attribute.anim,AnimAudioLevelAttribute,35,0,0,0,15,0,9,0,9,0
ODFDOM,org.odftoolkit.odfdom.dom.attribute.anim,AnimSubItemAttribute,21,0,0,0,9,0,7,0,7,0
ODFDOM,org.odftoolkit.odfdom.dom.attribute.anim,AnimFormulaAttribute,21,0,0,0,9,0,7,0,7,0
ODFDOM,org.odftoolkit.odfdom.dom.attribute.anim,AnimIterateIntervalAttribute,21,0,0,0,9,0,7,0,7,0
ODFDOM,org.odftoolkit.odfdom.dom.attribute.anim,AnimIdAttribute,21,0,0,0,8,0,7,0,7,0
ODFDOM,org.odftoolkit.odfdom.dom.attribute.anim,AnimColorInterpolationAttribute.Value,62,0,4,0,11,0,6,0,4,0
ODFDOM,org.odftoolkit.odfdom.dom.attribute.anim,AnimColorInterpolationDirectionAttribute.Value,62,0,4,0,11,0,6,0,4,0
ODFDOM,org.odftoolkit.odfdom.dom.attribute.anim,AnimColorInterpolationAttribute,45,0,4,0,16,0,11,0,9,0
ODFDOM,org.odftoolkit.odfdom.dom.attribute.anim,AnimIterateTypeAttribute,21,0,0,0,9,0,7,0,7,0
ODFDOM,org.odftoolkit.odfdom.dom.attribute.anim,AnimValueAttribute,21,0,0,0,8,0,7,0,7,0
ODFDOM,org.odftoolkit.odfdom.dom.attribute.anim,AnimCommandAttribute,21,0,0,0,9,0,7,0,7,0
ODFDOM,org.odftoolkit.odfdom.dom.element.number,NumberQuarterElement,82,0,6,0,29,0,11,0,8,0
ODFDOM,org.odftoolkit.odfdom.dom.element.number,NumberDateStyleElement,612,0,30,0,196,0,61,0,46,0
ODFDOM,org.odftoolkit.odfdom.dom.element.number,NumberNumberStyleElement,450,0,26,0,146,0,47,0,34,0
ODFDOM,org.odftoolkit.odfdom.dom.element.number,DataStyleElement.NumberFormatType,64,0,0,0,7,0,1,0,1,0
ODFDOM,org.odftoolkit.odfdom.dom.element.number,NumberCurrencyStyleElement,467,0,28,0,151,0,49,0,35,0
ODFDOM,org.odftoolkit.odfdom.dom.element.number,DataStyleElement.TokenType,44,0,0,0,5,0,1,0,1,0
ODFDOM,org.odftoolkit.odfdom.dom.element.number,NumberAmPmElement,26,0,2,0,10,0,5,0,4,0
ODFDOM,org.odftoolkit.odfdom.dom.element.number,NumberMinutesElement,54,0,4,0,20,0,8,0,6,0
ODFDOM,org.odftoolkit.odfdom.dom.element.number,NumberSecondsElement,84,0,6,0,29,0,11,0,8,0
ODFDOM,org.odftoolkit.odfdom.dom.element.number,DataStyleElement.StringToken,9,0,0,0,4,0,1,0,1,0
ODFDOM,org.odftoolkit.odfdom.dom.element.number,NumberDayElement,82,0,6,0,28,0,11,0,8,0
ODFDOM,org.odftoolkit.odfdom.dom.element.number,NumberTimeStyleElement,521,0,30,0,168,0,54,0,39,0
ODFDOM,org.odftoolkit.odfdom.dom.element.number,NumberBooleanStyleElement,435,0,26,0,143,0,48,0,35,0
ODFDOM,org.odftoolkit.odfdom.dom.element.number,NumberNumberElement,189,0,12,0,60,0,21,0,15,0
ODFDOM,org.odftoolkit.odfdom.dom.element.number,NumberScientificNumberElement,143,0,10,0,47,0,17,0,12,0
ODFDOM,org.odftoolkit.odfdom.dom.element.number,NumberHoursElement,54,0,4,0,19,0,8,0,6,0
ODFDOM,org.odftoolkit.odfdom.dom.element.number,NumberCurrencySymbolElement,152,0,14,0,50,0,20,0,13,0
ODFDOM,org.odftoolkit.odfdom.dom.element.number,NumberEmbeddedTextElement,69,0,8,0,23,0,11,0,7,0
ODFDOM,org.odftoolkit.odfdom.dom.element.number,NumberWeekOfYearElement,54,0,4,0,20,0,8,0,6,0
ODFDOM,org.odftoolkit.odfdom.dom.element.number,NumberFractionElement,172,0,12,0,56,0,20,0,14,0
ODFDOM,org.odftoolkit.odfdom.dom.element.number,NumberBooleanElement,26,0,2,0,11,0,5,0,4,0
ODFDOM,org.odftoolkit.odfdom.dom.element.number,DataStyleElement,985,0,191,0,237,0,109,0,12,0
ODFDOM,org.odftoolkit.odfdom.dom.element.number,NumberDayOfWeekElement,82,0,6,0,29,0,11,0,8,0
ODFDOM,org.odftoolkit.odfdom.dom.element.number,NumberMonthElement,141,0,10,0,46,0,17,0,12,0
ODFDOM,org.odftoolkit.odfdom.dom.element.number,NumberTextContentElement,26,0,2,0,11,0,5,0,4,0
ODFDOM,org.odftoolkit.odfdom.dom.element.number,NumberPercentageStyleElement,424,0,26,0,138,0,45,0,32,0
ODFDOM,org.odftoolkit.odfdom.dom.element.number,NumberTextStyleElement,535,0,48,0,172,0,59,0,35,0
ODFDOM,org.odftoolkit.odfdom.dom.element.number,NumberEraElement,82,0,6,0,28,0,11,0,8,0
ODFDOM,org.odftoolkit.odfdom.dom.element.number,NumberTextElement,40,0,6,0,13,0,8,0,5,0
ODFDOM,org.odftoolkit.odfdom.dom.element.number,NumberYearElement,82,0,6,0,28,0,11,0,8,0
ODFDOM,org.odftoolkit.odfdom.dom.attribute.smil,SmilDirectionAttribute,45,0,4,0,16,0,11,0,9,0
ODFDOM,org.odftoolkit.odfdom.dom.attribute.smil,SmilRestartAttribute.Value,84,0,4,0,13,0,6,0,4,0
ODFDOM,org.odftoolkit.odfdom.dom.attribute.smil,SmilFadeColorAttribute,36,0,4,0,13,0,9,0,7,0
ODFDOM,org.odftoolkit.odfdom.dom.attribute.smil,SmilKeySplinesAttribute,21,0,0,0,9,0,7,0,7,0
ODFDOM,org.odftoolkit.odfdom.dom.attribute.smil,SmilRestartDefaultAttribute.Value,84,0,4,0,13,0,6,0,4,0
ODFDOM,org.odftoolkit.odfdom.dom.attribute.smil,SmilSubtypeAttribute,21,0,0,0,9,0,7,0,7,0
ODFDOM,org.odftoolkit.odfdom.dom.attribute.smil,SmilAccelerateAttribute,36,0,4,0,13,0,9,0,7,0
ODFDOM,org.odftoolkit.odfdom.dom.attribute.smil,SmilCalcModeAttribute.Value,84,0,4,0,13,0,6,0,4,0
ODFDOM,org.odftoolkit.odfdom.dom.attribute.smil,SmilFillAttribute,30,0,0,0,11,0,9,0,9,0
ODFDOM,org.odftoolkit.odfdom.dom.attribute.smil,SmilEndsyncAttribute,30,0,0,0,12,0,9,0,9,0
ODFDOM,org.odftoolkit.odfdom.dom.attribute.smil,SmilFillAttribute.Value,106,0,4,0,15,0,6,0,4,0
ODFDOM,org.odftoolkit.odfdom.dom.attribute.smil,SmilDirectionAttribute.Value,62,0,4,0,11,0,6,0,4,0
ODFDOM,org.odftoolkit.odfdom.dom.attribute.smil,SmilDurAttribute,21,0,0,0,8,0,7,0,7,0
ODFDOM,org.odftoolkit.odfdom.dom.attribute.smil,SmilBeginAttribute,21,0,0,0,8,0,7,0,7,0
ODFDOM,org.odftoolkit.odfdom.dom.attribute.smil,SmilFromAttribute,21,0,0,0,8,0,7,0,7,0
ODFDOM,org.odftoolkit.odfdom.dom.attribute.smil,SmilModeAttribute.Value,62,0,4,0,11,0,6,0,4,0
ODFDOM,org.odftoolkit.odfdom.dom.attribute.smil,SmilToAttribute,21,0,0,0,8,0,7,0,7,0
ODFDOM,org.odftoolkit.odfdom.dom.attribute.smil,SmilValuesAttribute,21,0,0,0,8,0,7,0,7,0
ODFDOM,org.odftoolkit.odfdom.dom.attribute.smil,SmilByAttribute,21,0,0,0,8,0,7,0,7,0
ODFDOM,org.odftoolkit.odfdom.dom.attribute.smil,SmilRepeatDurAttribute,21,0,0,0,9,0,7,0,7,0
ODFDOM,org.odftoolkit.odfdom.dom.attribute.smil,SmilRepeatCountAttribute.Value,51,0,4,0,10,0,6,0,4,0
ODFDOM,org.odftoolkit.odfdom.dom.attribute.smil,SmilRepeatCountAttribute,30,0,0,0,12,0,9,0,9,0
ODFDOM,org.odftoolkit.odfdom.dom.attribute.smil,SmilAccumulateAttribute.Value,62,0,4,0,11,0,6,0,4,0
ODFDOM,org.odftoolkit.odfdom.dom.attribute.smil,SmilTargetElementAttribute,21,0,0,0,9,0,7,0,7,0
ODFDOM,org.odftoolkit.odfdom.dom.attribute.smil,SmilAccumulateAttribute,30,0,0,0,12,0,9,0,9,0
ODFDOM,org.odftoolkit.odfdom.dom.attribute.smil,SmilFillDefaultAttribute,30,0,0,0,12,0,9,0,9,0
ODFDOM,org.odftoolkit.odfdom.dom.attribute.smil,SmilEndsyncAttribute.Value,84,0,4,0,13,0,6,0,4,0
ODFDOM,org.odftoolkit.odfdom.dom.attribute.smil,SmilRestartDefaultAttribute,45,0,4,0,16,0,11,0,9,0
ODFDOM,org.odftoolkit.odfdom.dom.attribute.smil,SmilTypeAttribute,21,0,0,0,8,0,7,0,7,0
ODFDOM,org.odftoolkit.odfdom.dom.attribute.smil,SmilFillDefaultAttribute.Value,106,0,4,0,15,0,6,0,4,0
ODFDOM,org.odftoolkit.odfdom.dom.attribute.smil,SmilRestartAttribute,45,0,4,0,16,0,11,0,9,0
ODFDOM,org.odftoolkit.odfdom.dom.attribute.smil,SmilAdditiveAttribute.Value,62,0,4,0,11,0,6,0,4,0
ODFDOM,org.odftoolkit.odfdom.dom.attribute.smil,SmilAdditiveAttribute,30,0,0,0,12,0,9,0,9,0
ODFDOM,org.odftoolkit.odfdom.dom.attribute.smil,SmilAutoReverseAttribute,50,0,4,0,19,0,11,0,9,0
ODFDOM,org.odftoolkit.odfdom.dom.attribute.smil,SmilModeAttribute,45,0,4,0,15,0,11,0,9,0
ODFDOM,org.odftoolkit.odfdom.dom.attribute.smil,SmilCalcModeAttribute,64,0,10,0,23,0,14,0,9,0
ODFDOM,org.odftoolkit.odfdom.dom.attribute.smil,SmilEndAttribute,21,0,0,0,8,0,7,0,7,0
ODFDOM,org.odftoolkit.odfdom.dom.attribute.smil,SmilDecelerateAttribute,36,0,4,0,13,0,9,0,7,0
ODFDOM,org.odftoolkit.odfdom.dom.attribute.smil,SmilKeyTimesAttribute,21,0,0,0,9,0,7,0,7,0
ODFDOM,org.odftoolkit.odfdom.dom.attribute.smil,SmilAttributeNameAttribute,21,0,0,0,9,0,7,0,7,0
ODFDOM,org.odftoolkit.odfdom.dom.attribute.meta,MetaImageCountAttribute,35,0,0,0,15,0,9,0,9,0
ODFDOM,org.odftoolkit.odfdom.dom.attribute.meta,MetaCharacterCountAttribute,35,0,0,0,15,0,9,0,9,0
ODFDOM,org.odftoolkit.odfdom.dom.attribute.meta,MetaDrawCountAttribute,35,0,0,0,15,0,9,0,9,0
ODFDOM,org.odftoolkit.odfdom.dom.attribute.meta,MetaRowCountAttribute,35,0,0,0,15,0,9,0,9,0
ODFDOM,org.odftoolkit.odfdom.dom.attribute.meta,MetaWordCountAttribute,35,0,0,0,15,0,9,0,9,0
ODFDOM,org.odftoolkit.odfdom.dom.attribute.meta,MetaPageCountAttribute,35,0,0,0,15,0,9,0,9,0
ODFDOM,org.odftoolkit.odfdom.dom.attribute.meta,MetaSentenceCountAttribute,35,0,0,0,15,0,9,0,9,0
ODFDOM,org.odftoolkit.odfdom.dom.attribute.meta,MetaTableCountAttribute,35,0,0,0,15,0,9,0,9,0
ODFDOM,org.odftoolkit.odfdom.dom.attribute.meta,MetaDelayAttribute,21,0,0,0,8,0,7,0,7,0
ODFDOM,org.odftoolkit.odfdom.dom.attribute.meta,MetaNameAttribute,21,0,0,0,8,0,7,0,7,0
ODFDOM,org.odftoolkit.odfdom.dom.attribute.meta,MetaSyllableCountAttribute,35,0,0,0,15,0,9,0,9,0
ODFDOM,org.odftoolkit.odfdom.dom.attribute.meta,MetaNonWhitespaceCharacterCountAttribute,35,0,0,0,15,0,9,0,9,0
ODFDOM,org.odftoolkit.odfdom.dom.attribute.meta,MetaValueTypeAttribute.Value,95,0,4,0,14,0,6,0,4,0
ODFDOM,org.odftoolkit.odfdom.dom.attribute.meta,MetaCellCountAttribute,35,0,0,0,15,0,9,0,9,0
ODFDOM,org.odftoolkit.odfdom.dom.attribute.meta,MetaOleObjectCountAttribute,35,0,0,0,15,0,9,0,9,0
ODFDOM,org.odftoolkit.odfdom.dom.attribute.meta,MetaValueTypeAttribute,30,0,0,0,12,0,9,0,9,0
ODFDOM,org.odftoolkit.odfdom.dom.attribute.meta,MetaParagraphCountAttribute,35,0,0,0,15,0,9,0,9,0
ODFDOM,org.odftoolkit.odfdom.dom.attribute.meta,MetaDateAttribute,21,0,0,0,8,0,7,0,7,0
ODFDOM,org.odftoolkit.odfdom.dom.attribute.meta,MetaObjectCountAttribute,35,0,0,0,15,0,9,0,9,0
ODFDOM,org.odftoolkit.odfdom.dom.attribute.meta,MetaFrameCountAttribute,35,0,0,0,15,0,9,0,9,0
ODFDOM,org.odftoolkit.odfdom.dom.element.anim,AnimIterateElement,895,0,52,0,279,0,91,0,65,0
ODFDOM,org.odftoolkit.odfdom.dom.element.anim,AnimAnimateTransformElement,672,0,48,0,211,0,74,0,50,0
ODFDOM,org.odftoolkit.odfdom.dom.element.anim,AnimAnimateColorElement,784,0,56,0,248,0,86,0,58,0
ODFDOM,org.odftoolkit.odfdom.dom.element.anim,AnimCommandElement,409,0,28,0,130,0,45,0,31,0
ODFDOM,org.odftoolkit.odfdom.dom.element.anim,AnimTransitionFilterElement,784,0,56,0,246,0,86,0,58,0
ODFDOM,org.odftoolkit.odfdom.dom.element.anim,AnimAnimateMotionElement,784,0,56,0,247,0,86,0,58,0
ODFDOM,org.odftoolkit.odfdom.dom.element.anim,AnimParElement,783,0,44,0,243,0,79,0,57,0
ODFDOM,org.odftoolkit.odfdom.dom.element.anim,AnimSetElement,532,0,38,0,168,0,59,0,40,0
ODFDOM,org.odftoolkit.odfdom.dom.element.anim,AnimParamElement,82,0,6,0,27,0,11,0,8,0
ODFDOM,org.odftoolkit.odfdom.dom.element.anim,AnimSeqElement,783,0,44,0,243,0,79,0,57,0
ODFDOM,org.odftoolkit.odfdom.dom.element.anim,AnimAnimateElement,728,0,52,0,229,0,80,0,54,0
ODFDOM,org.odftoolkit.odfdom.dom.element.anim,AnimAudioElement,559,0,40,0,176,0,62,0,42,0
ODFDOM,org.odftoolkit.odfdom.changes,Component,2330,0,636,0,609,0,377,0,59,0
ODFDOM,org.odftoolkit.odfdom.changes,JsonOperationConsumer,14528,0,2610,0,3806,0,1416,0,111,0
ODFDOM,org.odftoolkit.odfdom.changes,TextContainingElement.SelectionComparator,12,0,0,0,3,0,2,0,2,0
ODFDOM,org.odftoolkit.odfdom.changes,FieldMap,1237,0,84,0,126,0,88,0,46,0
ODFDOM,org.odftoolkit.odfdom.changes,TextFieldSelection,852,0,180,0,173,0,96,0,6,0
ODFDOM,org.odftoolkit.odfdom.changes,ColumnDefaultCellProps,15,0,0,0,5,0,1,0,1,0
ODFDOM,org.odftoolkit.odfdom.changes,Cell,496,0,118,0,137,0,68,0,9,0
ODFDOM,org.odftoolkit.odfdom.changes,ShapeType,34,0,0,0,4,0,1,0,1,0
ODFDOM,org.odftoolkit.odfdom.changes,CachedInnerTableOperation,34,0,0,0,6,0,2,0,2,0
ODFDOM,org.odftoolkit.odfdom.changes,MapHelper.new Object() {...},9,0,0,0,4,0,1,0,1,0
ODFDOM,org.odftoolkit.odfdom.changes,PageArea,105,0,0,0,14,0,4,0,4,0
ODFDOM,org.odftoolkit.odfdom.changes,JsonOperationNormalizer,660,0,114,0,166,0,71,0,11,0
ODFDOM,org.odftoolkit.odfdom.changes,OperationConstants,13,0,0,0,4,0,1,0,1,0
ODFDOM,org.odftoolkit.odfdom.changes,TextSpanSelection,43,0,0,0,14,0,4,0,4,0
ODFDOM,org.odftoolkit.odfdom.changes,ChangesFileSaxHandler.WhitespaceStatus,43,0,2,0,14,0,8,0,7,0
ODFDOM,org.odftoolkit.odfdom.changes,Annotation,23,0,2,0,7,0,3,0,2,0
ODFDOM,org.odftoolkit.odfdom.changes,TextContainer,132,0,20,0,35,0,20,0,10,0
ODFDOM,org.odftoolkit.odfdom.changes,MapHelper,7352,0,964,0,1395,0,547,0,34,0
ODFDOM,org.odftoolkit.odfdom.changes,JsonOperationProducer,3866,0,484,0,967,0,291,0,49,0
ODFDOM,org.odftoolkit.odfdom.changes,TextHyperlinkSelection,79,0,6,0,26,0,8,0,5,0
ODFDOM,org.odftoolkit.odfdom.changes,ShapeProperties,554,0,64,0,131,0,46,0,13,0
ODFDOM,org.odftoolkit.odfdom.changes,Table,339,0,58,0,97,0,43,0,14,0
ODFDOM,org.odftoolkit.odfdom.changes,CommentComponent,42,0,0,0,16,0,9,0,9,0
ODFDOM,org.odftoolkit.odfdom.changes,ChangesFileSaxHandler.ContinuedList,43,0,8,0,12,0,8,0,4,0
ODFDOM,org.odftoolkit.odfdom.changes,ChangesFileSaxHandler,6330,0,1018,0,1420,0,541,0,32,0
ODFDOM,org.odftoolkit.odfdom.changes,Table.new AbstractList() {...},35,0,2,0,9,0,4,0,3,0
ODFDOM,org.odftoolkit.odfdom.changes,CachedTable,150,0,0,0,46,0,7,0,7,0
ODFDOM,org.odftoolkit.odfdom.changes,TextContainingElement,275,0,36,0,74,0,23,0,5,0
ODFDOM,org.odftoolkit.odfdom.changes,CollabTextDocument,448,0,56,0,129,0,56,0,28,0
ODFDOM,org.odftoolkit.odfdom.changes,CachedOperation,35,0,0,0,8,0,2,0,2,0
ODFDOM,org.odftoolkit.odfdom.changes,ParagraphListProperties,83,0,8,0,30,0,18,0,14,0
ODFDOM,org.odftoolkit.odfdom.changes,TextSelection,166,0,30,0,55,0,27,0,12,0
ODFDOM,org.odftoolkit.odfdom.changes,JsonOperationNormalizer.OperationSorter,67,0,10,0,16,0,8,0,3,0
ODFDOM,org.odftoolkit.odfdom.changes,CachedComponent,3,0,0,0,1,0,1,0,1,0
ODFDOM,org.odftoolkit.odfdom.changes,Row,34,0,0,0,9,0,6,0,6,0
ODFDOM,org.odftoolkit.odfdom.dom.attribute.script,ScriptMacroNameAttribute,21,0,0,0,9,0,7,0,7,0
ODFDOM,org.odftoolkit.odfdom.dom.attribute.script,ScriptEventNameAttribute,21,0,0,0,9,0,7,0,7,0
ODFDOM,org.odftoolkit.odfdom.dom.attribute.script,ScriptLanguageAttribute,21,0,0,0,9,0,7,0,7,0
