GROUP,PACKAGE,CLASS,INSTRUCTION_MISSED,INSTRUCTION_COVERED,BRANCH_MISSED,BRANCH_COVERED,LINE_MISSED,LINE_COVERED,COMPLEXITY_MISSED,COMPLEXITY_COVERED,METHOD_MISSED,METHOD_COVERED
ODFDOM,org.odftoolkit.odfdom.dom.element.dr3d,Dr3dRotateElement,336,0,24,0,106,0,38,0,26,0
ODFDOM,org.odftoolkit.odfdom.dom.element.dr3d,Dr3dCubeElement,335,0,24,0,107,0,38,0,26,0
ODFDOM,org.odftoolkit.odfdom.dom.element.dr3d,Dr3dSceneElement,1010,5,62,0,315,1,103,1,72,1
ODFDOM,org.odftoolkit.odfdom.dom.element.dr3d,Dr3dSphereElement,335,0,24,0,106,0,38,0,26,0
ODFDOM,org.odftoolkit.odfdom.dom.element.dr3d,Dr3dExtrudeElement,336,0,24,0,106,0,38,0,26,0
ODFDOM,org.odftoolkit.odfdom.dom.element.dr3d,Dr3dLightElement,140,0,10,0,46,0,17,0,12,0
ODFDOM,org.odftoolkit.odfdom.dom.element.config,ConfigConfigItemMapNamedElement,67,0,4,0,24,0,9,0,7,0
ODFDOM,org.odftoolkit.odfdom.dom.element.config,ConfigConfigItemMapEntryElement,100,21,3,1,32,9,9,3,7,3
ODFDOM,org.odftoolkit.odfdom.dom.element.config,ConfigConfigItemElement,75,21,9,1,23,9,11,3,6,3
ODFDOM,org.odftoolkit.odfdom.dom.element.config,ConfigConfigItemSetElement,100,21,3,1,32,9,9,3,7,3
ODFDOM,org.odftoolkit.odfdom.dom.element.config,ConfigConfigItemMapIndexedElement,46,21,3,1,15,9,6,3,4,3
ODFDOM,org.odftoolkit.odfdom.dom.element.office,OfficeAnnotationElement,379,49,23,3,116,18,40,6,28,5
ODFDOM,org.odftoolkit.odfdom.dom.element.office,OfficeDocumentSettingsElement,85,10,6,0,29,4,10,2,7,2
ODFDOM,org.odftoolkit.odfdom.dom.element.office,OfficeMetaElement,63,222,1,1,20,68,6,18,5,18
ODFDOM,org.odftoolkit.odfdom.dom.element.office,OfficeDdeSourceElement,196,0,14,0,65,0,23,0,16,0
ODFDOM,org.odftoolkit.odfdom.dom.element.office,OfficeFontFaceDeclsElement,21,21,1,1,7,9,3,3,2,3
ODFDOM,org.odftoolkit.odfdom.dom.element.office,OfficeBinaryDataElement,26,0,2,0,11,0,5,0,4,0
ODFDOM,org.odftoolkit.odfdom.dom.element.office,OfficeMasterStylesElement,53,20,1,1,17,9,5,3,4,3
ODFDOM,org.odftoolkit.odfdom.dom.element.office,OfficeDocumentContentElement,112,22,5,1,37,8,12,3,9,3
ODFDOM,org.odftoolkit.odfdom.dom.element.office,OfficeChangeInfoElement,55,10,2,0,17,4,6,2,5,2
ODFDOM,org.odftoolkit.odfdom.dom.element.office,OfficeImageElement,34,5,2,0,13,1,5,1,4,1
ODFDOM,org.odftoolkit.odfdom.dom.element.office,OfficeSettingsElement,21,21,1,1,7,9,3,3,2,3
ODFDOM,org.odftoolkit.odfdom.dom.element.office,OfficeSpreadsheetElement,299,23,8,0,95,8,26,3,22,3
ODFDOM,org.odftoolkit.odfdom.dom.element.office,OfficeDocumentStylesElement,72,10,6,0,25,4,9,2,6,2
ODFDOM,org.odftoolkit.odfdom.dom.element.office,OfficeScriptsElement,34,21,1,1,11,9,4,3,3,3
ODFDOM,org.odftoolkit.odfdom.dom.element.office,OfficeDocumentMetaElement,85,10,6,0,29,4,10,2,7,2
ODFDOM,org.odftoolkit.odfdom.dom.element.office,OfficeScriptElement,54,0,4,0,19,0,8,0,6,0
ODFDOM,org.odftoolkit.odfdom.dom.element.office,OfficeDatabaseElement,99,5,2,0,32,2,10,1,9,1
ODFDOM,org.odftoolkit.odfdom.dom.element.office,OfficeFormsElement,87,25,6,0,28,8,9,4,6,4
ODFDOM,org.odftoolkit.odfdom.dom.element.office,OfficeBodyElement,96,21,1,1,30,8,9,3,8,3
ODFDOM,org.odftoolkit.odfdom.dom.element.office,OfficeDocumentElement,214,0,8,0,70,0,22,0,18,0
ODFDOM,org.odftoolkit.odfdom.dom.element.office,OfficeStylesElement,382,71,1,1,120,24,24,6,23,6
ODFDOM,org.odftoolkit.odfdom.dom.element.office,OfficeEventListenersElement,54,10,2,0,19,4,5,2,4,2
ODFDOM,org.odftoolkit.odfdom.dom.element.office,OfficeDrawingElement,216,10,2,0,69,4,17,2,16,2
ODFDOM,org.odftoolkit.odfdom.dom.element.office,OfficePresentationElement,264,26,2,0,84,9,20,3,19,3
ODFDOM,org.odftoolkit.odfdom.dom.element.office,OfficeTextElement,826,47,5,1,252,15,57,5,54,5
ODFDOM,org.odftoolkit.odfdom.dom.element.office,OfficeChartElement,216,10,2,0,69,3,17,2,16,2
ODFDOM,org.odftoolkit.odfdom.dom.element.office,OfficeAutomaticStylesElement,173,20,1,1,54,9,13,3,12,3
ODFDOM,org.odftoolkit.odfdom.dom.element.office,OfficeAnnotationEndElement,7,47,2,2,3,17,3,5,1,5
ODFDOM,org.odftoolkit.odfdom.dom.attribute.style,StyleScaleToPagesAttribute,35,0,0,0,15,0,9,0,9,0
ODFDOM,org.odftoolkit.odfdom.dom.attribute.style,StyleLayoutGridBaseWidthAttribute,11,10,0,0,5,4,5,2,5,2
ODFDOM,org.odftoolkit.odfdom.dom.attribute.style,StyleFontSizeComplexAttribute,8,13,0,0,4,5,4,3,4,3
ODFDOM,org.odftoolkit.odfdom.dom.attribute.style,StyleLayoutGridModeAttribute,20,10,0,0,8,4,7,2,7,2
ODFDOM,org.odftoolkit.odfdom.dom.attribute.style,StylePositionAttribute,35,10,4,0,12,4,9,2,7,2
ODFDOM,org.odftoolkit.odfdom.dom.attribute.style,StyleRfcLanguageTagComplexAttribute,21,0,0,0,9,0,7,0,7,0
ODFDOM,org.odftoolkit.odfdom.dom.attribute.style,StyleRotationAlignAttribute,30,0,0,0,12,0,9,0,9,0
ODFDOM,org.odftoolkit.odfdom.dom.attribute.style,StyleVerticalAlignAttribute.Value,106,0,4,0,15,0,6,0,4,0
ODFDOM,org.odftoolkit.odfdom.dom.attribute.style,StyleFontPitchComplexAttribute,17,13,0,0,7,5,6,3,6,3
ODFDOM,org.odftoolkit.odfdom.dom.attribute.style,StyleTextAutospaceAttribute.Value,62,0,4,0,11,0,6,0,4,0
ODFDOM,org.odftoolkit.odfdom.dom.attribute.style,StyleLeaderStyleAttribute,20,10,0,0,8,4,7,2,7,2
ODFDOM,org.odftoolkit.odfdom.dom.attribute.style,StyleWrapDynamicThresholdAttribute,21,0,0,0,9,0,7,0,7,0
ODFDOM,org.odftoolkit.odfdom.dom.attribute.style,StyleTextUnderlineWidthAttribute.Value,106,0,4,0,15,0,6,0,4,0
ODFDOM,org.odftoolkit.odfdom.dom.attribute.style,StyleFootnoteMaxHeightAttribute,11,10,0,0,5,4,5,2,5,2
ODFDOM,org.odftoolkit.odfdom.dom.attribute.style,StyleTextLineThroughStyleAttribute.Value,128,0,4,0,17,0,6,0,4,0
ODFDOM,org.odftoolkit.odfdom.dom.attribute.style,StyleRunThroughAttribute,17,13,0,0,7,5,6,3,6,3
ODFDOM,org.odftoolkit.odfdom.dom.attribute.style,StyleLayoutGridRubyBelowAttribute,25,10,0,0,11,4,7,2,7,2
ODFDOM,org.odftoolkit.odfdom.dom.attribute.style,StyleLengthAttribute.Value,51,0,4,0,10,0,6,0,4,0
ODFDOM,org.odftoolkit.odfdom.dom.attribute.style,StyleLineSpacingAttribute,8,13,0,0,4,5,4,3,4,3
ODFDOM,org.odftoolkit.odfdom.dom.attribute.style,StyleFontNameAsianAttribute,8,13,0,0,4,5,4,3,4,3
ODFDOM,org.odftoolkit.odfdom.dom.attribute.style,StyleRunThroughAttribute.Value,25,37,4,0,4,7,3,3,1,3
ODFDOM,org.odftoolkit.odfdom.dom.attribute.style,StyleScriptComplexAttribute,21,0,0,0,9,0,7,0,7,0
ODFDOM,org.odftoolkit.odfdom.dom.attribute.style,StyleProtectAttribute.Value,106,0,4,0,15,0,6,0,4,0
ODFDOM,org.odftoolkit.odfdom.dom.attribute.style,StyleTextScaleAttribute,8,13,0,0,4,5,4,3,4,3
ODFDOM,org.odftoolkit.odfdom.dom.attribute.style,StyleTextOverlineWidthAttribute,17,13,0,0,7,5,6,3,6,3
ODFDOM,org.odftoolkit.odfdom.dom.attribute.style,StylePositionAttribute.Value,95,0,4,0,14,0,6,0,4,0
ODFDOM,org.odftoolkit.odfdom.dom.attribute.style,StyleScriptTypeAttribute,30,0,0,0,12,0,9,0,9,0
ODFDOM,org.odftoolkit.odfdom.dom.attribute.style,StyleTextCombineEndCharAttribute,21,0,0,0,9,0,7,0,7,0
ODFDOM,org.odftoolkit.odfdom.dom.attribute.style,StyleTextUnderlineStyleAttribute.Value,128,0,4,0,17,0,6,0,4,0
ODFDOM,org.odftoolkit.odfdom.dom.attribute.style,StyleRotationAlignAttribute.Value,84,0,4,0,13,0,6,0,4,0
ODFDOM,org.odftoolkit.odfdom.dom.attribute.style,StyleTextLineThroughColorAttribute,30,0,0,0,12,0,9,0,9,0
ODFDOM,org.odftoolkit.odfdom.dom.attribute.style,StyleLegendExpansionAttribute.Value,84,0,4,0,13,0,6,0,4,0
ODFDOM,org.odftoolkit.odfdom.dom.attribute.style,StyleTextRotationScaleAttribute.Value,62,0,4,0,11,0,6,0,4,0
ODFDOM,org.odftoolkit.odfdom.dom.attribute.style,StyleBackgroundTransparencyAttribute,8,13,0,0,4,5,4,3,4,3
ODFDOM,org.odftoolkit.odfdom.dom.attribute.style,StyleTextEmphasizeAttribute,17,13,0,0,7,5,6,3,6,3
ODFDOM,org.odftoolkit.odfdom.dom.attribute.style,StyleShadowAttribute.Value,51,0,4,0,10,0,6,0,4,0
ODFDOM,org.odftoolkit.odfdom.dom.attribute.style,StyleFontPitchAttribute,17,13,0,0,7,5,6,3,6,3
ODFDOM,org.odftoolkit.odfdom.dom.attribute.style,StyleFontFamilyGenericAsianAttribute.Value,106,0,4,0,15,0,6,0,4,0
ODFDOM,org.odftoolkit.odfdom.dom.attribute.style,StyleFontPitchAsianAttribute,17,13,0,0,7,5,6,3,6,3
ODFDOM,org.odftoolkit.odfdom.dom.attribute.style,StyleLetterKerningAttribute,22,13,0,0,10,5,6,3,6,3
ODFDOM,org.odftoolkit.odfdom.dom.attribute.style,StyleDiagonalTlBrAttribute,21,0,0,0,9,0,7,0,7,0
ODFDOM,org.odftoolkit.odfdom.dom.attribute.style,StyleNameAttribute,11,10,0,0,5,3,5,2,5,2
ODFDOM,org.odftoolkit.odfdom.dom.attribute.style,StyleDataStyleNameAttribute,11,10,0,0,5,4,5,2,5,2
ODFDOM,org.odftoolkit.odfdom.dom.attribute.style,StyleTextLineThroughWidthAttribute,30,0,0,0,12,0,9,0,9,0
ODFDOM,org.odftoolkit.odfdom.dom.attribute.style,StyleStyleAttribute.Value,95,0,4,0,14,0,6,0,4,0
ODFDOM,org.odftoolkit.odfdom.dom.attribute.style,StyleGlyphOrientationVerticalAttribute.Value,95,0,4,0,14,0,6,0,4,0
ODFDOM,org.odftoolkit.odfdom.dom.attribute.style,StyleAutoTextIndentAttribute,22,13,0,0,10,5,6,3,6,3
ODFDOM,org.odftoolkit.odfdom.dom.attribute.style,StyleRelWidthAttribute,17,13,0,0,7,5,6,3,6,3
ODFDOM,org.odftoolkit.odfdom.dom.attribute.style,StyleLanguageComplexAttribute,8,13,0,0,4,5,4,3,4,3
ODFDOM,org.odftoolkit.odfdom.dom.attribute.style,StyleSnapToLayoutGridAttribute,22,13,0,0,10,5,6,3,6,3
ODFDOM,org.odftoolkit.odfdom.dom.attribute.style,StyleFontSizeRelAttribute,21,0,0,0,9,0,7,0,7,0
ODFDOM,org.odftoolkit.odfdom.dom.attribute.style,StylePaperTrayNameAttribute.Value,51,0,4,0,10,0,6,0,4,0
ODFDOM,org.odftoolkit.odfdom.dom.attribute.style,StyleMirrorAttribute.Value,95,0,4,0,14,0,6,0,4,0
ODFDOM,org.odftoolkit.odfdom.dom.attribute.style,StyleFontFamilyGenericAttribute.Value,106,0,4,0,15,0,6,0,4,0
ODFDOM,org.odftoolkit.odfdom.dom.attribute.style,StyleTextUnderlineModeAttribute,17,13,0,0,7,5,6,3,6,3
ODFDOM,org.odftoolkit.odfdom.dom.attribute.style,StyleBaseCellAddressAttribute,21,0,0,0,9,0,7,0,7,0
ODFDOM,org.odftoolkit.odfdom.dom.attribute.style,StyleTextLineThroughModeAttribute,17,13,0,0,7,5,6,3,6,3
ODFDOM,org.odftoolkit.odfdom.dom.attribute.style,StyleDiagonalBlTrWidthsAttribute,21,0,0,0,9,0,7,0,7,0
ODFDOM,org.odftoolkit.odfdom.dom.attribute.style,StyleLayoutGridLinesAttribute,25,10,0,0,11,4,7,2,7,2
ODFDOM,org.odftoolkit.odfdom.dom.attribute.style,StyleFlowWithTextAttribute,22,13,0,0,10,5,6,3,6,3
ODFDOM,org.odftoolkit.odfdom.dom.attribute.style,StyleRelColumnWidthAttribute,11,10,0,0,5,4,5,2,5,2
ODFDOM,org.odftoolkit.odfdom.dom.attribute.style,StyleDisplayAttribute,40,10,4,0,15,4,9,2,7,2
ODFDOM,org.odftoolkit.odfdom.dom.attribute.style,StyleFontSizeRelAsianAttribute,21,0,0,0,9,0,7,0,7,0
ODFDOM,org.odftoolkit.odfdom.dom.attribute.style,StylePrintContentAttribute,35,0,0,0,15,0,9,0,9,0
ODFDOM,org.odftoolkit.odfdom.dom.attribute.style,StyleClassAttribute,11,10,0,0,5,3,5,2,5,2
ODFDOM,org.odftoolkit.odfdom.dom.attribute.style,StyleHeightAttribute,26,10,4,0,9,4,7,2,5,2
ODFDOM,org.odftoolkit.odfdom.dom.attribute.style,StyleVerticalPosAttribute,17,13,0,0,7,5,6,3,6,3
ODFDOM,org.odftoolkit.odfdom.dom.attribute.style,StyleFontStyleNameComplexAttribute,11,10,0,0,5,4,5,2,5,2
ODFDOM,org.odftoolkit.odfdom.dom.attribute.style,StyleRelWidthAttribute.Value,62,0,4,0,11,0,6,0,4,0
ODFDOM,org.odftoolkit.odfdom.dom.attribute.style,StyleCellProtectAttribute.Value,84,0,4,0,13,0,6,0,4,0
ODFDOM,org.odftoolkit.odfdom.dom.attribute.style,StyleLineHeightAtLeastAttribute,8,13,0,0,4,5,4,3,4,3
ODFDOM,org.odftoolkit.odfdom.dom.attribute.style,StyleListLevelAttribute,35,0,0,0,15,0,9,0,9,0
ODFDOM,org.odftoolkit.odfdom.dom.attribute.style,StyleFontStyleComplexAttribute,17,13,0,0,7,5,6,3,6,3
ODFDOM,org.odftoolkit.odfdom.dom.attribute.style,StyleWritingModeAttribute,17,13,0,0,7,5,6,3,6,3
ODFDOM,org.odftoolkit.odfdom.dom.attribute.style,StyleLineStyleAttribute.Value,128,0,4,0,17,0,6,0,4,0
ODFDOM,org.odftoolkit.odfdom.dom.attribute.style,StyleTabStopDistanceAttribute,8,13,0,0,4,5,4,3,4,3
ODFDOM,org.odftoolkit.odfdom.dom.attribute.style,StyleTextOverlineTypeAttribute,30,0,0,0,12,0,9,0,9,0
ODFDOM,org.odftoolkit.odfdom.dom.attribute.style,StyleTextOverlineStyleAttribute.Value,128,0,4,0,17,0,6,0,4,0
ODFDOM,org.odftoolkit.odfdom.dom.attribute.style,StyleTextUnderlineTypeAttribute,17,13,0,0,7,5,6,3,6,3
ODFDOM,org.odftoolkit.odfdom.dom.attribute.style,StyleFontFamilyAsianAttribute,8,13,0,0,4,5,4,3,4,3
ODFDOM,org.odftoolkit.odfdom.dom.attribute.style,StyleWrapAttribute.Value,117,0,4,0,16,0,6,0,4,0
ODFDOM,org.odftoolkit.odfdom.dom.attribute.style,StyleNumFormatAttribute.Value,95,0,4,0,14,0,6,0,4,0
ODFDOM,org.odftoolkit.odfdom.dom.attribute.style,StyleNumSuffixAttribute,11,10,0,0,5,4,5,2,5,2
ODFDOM,org.odftoolkit.odfdom.dom.attribute.style,StyleFontStyleAsianAttribute,17,13,0,0,7,5,6,3,6,3
ODFDOM,org.odftoolkit.odfdom.dom.attribute.style,StyleNumPrefixAttribute,11,10,0,0,5,4,5,2,5,2
ODFDOM,org.odftoolkit.odfdom.dom.attribute.style,StyleUseOptimalRowHeightAttribute,25,10,0,0,11,4,7,2,7,2
ODFDOM,org.odftoolkit.odfdom.dom.attribute.style,StyleLegendExpansionAspectRatioAttribute,35,0,0,0,15,0,9,0,9,0
ODFDOM,org.odftoolkit.odfdom.dom.attribute.style,StyleLanguageAsianAttribute,8,13,0,0,4,5,4,3,4,3
ODFDOM,org.odftoolkit.odfdom.dom.attribute.style,StyleTextLineThroughTypeAttribute,17,13,0,0,7,5,6,3,6,3
ODFDOM,org.odftoolkit.odfdom.dom.attribute.style,StyleFontStyleNameAttribute,11,10,0,0,5,4,5,2,5,2
ODFDOM,org.odftoolkit.odfdom.dom.attribute.style,StyleTextOverlineColorAttribute.Value,51,0,4,0,10,0,6,0,4,0
ODFDOM,org.odftoolkit.odfdom.dom.attribute.style,StyleLeaderWidthAttribute,30,0,0,0,12,0,9,0,9,0
ODFDOM,org.odftoolkit.odfdom.dom.attribute.style,StyleFontFamilyGenericAsianAttribute,17,13,0,0,7,5,6,3,6,3
ODFDOM,org.odftoolkit.odfdom.dom.attribute.style,StyleFontSizeRelComplexAttribute,21,0,0,0,9,0,7,0,7,0
ODFDOM,org.odftoolkit.odfdom.dom.attribute.style,StyleRepeatAttribute,35,10,4,0,12,4,9,2,7,2
ODFDOM,org.odftoolkit.odfdom.dom.attribute.style,StyleUseWindowFontColorAttribute,22,13,0,0,10,5,6,3,6,3
ODFDOM,org.odftoolkit.odfdom.dom.attribute.style,StyleFilterNameAttribute,11,10,0,0,5,4,5,2,5,2
ODFDOM,org.odftoolkit.odfdom.dom.attribute.style,StyleFontAdornmentsAttribute,11,10,0,0,5,4,5,2,5,2
ODFDOM,org.odftoolkit.odfdom.dom.attribute.style,StyleTextOverlineModeAttribute.Value,62,0,4,0,11,0,6,0,4,0
ODFDOM,org.odftoolkit.odfdom.dom.attribute.style,StyleFontFamilyGenericComplexAttribute,17,13,0,0,7,5,6,3,6,3
ODFDOM,org.odftoolkit.odfdom.dom.attribute.style,StyleTextRotationScaleAttribute,17,13,0,0,7,5,6,3,6,3
ODFDOM,org.odftoolkit.odfdom.dom.attribute.style,StyleTextOverlineTypeAttribute.Value,73,0,4,0,12,0,6,0,4,0
ODFDOM,org.odftoolkit.odfdom.dom.attribute.style,StyleTextCombineStartCharAttribute,21,0,0,0,9,0,7,0,7,0
ODFDOM,org.odftoolkit.odfdom.dom.attribute.style,StyleConditionAttribute,11,10,0,0,5,4,5,2,5,2
ODFDOM,org.odftoolkit.odfdom.dom.attribute.style,StyleOverflowBehaviorAttribute.Value,62,0,4,0,11,0,6,0,4,0
ODFDOM,org.odftoolkit.odfdom.dom.attribute.style,StyleHorizontalRelAttribute,17,13,0,0,7,5,6,3,6,3
ODFDOM,org.odftoolkit.odfdom.dom.attribute.style,StyleColorAttribute,26,10,4,0,9,3,7,2,5,2
ODFDOM,org.odftoolkit.odfdom.dom.attribute.style,StyleVerticalAlignAttribute,32,13,4,0,11,5,8,3,6,3
ODFDOM,org.odftoolkit.odfdom.dom.attribute.style,StyleFontStyleNameAsianAttribute,11,10,0,0,5,4,5,2,5,2
ODFDOM,org.odftoolkit.odfdom.dom.attribute.style,StyleDisplayNameAttribute,11,10,0,0,5,4,5,2,5,2
ODFDOM,org.odftoolkit.odfdom.dom.attribute.style,StyleTextOutlineAttribute,22,13,0,0,10,5,6,3,6,3
ODFDOM,org.odftoolkit.odfdom.dom.attribute.style,StylePunctuationWrapAttribute.Value,62,0,4,0,11,0,6,0,4,0
ODFDOM,org.odftoolkit.odfdom.dom.attribute.style,StyleTextUnderlineTypeAttribute.Value,73,0,4,0,12,0,6,0,4,0
ODFDOM,org.odftoolkit.odfdom.dom.attribute.style,StyleTextAlignSourceAttribute.Value,62,0,4,0,11,0,6,0,4,0
ODFDOM,org.odftoolkit.odfdom.dom.attribute.style,StyleTextEmphasizeAttribute.Value,117,0,4,0,16,0,6,0,4,0
ODFDOM,org.odftoolkit.odfdom.dom.attribute.style,StyleJustifySingleWordAttribute,22,13,0,0,10,5,6,3,6,3
ODFDOM,org.odftoolkit.odfdom.dom.attribute.style,StylePrintAttribute,30,0,0,0,11,0,9,0,9,0
ODFDOM,org.odftoolkit.odfdom.dom.attribute.style,StyleWritingModeAttribute.Value,128,0,4,0,17,0,6,0,4,0
ODFDOM,org.odftoolkit.odfdom.dom.attribute.style,StyleTableCenteringAttribute.Value,84,0,4,0,13,0,6,0,4,0
ODFDOM,org.odftoolkit.odfdom.dom.attribute.style,StyleLineBreakAttribute,17,13,0,0,7,5,6,3,6,3
ODFDOM,org.odftoolkit.odfdom.dom.attribute.style,StyleTextUnderlineModeAttribute.Value,62,0,4,0,11,0,6,0,4,0
ODFDOM,org.odftoolkit.odfdom.dom.attribute.style,StyleNumLetterSyncAttribute,25,10,0,0,11,4,7,2,7,2
ODFDOM,org.odftoolkit.odfdom.dom.attribute.style,StyleJoinBorderAttribute,22,13,0,0,10,5,6,3,6,3
ODFDOM,org.odftoolkit.odfdom.dom.attribute.style,StyleFontNameAttribute,8,13,0,0,4,5,4,3,4,3
ODFDOM,org.odftoolkit.odfdom.dom.attribute.style,StyleLayoutGridBaseHeightAttribute,11,10,0,0,5,4,5,2,5,2
ODFDOM,org.odftoolkit.odfdom.dom.attribute.style,StyleWritingModeAutomaticAttribute,35,0,0,0,15,0,9,0,9,0
ODFDOM,org.odftoolkit.odfdom.dom.attribute.style,StyleBorderLineWidthRightAttribute,8,13,0,0,4,5,4,3,4,3
ODFDOM,org.odftoolkit.odfdom.dom.attribute.style,StyleTextAlignSourceAttribute,20,10,0,0,8,4,7,2,7,2
ODFDOM,org.odftoolkit.odfdom.dom.attribute.style,StyleTextLineThroughColorAttribute.Value,51,0,4,0,10,0,6,0,4,0
ODFDOM,org.odftoolkit.odfdom.dom.attribute.style,StyleDiagonalTlBrWidthsAttribute,21,0,0,0,9,0,7,0,7,0
ODFDOM,org.odftoolkit.odfdom.dom.attribute.style,StyleRepeatAttribute.Value,73,0,4,0,12,0,6,0,4,0
ODFDOM,org.odftoolkit.odfdom.dom.attribute.style,StyleTextUnderlineWidthAttribute,17,13,0,0,7,5,6,3,6,3
ODFDOM,org.odftoolkit.odfdom.dom.attribute.style,StyleLeaderTextAttribute,26,10,4,0,9,4,7,2,5,2
ODFDOM,org.odftoolkit.odfdom.dom.attribute.style,StyleTextLineThroughTypeAttribute.Value,73,0,4,0,12,0,6,0,4,0
ODFDOM,org.odftoolkit.odfdom.dom.attribute.style,StyleMayBreakBetweenRowsAttribute,22,13,0,0,10,5,6,3,6,3
ODFDOM,org.odftoolkit.odfdom.dom.attribute.style,StyleProtectAttribute,17,13,0,0,7,5,6,3,6,3
ODFDOM,org.odftoolkit.odfdom.dom.attribute.style,StylePrintPageOrderAttribute.Value,62,0,4,0,11,0,6,0,4,0
ODFDOM,org.odftoolkit.odfdom.dom.attribute.style,StyleFamilyAttribute,20,10,0,0,8,4,7,2,7,2
ODFDOM,org.odftoolkit.odfdom.dom.attribute.style,StyleFontPitchAsianAttribute.Value,62,0,4,0,11,0,6,0,4,0
ODFDOM,org.odftoolkit.odfdom.dom.attribute.style,StyleWidthAttribute,8,13,0,0,4,4,4,3,4,3
ODFDOM,org.odftoolkit.odfdom.dom.attribute.style,StyleBorderLineWidthLeftAttribute,8,13,0,0,4,5,4,3,4,3
ODFDOM,org.odftoolkit.odfdom.dom.attribute.style,StyleVerticalPosAttribute.Value,95,0,4,0,14,0,6,0,4,0
ODFDOM,org.odftoolkit.odfdom.dom.attribute.style,StyleFontStyleAsianAttribute.Value,73,0,4,0,12,0,6,0,4,0
ODFDOM,org.odftoolkit.odfdom.dom.attribute.style,StyleLeaderWidthAttribute.Value,106,0,4,0,15,0,6,0,4,0
ODFDOM,org.odftoolkit.odfdom.dom.attribute.style,StyleUseOptimalColumnWidthAttribute,25,10,0,0,11,4,7,2,7,2
ODFDOM,org.odftoolkit.odfdom.dom.attribute.style,StyleApplyStyleNameAttribute,11,10,0,0,5,4,5,2,5,2
ODFDOM,org.odftoolkit.odfdom.dom.attribute.style,StyleTextUnderlineColorAttribute.Value,51,0,4,0,10,0,6,0,4,0
ODFDOM,org.odftoolkit.odfdom.dom.attribute.style,StyleLineStyleAttribute,20,10,0,0,8,4,7,2,7,2
ODFDOM,org.odftoolkit.odfdom.dom.attribute.style,StyleRotationAngleAttribute,11,10,0,0,5,4,5,2,5,2
ODFDOM,org.odftoolkit.odfdom.dom.attribute.style,StyleDynamicSpacingAttribute,25,10,0,0,11,4,7,2,7,2
ODFDOM,org.odftoolkit.odfdom.dom.attribute.style,StyleListStyleNameAttribute,11,10,0,0,5,4,5,2,5,2
ODFDOM,org.odftoolkit.odfdom.dom.attribute.style,StyleLineBreakAttribute.Value,62,0,4,0,11,0,6,0,4,0
ODFDOM,org.odftoolkit.odfdom.dom.attribute.style,StyleFontReliefAttribute,17,13,0,0,7,5,6,3,6,3
ODFDOM,org.odftoolkit.odfdom.dom.attribute.style,StyleNextStyleNameAttribute,11,10,0,0,5,4,5,2,5,2
ODFDOM,org.odftoolkit.odfdom.dom.attribute.style,StylePageUsageAttribute,35,10,4,0,12,4,9,2,7,2
ODFDOM,org.odftoolkit.odfdom.dom.attribute.style,StyleGlyphOrientationVerticalAttribute,20,10,0,0,8,4,7,2,7,2
ODFDOM,org.odftoolkit.odfdom.dom.attribute.style,StyleBorderLineWidthAttribute,8,13,0,0,4,5,4,3,4,3
ODFDOM,org.odftoolkit.odfdom.dom.attribute.style,StyleFontWeightAsianAttribute,17,13,0,0,7,5,6,3,6,3
ODFDOM,org.odftoolkit.odfdom.dom.attribute.style,StyleTextPositionAttribute,17,13,0,0,7,5,6,3,6,3
ODFDOM,org.odftoolkit.odfdom.dom.attribute.style,StyleScriptTypeAttribute.Value,84,0,4,0,13,0,6,0,4,0
ODFDOM,org.odftoolkit.odfdom.dom.attribute.style,StyleLengthAttribute,59,0,4,0,22,0,13,0,11,0
ODFDOM,org.odftoolkit.odfdom.dom.attribute.style,StyleLeaderTypeAttribute.Value,73,0,4,0,12,0,6,0,4,0
ODFDOM,org.odftoolkit.odfdom.dom.attribute.style,StyleColumnWidthAttribute,11,10,0,0,5,4,5,2,5,2
ODFDOM,org.odftoolkit.odfdom.dom.attribute.style,StyleRfcLanguageTagAttribute,21,0,0,0,9,0,7,0,7,0
ODFDOM,org.odftoolkit.odfdom.dom.attribute.style,StyleDirectionAttribute,30,0,0,0,12,0,9,0,9,0
ODFDOM,org.odftoolkit.odfdom.dom.attribute.style,StyleTextBlinkingAttribute,25,10,0,0,11,4,7,2,7,2
ODFDOM,org.odftoolkit.odfdom.dom.attribute.style,StyleDirectionAttribute.Value,62,0,4,0,11,0,6,0,4,0
ODFDOM,org.odftoolkit.odfdom.dom.attribute.style,StyleAdjustmentAttribute,35,10,4,0,12,4,9,2,7,2
ODFDOM,org.odftoolkit.odfdom.dom.attribute.style,StyleFirstPageNumberAttribute,44,0,0,0,18,0,11,0,11,0
ODFDOM,org.odftoolkit.odfdom.dom.attribute.style,StyleRelHeightAttribute,17,13,0,0,7,5,6,3,6,3
ODFDOM,org.odftoolkit.odfdom.dom.attribute.style,StyleScaleToAttribute,21,0,0,0,9,0,7,0,7,0
ODFDOM,org.odftoolkit.odfdom.dom.attribute.style,StyleTextCombineAttribute.Value,73,0,4,0,12,0,6,0,4,0
ODFDOM,org.odftoolkit.odfdom.dom.attribute.style,StyleFontCharsetComplexAttribute,8,13,0,0,4,5,4,3,4,3
ODFDOM,org.odftoolkit.odfdom.dom.attribute.style,StyleRubyPositionAttribute,30,0,0,0,12,0,9,0,9,0
ODFDOM,org.odftoolkit.odfdom.dom.attribute.style,StyleFirstPageNumberAttribute.Value,51,0,4,0,10,0,6,0,4,0
ODFDOM,org.odftoolkit.odfdom.dom.attribute.style,StyleLeaderColorAttribute,30,0,0,0,12,0,9,0,9,0
ODFDOM,org.odftoolkit.odfdom.dom.attribute.style,StyleLinesAttribute,40,10,4,0,15,3,9,2,7,2
ODFDOM,org.odftoolkit.odfdom.dom.attribute.style,StyleFontWeightAsianAttribute.Value,161,0,4,0,20,0,6,0,4,0
ODFDOM,org.odftoolkit.odfdom.dom.attribute.style,StyleLegendExpansionAttribute,30,0,0,0,12,0,9,0,9,0
ODFDOM,org.odftoolkit.odfdom.dom.attribute.style,StyleNumberWrappedParagraphsAttribute.Value,51,0,4,0,10,0,6,0,4,0
ODFDOM,org.odftoolkit.odfdom.dom.attribute.style,StyleTextUnderlineColorAttribute,17,13,0,0,7,5,6,3,6,3
ODFDOM,org.odftoolkit.odfdom.dom.attribute.style,StyleNumFormatAttribute,20,10,0,0,8,4,7,2,7,2
ODFDOM,org.odftoolkit.odfdom.dom.attribute.style,StyleFontIndependentLineSpacingAttribute,22,13,0,0,10,5,6,3,6,3
ODFDOM,org.odftoolkit.odfdom.dom.attribute.style,StyleFontFamilyGenericAttribute,17,13,0,0,7,5,6,3,6,3
ODFDOM,org.odftoolkit.odfdom.dom.attribute.style,StyleRubyPositionAttribute.Value,62,0,4,0,11,0,6,0,4,0
ODFDOM,org.odftoolkit.odfdom.dom.attribute.style,StyleDefaultOutlineLevelAttribute,14,21,0,0,7,8,5,4,5,4
ODFDOM,org.odftoolkit.odfdom.dom.attribute.style,StylePrintAttribute.Value,128,0,4,0,17,0,6,0,4,0
ODFDOM,org.odftoolkit.odfdom.dom.attribute.style,StyleFontNameComplexAttribute,8,13,0,0,4,5,4,3,4,3
ODFDOM,org.odftoolkit.odfdom.dom.attribute.style,StylePrintOrientationAttribute.Value,62,0,4,0,11,0,6,0,4,0
ODFDOM,org.odftoolkit.odfdom.dom.attribute.style,StyleVerticalRelAttribute,17,13,0,0,7,5,6,3,6,3
ODFDOM,org.odftoolkit.odfdom.dom.attribute.style,StylePrintOrientationAttribute,20,10,0,0,8,4,7,2,7,2
ODFDOM,org.odftoolkit.odfdom.dom.attribute.style,StyleTextLineThroughStyleAttribute,17,13,0,0,7,5,6,3,6,3
ODFDOM,org.odftoolkit.odfdom.dom.attribute.style,StyleTableCenteringAttribute,30,0,0,0,12,0,9,0,9,0
ODFDOM,org.odftoolkit.odfdom.dom.attribute.style,StyleMirrorAttribute,17,13,0,0,7,5,6,3,6,3
ODFDOM,org.odftoolkit.odfdom.dom.attribute.style,StyleLeaderTextStyleAttribute,21,0,0,0,9,0,7,0,7,0
ODFDOM,org.odftoolkit.odfdom.dom.attribute.style,StyleRelHeightAttribute.Value,62,0,4,0,11,0,6,0,4,0
ODFDOM,org.odftoolkit.odfdom.dom.attribute.style,StyleNumberWrappedParagraphsAttribute,31,13,0,0,13,5,8,3,8,3
ODFDOM,org.odftoolkit.odfdom.dom.attribute.style,StylePageLayoutNameAttribute,11,10,0,0,5,4,5,2,5,2
ODFDOM,org.odftoolkit.odfdom.dom.attribute.style,StyleTypeAttribute.Value,84,0,4,0,13,0,6,0,4,0
ODFDOM,org.odftoolkit.odfdom.dom.attribute.style,StyleStyleNameAttribute,21,0,0,0,9,0,7,0,7,0
ODFDOM,org.odftoolkit.odfdom.dom.attribute.style,StyleMinRowHeightAttribute,8,13,0,0,4,5,4,3,4,3
ODFDOM,org.odftoolkit.odfdom.dom.attribute.style,StyleShrinkToFitAttribute,35,0,0,0,15,0,9,0,9,0
ODFDOM,org.odftoolkit.odfdom.dom.attribute.style,StyleTextPositionAttribute.Value,62,0,4,0,11,0,6,0,4,0
ODFDOM,org.odftoolkit.odfdom.dom.attribute.style,StylePageUsageAttribute.Value,84,0,4,0,13,0,6,0,4,0
ODFDOM,org.odftoolkit.odfdom.dom.attribute.style,StyleStyleAttribute,45,0,4,0,15,0,11,0,9,0
ODFDOM,org.odftoolkit.odfdom.dom.attribute.style,StyleRfcLanguageTagAsianAttribute,21,0,0,0,9,0,7,0,7,0
ODFDOM,org.odftoolkit.odfdom.dom.attribute.style,StyleDiagonalBlTrAttribute,21,0,0,0,9,0,7,0,7,0
ODFDOM,org.odftoolkit.odfdom.dom.attribute.style,StyleTextOverlineModeAttribute,17,13,0,0,7,5,6,3,6,3
ODFDOM,org.odftoolkit.odfdom.dom.attribute.style,StyleCellProtectAttribute,30,0,0,0,12,0,9,0,9,0
ODFDOM,org.odftoolkit.odfdom.dom.attribute.style,StyleTextLineThroughModeAttribute.Value,62,0,4,0,11,0,6,0,4,0
ODFDOM,org.odftoolkit.odfdom.dom.attribute.style,StyleLayoutGridModeAttribute.Value,73,0,4,0,12,0,6,0,4,0
ODFDOM,org.odftoolkit.odfdom.dom.attribute.style,StyleFamilyAttribute.Value,172,0,4,0,21,0,6,0,4,0
ODFDOM,org.odftoolkit.odfdom.dom.attribute.style,StyleTextOverlineStyleAttribute,17,13,0,0,7,5,6,3,6,3
ODFDOM,org.odftoolkit.odfdom.dom.attribute.style,StylePageNumberAttribute.Value,51,0,4,0,10,0,6,0,4,0
ODFDOM,org.odftoolkit.odfdom.dom.attribute.style,StyleDistanceBeforeSepAttribute,11,10,0,0,5,4,5,2,5,2
ODFDOM,org.odftoolkit.odfdom.dom.attribute.style,StyleRubyAlignAttribute.Value,95,0,4,0,14,0,6,0,4,0
ODFDOM,org.odftoolkit.odfdom.dom.attribute.style,StyleBorderLineWidthTopAttribute,8,13,0,0,4,5,4,3,4,3
ODFDOM,org.odftoolkit.odfdom.dom.attribute.style,StylePunctuationWrapAttribute,17,13,0,0,7,5,6,3,6,3
ODFDOM,org.odftoolkit.odfdom.dom.attribute.style,StyleTextRotationAngleAttribute,8,13,0,0,4,5,4,3,4,3
ODFDOM,org.odftoolkit.odfdom.dom.attribute.style,StyleHorizontalRelAttribute.Value,183,0,4,0,22,0,6,0,4,0
ODFDOM,org.odftoolkit.odfdom.dom.attribute.style,StyleAutoUpdateAttribute,40,10,4,0,15,4,9,2,7,2
ODFDOM,org.odftoolkit.odfdom.dom.attribute.style,StyleDistanceAfterSepAttribute,11,10,0,0,5,4,5,2,5,2
ODFDOM,org.odftoolkit.odfdom.dom.attribute.style,StyleWrapContourModeAttribute,17,13,0,0,7,5,6,3,6,3
ODFDOM,org.odftoolkit.odfdom.dom.attribute.style,StyleHorizontalPosAttribute,17,13,0,0,7,5,6,3,6,3
ODFDOM,org.odftoolkit.odfdom.dom.attribute.style,StyleParentStyleNameAttribute,11,10,0,0,5,4,5,2,5,2
ODFDOM,org.odftoolkit.odfdom.dom.attribute.style,StyleTextLineThroughTextStyleAttribute,21,0,0,0,9,0,7,0,7,0
ODFDOM,org.odftoolkit.odfdom.dom.attribute.style,StyleRegisterTrueAttribute,35,0,0,0,15,0,9,0,9,0
ODFDOM,org.odftoolkit.odfdom.dom.attribute.style,StyleAdjustmentAttribute.Value,73,0,4,0,12,0,6,0,4,0
ODFDOM,org.odftoolkit.odfdom.dom.attribute.style,StyleLayoutGridSnapToAttribute,25,10,0,0,11,4,7,2,7,2
ODFDOM,org.odftoolkit.odfdom.dom.attribute.style,StyleRepeatContentAttribute,25,10,0,0,11,4,7,2,7,2
ODFDOM,org.odftoolkit.odfdom.dom.attribute.style,StyleLayoutGridStandardModeAttribute,25,10,0,0,11,4,7,2,7,2
ODFDOM,org.odftoolkit.odfdom.dom.attribute.style,StyleFontWeightComplexAttribute.Value,161,0,4,0,20,0,6,0,4,0
ODFDOM,org.odftoolkit.odfdom.dom.attribute.style,StyleTextCombineAttribute,17,13,0,0,7,5,6,3,6,3
ODFDOM,org.odftoolkit.odfdom.dom.attribute.style,StyleFontPitchComplexAttribute.Value,62,0,4,0,11,0,6,0,4,0
ODFDOM,org.odftoolkit.odfdom.dom.attribute.style,StyleCharAttribute,11,10,0,0,5,3,5,2,5,2
ODFDOM,org.odftoolkit.odfdom.dom.attribute.style,StyleTypeAttribute,35,10,4,0,12,3,9,2,7,2
ODFDOM,org.odftoolkit.odfdom.dom.attribute.style,StylePageNumberAttribute,31,13,0,0,13,5,8,3,8,3
ODFDOM,org.odftoolkit.odfdom.dom.attribute.style,StyleFontFamilyGenericComplexAttribute.Value,106,0,4,0,15,0,6,0,4,0
ODFDOM,org.odftoolkit.odfdom.dom.attribute.style,StyleRubyAlignAttribute,30,0,0,0,12,0,9,0,9,0
ODFDOM,org.odftoolkit.odfdom.dom.attribute.style,StyleFontCharsetAttribute,8,13,0,0,4,5,4,3,4,3
ODFDOM,org.odftoolkit.odfdom.dom.attribute.style,StyleVolatileAttribute,25,10,0,0,11,4,7,2,7,2
ODFDOM,org.odftoolkit.odfdom.dom.attribute.style,StyleTextAutospaceAttribute,17,13,0,0,7,5,6,3,6,3
ODFDOM,org.odftoolkit.odfdom.dom.attribute.style,StyleTextOverlineWidthAttribute.Value,106,0,4,0,15,0,6,0,4,0
ODFDOM,org.odftoolkit.odfdom.dom.attribute.style,StyleLayoutGridRubyHeightAttribute,11,10,0,0,5,4,5,2,5,2
ODFDOM,org.odftoolkit.odfdom.dom.attribute.style,StyleMasterPageNameAttribute,11,10,0,0,5,4,5,2,5,2
ODFDOM,org.odftoolkit.odfdom.dom.attribute.style,StyleFontFamilyComplexAttribute,8,13,0,0,4,5,4,3,4,3
ODFDOM,org.odftoolkit.odfdom.dom.attribute.style,StyleFontStyleComplexAttribute.Value,73,0,4,0,12,0,6,0,4,0
ODFDOM,org.odftoolkit.odfdom.dom.attribute.style,StyleLayoutGridPrintAttribute,25,10,0,0,11,4,7,2,7,2
ODFDOM,org.odftoolkit.odfdom.dom.attribute.style,StyleWrapAttribute,17,13,0,0,7,4,6,3,6,3
ODFDOM,org.odftoolkit.odfdom.dom.attribute.style,StyleShadowAttribute,17,13,0,0,7,5,6,3,6,3
ODFDOM,org.odftoolkit.odfdom.dom.attribute.style,StyleTextLineThroughTextAttribute,21,0,0,0,9,0,7,0,7,0
ODFDOM,org.odftoolkit.odfdom.dom.attribute.style,StyleCountryComplexAttribute,8,13,0,0,4,5,4,3,4,3
ODFDOM,org.odftoolkit.odfdom.dom.attribute.style,StyleRegisterTruthRefStyleNameAttribute,21,0,0,0,9,0,7,0,7,0
ODFDOM,org.odftoolkit.odfdom.dom.attribute.style,StyleDistanceAttribute,26,10,4,0,9,4,7,2,5,2
ODFDOM,org.odftoolkit.odfdom.dom.attribute.style,StyleFontPitchAttribute.Value,62,0,4,0,11,0,6,0,4,0
ODFDOM,org.odftoolkit.odfdom.dom.attribute.style,StyleTextUnderlineStyleAttribute,17,13,0,0,7,5,6,3,6,3
ODFDOM,org.odftoolkit.odfdom.dom.attribute.style,StyleFontSizeAsianAttribute,8,13,0,0,4,5,4,3,4,3
ODFDOM,org.odftoolkit.odfdom.dom.attribute.style,StyleRowHeightAttribute,8,13,0,0,4,5,4,3,4,3
ODFDOM,org.odftoolkit.odfdom.dom.attribute.style,StyleTextLineThroughWidthAttribute.Value,106,0,4,0,15,0,6,0,4,0
ODFDOM,org.odftoolkit.odfdom.dom.attribute.style,StyleDecimalPlacesAttribute,25,10,0,0,11,4,7,2,7,2
ODFDOM,org.odftoolkit.odfdom.dom.attribute.style,StylePrintPageOrderAttribute,30,0,0,0,12,0,9,0,9,0
ODFDOM,org.odftoolkit.odfdom.dom.attribute.style,StylePaperTrayNameAttribute,30,0,0,0,12,0,9,0,9,0
ODFDOM,org.odftoolkit.odfdom.dom.attribute.style,StyleLayoutGridDisplayAttribute,25,10,0,0,11,4,7,2,7,2
ODFDOM,org.odftoolkit.odfdom.dom.attribute.style,StyleTextOverlineColorAttribute,17,13,0,0,7,5,6,3,6,3
ODFDOM,org.odftoolkit.odfdom.dom.attribute.style,StyleLeaderCharAttribute,11,10,0,0,5,4,5,2,5,2
ODFDOM,org.odftoolkit.odfdom.dom.attribute.style,StyleBorderLineWidthBottomAttribute,8,13,0,0,4,5,4,3,4,3
ODFDOM,org.odftoolkit.odfdom.dom.attribute.style,StylePercentageDataStyleNameAttribute,21,0,0,0,9,0,7,0,7,0
ODFDOM,org.odftoolkit.odfdom.dom.attribute.style,StyleLeaderColorAttribute.Value,51,0,4,0,10,0,6,0,4,0
ODFDOM,org.odftoolkit.odfdom.dom.attribute.style,StyleFontWeightComplexAttribute,17,13,0,0,7,5,6,3,6,3
ODFDOM,org.odftoolkit.odfdom.dom.attribute.style,StyleFontReliefAttribute.Value,73,0,4,0,12,0,6,0,4,0
ODFDOM,org.odftoolkit.odfdom.dom.attribute.style,StyleScriptAsianAttribute,21,0,0,0,9,0,7,0,7,0
ODFDOM,org.odftoolkit.odfdom.dom.attribute.style,StyleLeaderTypeAttribute,30,0,0,0,12,0,9,0,9,0
ODFDOM,org.odftoolkit.odfdom.dom.attribute.style,StyleHorizontalPosAttribute.Value,117,0,4,0,16,0,6,0,4,0
ODFDOM,org.odftoolkit.odfdom.dom.attribute.style,StyleWrapContourModeAttribute.Value,62,0,4,0,11,0,6,0,4,0
ODFDOM,org.odftoolkit.odfdom.dom.attribute.style,StyleEditableAttribute,25,10,0,0,11,4,7,2,7,2
ODFDOM,org.odftoolkit.odfdom.dom.attribute.style,StyleOverflowBehaviorAttribute,30,0,0,0,12,0,9,0,9,0
ODFDOM,org.odftoolkit.odfdom.dom.attribute.style,StyleCountryAsianAttribute,8,13,0,0,4,5,4,3,4,3
ODFDOM,org.odftoolkit.odfdom.dom.attribute.style,StyleWrapContourAttribute,17,18,0,0,8,7,5,4,5,4
ODFDOM,org.odftoolkit.odfdom.dom.attribute.style,StyleLeaderStyleAttribute.Value,128,0,4,0,17,0,6,0,4,0
ODFDOM,org.odftoolkit.odfdom.dom.attribute.style,StyleFontCharsetAsianAttribute,8,13,0,0,4,5,4,3,4,3
ODFDOM,org.odftoolkit.odfdom.dom.attribute.style,StyleVerticalRelAttribute.Value,150,0,4,0,19,0,6,0,4,0
ODFDOM,org.odftoolkit.odfdom.dom.attribute.style,StyleLayoutGridColorAttribute,11,10,0,0,5,4,5,2,5,2
ODFDOM,org.odftoolkit.odfdom.dom.style,OdfStyleFamily,36,18042,3,1,9,29,5,7,3,7
ODFDOM,org.odftoolkit.odfdom.dom.attribute.presentation,PresentationDirectionAttribute.Value,348,0,4,0,37,0,6,0,4,0
ODFDOM,org.odftoolkit.odfdom.dom.attribute.presentation,PresentationTransitionTypeAttribute.Value,73,0,4,0,12,0,6,0,4,0
ODFDOM,org.odftoolkit.odfdom.dom.attribute.presentation,PresentationPlayFullAttribute,35,0,0,0,15,0,9,0,9,0
ODFDOM,org.odftoolkit.odfdom.dom.attribute.presentation,PresentationMasterElementAttribute,21,0,0,0,9,0,7,0,7,0
ODFDOM,org.odftoolkit.odfdom.dom.attribute.presentation,PresentationTransitionStyleAttribute.Value,755,0,4,0,74,0,6,0,4,0
ODFDOM,org.odftoolkit.odfdom.dom.attribute.presentation,PresentationAnimationsAttribute.Value,62,0,4,0,11,0,6,0,4,0
ODFDOM,org.odftoolkit.odfdom.dom.attribute.presentation,PresentationDisplayPageNumberAttribute,25,10,0,0,11,4,7,2,7,2
ODFDOM,org.odftoolkit.odfdom.dom.attribute.presentation,PresentationPresetClassAttribute.Value,117,0,4,0,16,0,6,0,4,0
ODFDOM,org.odftoolkit.odfdom.dom.attribute.presentation,PresentationAnimationsAttribute,45,0,4,0,16,0,11,0,9,0
ODFDOM,org.odftoolkit.odfdom.dom.attribute.presentation,PresentationUseHeaderNameAttribute,21,0,0,0,9,0,7,0,7,0
ODFDOM,org.odftoolkit.odfdom.dom.attribute.presentation,PresentationTransitionStyleAttribute,30,0,0,0,12,0,9,0,9,0
ODFDOM,org.odftoolkit.odfdom.dom.attribute.presentation,PresentationSpeedAttribute,45,0,4,0,16,0,11,0,9,0
ODFDOM,org.odftoolkit.odfdom.dom.attribute.presentation,PresentationObjectAttribute.Value,216,0,4,0,25,0,6,0,4,0
ODFDOM,org.odftoolkit.odfdom.dom.attribute.presentation,PresentationUseFooterNameAttribute,21,0,0,0,9,0,7,0,7,0
ODFDOM,org.odftoolkit.odfdom.dom.attribute.presentation,PresentationStyleNameAttribute,8,13,0,0,4,5,4,3,4,3
ODFDOM,org.odftoolkit.odfdom.dom.attribute.presentation,PresentationMouseAsPenAttribute,50,0,4,0,19,0,11,0,9,0
ODFDOM,org.odftoolkit.odfdom.dom.attribute.presentation,PresentationSpeedAttribute.Value,73,0,4,0,12,0,6,0,4,0
ODFDOM,org.odftoolkit.odfdom.dom.attribute.presentation,PresentationShowEndOfPresentationSlideAttribute,50,0,4,0,19,0,11,0,9,0
ODFDOM,org.odftoolkit.odfdom.dom.attribute.presentation,PresentationVisibilityAttribute.Value,62,0,4,0,11,0,6,0,4,0
ODFDOM,org.odftoolkit.odfdom.dom.attribute.presentation,PresentationNameAttribute,21,0,0,0,9,0,7,0,7,0
ODFDOM,org.odftoolkit.odfdom.dom.attribute.presentation,PresentationTransitionSpeedAttribute,30,0,0,0,12,0,9,0,9,0
ODFDOM,org.odftoolkit.odfdom.dom.attribute.presentation,PresentationPagesAttribute,21,0,0,0,9,0,7,0,7,0
ODFDOM,org.odftoolkit.odfdom.dom.attribute.presentation,PresentationTransitionTypeAttribute,30,0,0,0,12,0,9,0,9,0
ODFDOM,org.odftoolkit.odfdom.dom.attribute.presentation,PresentationClassAttribute.Value,25,191,4,0,4,21,3,3,1,3
ODFDOM,org.odftoolkit.odfdom.dom.attribute.presentation,PresentationTransitionOnClickAttribute.Value,62,0,4,0,11,0,6,0,4,0
ODFDOM,org.odftoolkit.odfdom.dom.attribute.presentation,PresentationClassAttribute,17,13,0,0,7,5,6,3,6,3
ODFDOM,org.odftoolkit.odfdom.dom.attribute.presentation,PresentationUseDateTimeNameAttribute,21,0,0,0,9,0,7,0,7,0
ODFDOM,org.odftoolkit.odfdom.dom.attribute.presentation,PresentationDelayAttribute,21,0,0,0,9,0,7,0,7,0
ODFDOM,org.odftoolkit.odfdom.dom.attribute.presentation,PresentationBackgroundVisibleAttribute,25,10,0,0,11,4,7,2,7,2
ODFDOM,org.odftoolkit.odfdom.dom.attribute.presentation,PresentationStartScaleAttribute,36,0,4,0,13,0,9,0,7,0
ODFDOM,org.odftoolkit.odfdom.dom.attribute.presentation,PresentationTransitionOnClickAttribute,45,0,4,0,16,0,11,0,9,0
ODFDOM,org.odftoolkit.odfdom.dom.attribute.presentation,PresentationTransitionSpeedAttribute.Value,73,0,4,0,12,0,6,0,4,0
ODFDOM,org.odftoolkit.odfdom.dom.attribute.presentation,PresentationForceManualAttribute,50,0,4,0,19,0,11,0,9,0
ODFDOM,org.odftoolkit.odfdom.dom.attribute.presentation,PresentationGroupIdAttribute,21,0,0,0,9,0,7,0,7,0
ODFDOM,org.odftoolkit.odfdom.dom.attribute.presentation,PresentationActionAttribute.Value,183,0,4,0,22,0,6,0,4,0
ODFDOM,org.odftoolkit.odfdom.dom.attribute.presentation,PresentationSourceAttribute.Value,62,0,4,0,11,0,6,0,4,0
ODFDOM,org.odftoolkit.odfdom.dom.attribute.presentation,PresentationUserTransformedAttribute,22,13,0,0,10,5,6,3,6,3
ODFDOM,org.odftoolkit.odfdom.dom.attribute.presentation,PresentationEffectAttribute,45,0,4,0,16,0,11,0,9,0
ODFDOM,org.odftoolkit.odfdom.dom.attribute.presentation,PresentationDurationAttribute,21,0,0,0,9,0,7,0,7,0
ODFDOM,org.odftoolkit.odfdom.dom.attribute.presentation,PresentationVerbAttribute,35,0,0,0,15,0,9,0,9,0
ODFDOM,org.odftoolkit.odfdom.dom.attribute.presentation,PresentationPlaceholderAttribute,17,18,0,0,8,7,5,4,5,4
ODFDOM,org.odftoolkit.odfdom.dom.attribute.presentation,PresentationFullScreenAttribute,50,0,4,0,19,0,11,0,9,0
ODFDOM,org.odftoolkit.odfdom.dom.attribute.presentation,PresentationPresetSubTypeAttribute,11,10,0,0,5,4,5,2,5,2
ODFDOM,org.odftoolkit.odfdom.dom.attribute.presentation,PresentationStartPageAttribute,21,0,0,0,9,0,7,0,7,0
ODFDOM,org.odftoolkit.odfdom.dom.attribute.presentation,PresentationStayOnTopAttribute,50,0,4,0,19,0,11,0,9,0
ODFDOM,org.odftoolkit.odfdom.dom.attribute.presentation,PresentationPresentationPageLayoutNameAttribute,11,10,0,0,5,4,5,2,5,2
ODFDOM,org.odftoolkit.odfdom.dom.attribute.presentation,PresentationObjectAttribute,20,10,0,0,8,4,7,2,7,2
ODFDOM,org.odftoolkit.odfdom.dom.attribute.presentation,PresentationClassNamesAttribute,21,0,0,0,9,0,7,0,7,0
ODFDOM,org.odftoolkit.odfdom.dom.attribute.presentation,PresentationShowLogoAttribute,50,0,4,0,19,0,11,0,9,0
ODFDOM,org.odftoolkit.odfdom.dom.attribute.presentation,PresentationDisplayDateTimeAttribute,25,10,0,0,11,4,7,2,7,2
ODFDOM,org.odftoolkit.odfdom.dom.attribute.presentation,PresentationSourceAttribute,30,0,0,0,12,0,9,0,9,0
ODFDOM,org.odftoolkit.odfdom.dom.attribute.presentation,PresentationDisplayHeaderAttribute,25,10,0,0,11,4,7,2,7,2
ODFDOM,org.odftoolkit.odfdom.dom.attribute.presentation,PresentationBackgroundObjectsVisibleAttribute,25,10,0,0,11,4,7,2,7,2
ODFDOM,org.odftoolkit.odfdom.dom.attribute.presentation,PresentationNodeTypeAttribute,35,10,4,0,12,4,9,2,7,2
ODFDOM,org.odftoolkit.odfdom.dom.attribute.presentation,PresentationStartWithNavigatorAttribute,50,0,4,0,19,0,11,0,9,0
ODFDOM,org.odftoolkit.odfdom.dom.attribute.presentation,PresentationPresetIdAttribute,11,10,0,0,5,4,5,2,5,2
ODFDOM,org.odftoolkit.odfdom.dom.attribute.presentation,PresentationEffectAttribute.Value,227,0,4,0,26,0,6,0,4,0
ODFDOM,org.odftoolkit.odfdom.dom.attribute.presentation,PresentationDirectionAttribute,45,0,4,0,16,0,11,0,9,0
ODFDOM,org.odftoolkit.odfdom.dom.attribute.presentation,PresentationEndlessAttribute,50,0,4,0,19,0,11,0,9,0
ODFDOM,org.odftoolkit.odfdom.dom.attribute.presentation,PresentationMouseVisibleAttribute,40,10,4,0,15,4,9,2,7,2
ODFDOM,org.odftoolkit.odfdom.dom.attribute.presentation,PresentationDisplayFooterAttribute,25,10,0,0,11,4,7,2,7,2
ODFDOM,org.odftoolkit.odfdom.dom.attribute.presentation,PresentationActionAttribute,30,0,0,0,12,0,9,0,9,0
ODFDOM,org.odftoolkit.odfdom.dom.attribute.presentation,PresentationVisibilityAttribute,30,0,0,0,12,0,9,0,9,0
ODFDOM,org.odftoolkit.odfdom.dom.attribute.presentation,PresentationPathIdAttribute,21,0,0,0,9,0,7,0,7,0
ODFDOM,org.odftoolkit.odfdom.dom.attribute.presentation,PresentationPauseAttribute,21,0,0,0,9,0,7,0,7,0
ODFDOM,org.odftoolkit.odfdom.dom.attribute.presentation,PresentationShowAttribute,21,0,0,0,9,0,7,0,7,0
ODFDOM,org.odftoolkit.odfdom.dom.attribute.presentation,PresentationPresetClassAttribute,35,10,4,0,12,4,9,2,7,2
ODFDOM,org.odftoolkit.odfdom.dom.attribute.presentation,PresentationNodeTypeAttribute.Value,117,0,4,0,16,0,6,0,4,0
ODFDOM,org.odftoolkit.odfdom.dom.attribute.xlink,XlinkTypeAttribute.Value,51,0,4,0,10,0,6,0,4,0
ODFDOM,org.odftoolkit.odfdom.dom.attribute.xlink,XlinkShowAttribute,98,19,30,0,37,6,22,2,7,2
ODFDOM,org.odftoolkit.odfdom.dom.attribute.xlink,XlinkShowAttribute.Value,25,59,4,0,4,9,3,3,1,3
ODFDOM,org.odftoolkit.odfdom.dom.attribute.xlink,XlinkTitleAttribute,11,10,0,0,5,3,5,2,5,2
ODFDOM,org.odftoolkit.odfdom.dom.attribute.xlink,XlinkTypeAttribute,35,10,4,0,12,3,9,2,7,2
ODFDOM,org.odftoolkit.odfdom.dom.attribute.xlink,XlinkActuateAttribute.Value,25,37,4,0,4,7,3,3,1,3
ODFDOM,org.odftoolkit.odfdom.dom.attribute.xlink,XlinkActuateAttribute,143,16,48,0,55,6,31,2,7,2
ODFDOM,org.odftoolkit.odfdom.dom.attribute.xlink,XlinkHrefAttribute,8,13,0,0,4,4,4,3,4,3
ODFDOM,org.odftoolkit.odfdom.dom.attribute.fo,FoBorderBottomAttribute,8,13,0,0,4,5,4,3,4,3
ODFDOM,org.odftoolkit.odfdom.dom.attribute.fo,FoFontWeightAttribute.Value,161,0,4,0,20,0,6,0,4,0
ODFDOM,org.odftoolkit.odfdom.dom.attribute.fo,FoHyphenationRemainCharCountAttribute,22,13,0,0,10,5,6,3,6,3
ODFDOM,org.odftoolkit.odfdom.dom.attribute.fo,FoWidowsAttribute,22,13,0,0,10,4,6,3,6,3
ODFDOM,org.odftoolkit.odfdom.dom.attribute.fo,FoTextAlignAttribute,17,13,0,0,7,5,6,3,6,3
ODFDOM,org.odftoolkit.odfdom.dom.attribute.fo,FoWrapOptionAttribute.Value,62,0,4,0,11,0,6,0,4,0
ODFDOM,org.odftoolkit.odfdom.dom.attribute.fo,FoMarginLeftAttribute,8,13,0,0,4,5,4,3,4,3
ODFDOM,org.odftoolkit.odfdom.dom.attribute.fo,FoSpaceBeforeAttribute,36,0,4,0,13,0,9,0,7,0
ODFDOM,org.odftoolkit.odfdom.dom.attribute.fo,FoPaddingBottomAttribute,8,13,0,0,4,5,4,3,4,3
ODFDOM,org.odftoolkit.odfdom.dom.attribute.fo,FoTextTransformAttribute,17,13,0,0,7,5,6,3,6,3
ODFDOM,org.odftoolkit.odfdom.dom.attribute.fo,FoHyphenationKeepAttribute.Value,62,0,4,0,11,0,6,0,4,0
ODFDOM,org.odftoolkit.odfdom.dom.attribute.fo,FoTextAlignLastAttribute,20,10,0,0,8,4,7,2,7,2
ODFDOM,org.odftoolkit.odfdom.dom.attribute.fo,FoHyphenationPushCharCountAttribute,22,13,0,0,10,5,6,3,6,3
ODFDOM,org.odftoolkit.odfdom.dom.attribute.fo,FoLineHeightAttribute.Value,51,0,4,0,10,0,6,0,4,0
ODFDOM,org.odftoolkit.odfdom.dom.attribute.fo,FoLetterSpacingAttribute.Value,51,0,4,0,10,0,6,0,4,0
ODFDOM,org.odftoolkit.odfdom.dom.attribute.fo,FoClipAttribute,17,13,0,0,7,4,6,3,6,3
ODFDOM,org.odftoolkit.odfdom.dom.attribute.fo,FoMarginBottomAttribute,8,13,0,0,4,5,4,3,4,3
ODFDOM,org.odftoolkit.odfdom.dom.attribute.fo,FoBreakAfterAttribute.Value,73,0,4,0,12,0,6,0,4,0
ODFDOM,org.odftoolkit.odfdom.dom.attribute.fo,FoFontStyleAttribute.Value,73,0,4,0,12,0,6,0,4,0
ODFDOM,org.odftoolkit.odfdom.dom.attribute.fo,FoKeepTogetherAttribute,17,13,0,0,7,5,6,3,6,3
ODFDOM,org.odftoolkit.odfdom.dom.attribute.fo,FoFontSizeAttribute,8,13,0,0,4,5,4,3,4,3
ODFDOM,org.odftoolkit.odfdom.dom.attribute.fo,FoHeightAttribute,11,10,0,0,5,3,5,2,5,2
ODFDOM,org.odftoolkit.odfdom.dom.attribute.fo,FoCountryAttribute,8,13,0,0,4,4,4,3,4,3
ODFDOM,org.odftoolkit.odfdom.dom.attribute.fo,FoKeepWithNextAttribute.Value,62,0,4,0,11,0,6,0,4,0
ODFDOM,org.odftoolkit.odfdom.dom.attribute.fo,FoHyphenationLadderCountAttribute.Value,51,0,4,0,10,0,6,0,4,0
ODFDOM,org.odftoolkit.odfdom.dom.attribute.fo,FoPageWidthAttribute,11,10,0,0,5,4,5,2,5,2
ODFDOM,org.odftoolkit.odfdom.dom.attribute.fo,FoKeepTogetherAttribute.Value,62,0,4,0,11,0,6,0,4,0
ODFDOM,org.odftoolkit.odfdom.dom.attribute.fo,FoFontVariantAttribute,17,13,0,0,7,5,6,3,6,3
ODFDOM,org.odftoolkit.odfdom.dom.attribute.fo,FoKeepWithNextAttribute,17,13,0,0,7,5,6,3,6,3
ODFDOM,org.odftoolkit.odfdom.dom.attribute.fo,FoBorderLeftAttribute,8,13,0,0,4,5,4,3,4,3
ODFDOM,org.odftoolkit.odfdom.dom.attribute.fo,FoFontVariantAttribute.Value,62,0,4,0,11,0,6,0,4,0
ODFDOM,org.odftoolkit.odfdom.dom.attribute.fo,FoMarginRightAttribute,8,13,0,0,4,5,4,3,4,3
ODFDOM,org.odftoolkit.odfdom.dom.attribute.fo,FoTextShadowAttribute,17,13,0,0,7,5,6,3,6,3
ODFDOM,org.odftoolkit.odfdom.dom.attribute.fo,FoBorderRightAttribute,8,13,0,0,4,5,4,3,4,3
ODFDOM,org.odftoolkit.odfdom.dom.attribute.fo,FoTextAlignAttribute.Value,106,0,4,0,15,0,6,0,4,0
ODFDOM,org.odftoolkit.odfdom.dom.attribute.fo,FoTextTransformAttribute.Value,84,0,4,0,13,0,6,0,4,0
ODFDOM,org.odftoolkit.odfdom.dom.attribute.fo,FoBreakBeforeAttribute.Value,73,0,4,0,12,0,6,0,4,0
ODFDOM,org.odftoolkit.odfdom.dom.attribute.fo,FoBreakAfterAttribute,17,13,0,0,7,5,6,3,6,3
ODFDOM,org.odftoolkit.odfdom.dom.attribute.fo,FoEndIndentAttribute,26,10,4,0,9,4,7,2,5,2
ODFDOM,org.odftoolkit.odfdom.dom.attribute.fo,FoTextAlignLastAttribute.Value,73,0,4,0,12,0,6,0,4,0
ODFDOM,org.odftoolkit.odfdom.dom.attribute.fo,FoColumnGapAttribute,11,10,0,0,5,4,5,2,5,2
ODFDOM,org.odftoolkit.odfdom.dom.attribute.fo,FoHyphenationLadderCountAttribute,31,13,0,0,13,5,8,3,8,3
ODFDOM,org.odftoolkit.odfdom.dom.attribute.fo,FoFontStyleAttribute,17,13,0,0,7,5,6,3,6,3
ODFDOM,org.odftoolkit.odfdom.dom.attribute.fo,FoBorderAttribute,8,13,0,0,4,4,4,3,4,3
ODFDOM,org.odftoolkit.odfdom.dom.attribute.fo,FoTextShadowAttribute.Value,51,0,4,0,10,0,6,0,4,0
ODFDOM,org.odftoolkit.odfdom.dom.attribute.fo,FoMinHeightAttribute,8,13,0,0,4,5,4,3,4,3
ODFDOM,org.odftoolkit.odfdom.dom.attribute.fo,FoPaddingAttribute,8,13,0,0,4,4,4,3,4,3
ODFDOM,org.odftoolkit.odfdom.dom.attribute.fo,FoFontFamilyAttribute,8,13,0,0,4,5,4,3,4,3
ODFDOM,org.odftoolkit.odfdom.dom.attribute.fo,FoBackgroundColorAttribute.Value,51,0,4,0,10,0,6,0,4,0
ODFDOM,org.odftoolkit.odfdom.dom.attribute.fo,FoPaddingTopAttribute,8,13,0,0,4,5,4,3,4,3
ODFDOM,org.odftoolkit.odfdom.dom.attribute.fo,FoWidthAttribute,11,10,0,0,5,3,5,2,5,2
ODFDOM,org.odftoolkit.odfdom.dom.attribute.fo,FoClipAttribute.Value,51,0,4,0,10,0,6,0,4,0
ODFDOM,org.odftoolkit.odfdom.dom.attribute.fo,FoFontWeightAttribute,17,13,0,0,7,5,6,3,6,3
ODFDOM,org.odftoolkit.odfdom.dom.attribute.fo,FoStartIndentAttribute,26,10,4,0,9,4,7,2,5,2
ODFDOM,org.odftoolkit.odfdom.dom.attribute.fo,FoHyphenateAttribute,22,13,0,0,10,5,6,3,6,3
ODFDOM,org.odftoolkit.odfdom.dom.attribute.fo,FoMinWidthAttribute,8,13,0,0,4,5,4,3,4,3
ODFDOM,org.odftoolkit.odfdom.dom.attribute.fo,FoSpaceAfterAttribute,36,0,4,0,13,0,9,0,7,0
ODFDOM,org.odftoolkit.odfdom.dom.attribute.fo,FoLineHeightAttribute,17,13,0,0,7,5,6,3,6,3
ODFDOM,org.odftoolkit.odfdom.dom.attribute.fo,FoMarginTopAttribute,8,13,0,0,4,5,4,3,4,3
ODFDOM,org.odftoolkit.odfdom.dom.attribute.fo,FoHyphenationKeepAttribute,30,0,0,0,12,0,9,0,9,0
ODFDOM,org.odftoolkit.odfdom.dom.attribute.fo,FoBorderTopAttribute,8,13,0,0,4,5,4,3,4,3
ODFDOM,org.odftoolkit.odfdom.dom.attribute.fo,FoMarginAttribute,8,13,0,0,4,4,4,3,4,3
ODFDOM,org.odftoolkit.odfdom.dom.attribute.fo,FoPaddingLeftAttribute,8,13,0,0,4,5,4,3,4,3
ODFDOM,org.odftoolkit.odfdom.dom.attribute.fo,FoPaddingRightAttribute,8,13,0,0,4,5,4,3,4,3
ODFDOM,org.odftoolkit.odfdom.dom.attribute.fo,FoBackgroundColorAttribute,17,13,0,0,7,5,6,3,6,3
ODFDOM,org.odftoolkit.odfdom.dom.attribute.fo,FoColorAttribute,8,13,0,0,4,4,4,3,4,3
ODFDOM,org.odftoolkit.odfdom.dom.attribute.fo,FoLanguageAttribute,8,13,0,0,4,4,4,3,4,3
ODFDOM,org.odftoolkit.odfdom.dom.attribute.fo,FoMaxHeightAttribute,11,10,0,0,5,4,5,2,5,2
ODFDOM,org.odftoolkit.odfdom.dom.attribute.fo,FoScriptAttribute,21,0,0,0,8,0,7,0,7,0
ODFDOM,org.odftoolkit.odfdom.dom.attribute.fo,FoWrapOptionAttribute,17,13,0,0,7,5,6,3,6,3
ODFDOM,org.odftoolkit.odfdom.dom.attribute.fo,FoBreakBeforeAttribute,17,13,0,0,7,5,6,3,6,3
ODFDOM,org.odftoolkit.odfdom.dom.attribute.fo,FoTextIndentAttribute,8,13,0,0,4,5,4,3,4,3
ODFDOM,org.odftoolkit.odfdom.dom.attribute.fo,FoColumnCountAttribute,25,10,0,0,11,4,7,2,7,2
ODFDOM,org.odftoolkit.odfdom.dom.attribute.fo,FoOrphansAttribute,22,13,0,0,10,4,6,3,6,3
ODFDOM,org.odftoolkit.odfdom.dom.attribute.fo,FoMaxWidthAttribute,21,0,0,0,9,0,7,0,7,0
ODFDOM,org.odftoolkit.odfdom.dom.attribute.fo,FoLetterSpacingAttribute,17,13,0,0,7,5,6,3,6,3
ODFDOM,org.odftoolkit.odfdom.dom.attribute.fo,FoPageHeightAttribute,11,10,0,0,5,4,5,2,5,2
ODFDOM,org.odftoolkit.odfdom.dom.element.svg,SvgFontFaceUriElement,123,0,8,0,42,0,15,0,11,0
ODFDOM,org.odftoolkit.odfdom.dom.element.svg,SvgRadialGradientElement,322,0,22,0,99,0,36,0,25,0
ODFDOM,org.odftoolkit.odfdom.dom.element.svg,SvgLinearGradientElement,294,0,20,0,91,0,33,0,23,0
ODFDOM,org.odftoolkit.odfdom.dom.element.svg,SvgFontFaceNameElement,54,0,4,0,19,0,8,0,6,0
ODFDOM,org.odftoolkit.odfdom.dom.element.svg,SvgFontFaceFormatElement,54,0,4,0,20,0,8,0,6,0
ODFDOM,org.odftoolkit.odfdom.dom.element.svg,SvgTitleElement,19,21,5,1,5,8,5,3,2,3
ODFDOM,org.odftoolkit.odfdom.dom.element.svg,SvgFontFaceSrcElement,58,0,2,0,21,0,7,0,6,0
ODFDOM,org.odftoolkit.odfdom.dom.element.svg,SvgDescElement,30,10,6,0,10,3,6,2,3,2
ODFDOM,org.odftoolkit.odfdom.dom.element.svg,SvgDefinitionSrcElement,110,0,8,0,38,0,14,0,10,0
ODFDOM,org.odftoolkit.odfdom.dom.element.svg,SvgStopElement,111,0,8,0,37,0,14,0,10,0
ODFDOM,org.odftoolkit.odfdom.dom.rdfa,BookmarkRDFMetadataExtractor,47,395,15,39,10,85,15,24,2,10
ODFDOM,org.odftoolkit.odfdom.dom.rdfa,BookmarkRDFMetadataExtractor.ExtractorStringBuilder,24,24,1,1,6,8,3,3,2,3
ODFDOM,org.odftoolkit.odfdom.incubator.search,Selection.SelectionManager,32,196,9,27,8,44,9,16,1,6
ODFDOM,org.odftoolkit.odfdom.incubator.search,TextStyleNavigation,69,437,11,63,16,113,10,37,0,10
ODFDOM,org.odftoolkit.odfdom.incubator.search,Navigation,11,163,13,47,3,50,12,22,0,4
ODFDOM,org.odftoolkit.odfdom.incubator.search,Selection,6,3,0,0,2,1,2,1,2,1
ODFDOM,org.odftoolkit.odfdom.incubator.search,TextSelection,478,1189,105,149,134,321,78,75,4,22
ODFDOM,org.odftoolkit.odfdom.incubator.search,InvalidNavigationException,4,0,0,0,2,0,1,0,1,0
ODFDOM,org.odftoolkit.odfdom.incubator.search,TextNavigation,35,269,3,31,10,75,3,22,0,8
ODFDOM,org.odftoolkit.odfdom.dom.element.text,TextSenderCountryElement,69,0,8,0,23,0,11,0,7,0
ODFDOM,org.odftoolkit.odfdom.dom.element.text,TextSenderCompanyElement,59,10,8,0,19,4,9,2,5,2
ODFDOM,org.odftoolkit.odfdom.dom.element.text,TextSequenceDeclElement,90,21,7,1,28,9,11,3,7,3
ODFDOM,org.odftoolkit.odfdom.dom.element.text,TextLinenumberingConfigurationElement,308,25,21,1,96,10,33,3,22,3
ODFDOM,org.odftoolkit.odfdom.dom.element.text,TextUserIndexMarkEndElement,54,0,4,0,19,0,8,0,6,0
ODFDOM,org.odftoolkit.odfdom.dom.element.text,TextIndexSourceStyleElement,44,14,4,0,16,5,6,2,4,2
ODFDOM,org.odftoolkit.odfdom.dom.element.text,TextAElement,2174,53,22,2,671,18,157,6,145,6
ODFDOM,org.odftoolkit.odfdom.dom.element.text,TextFileNameElement,87,10,10,0,28,4,12,2,7,2
ODFDOM,org.odftoolkit.odfdom.dom.element.text,TextReferenceMarkStartElement,44,10,4,0,15,4,6,2,4,2
ODFDOM,org.odftoolkit.odfdom.dom.element.text,TextCharacterCountElement,97,0,10,0,32,0,14,0,9,0
ODFDOM,org.odftoolkit.odfdom.dom.element.text,TextBibliographyMarkElement,936,0,70,0,297,0,104,0,69,0
ODFDOM,org.odftoolkit.odfdom.dom.element.text,TextUserIndexMarkStartElement,111,0,8,0,37,0,14,0,10,0
ODFDOM,org.odftoolkit.odfdom.dom.element.text,TextSoftPageBreakElement,5,21,1,1,2,9,2,3,1,3
ODFDOM,org.odftoolkit.odfdom.dom.element.text,TextDatabaseRowSelectElement,173,10,12,0,57,4,19,2,13,2
ODFDOM,org.odftoolkit.odfdom.dom.element.text,TextAlphabeticalIndexMarkEndElement,54,0,4,0,19,0,8,0,6,0
ODFDOM,org.odftoolkit.odfdom.dom.element.text,TextParagraphElementBase,277,79,21,7,84,25,30,8,18,6
ODFDOM,org.odftoolkit.odfdom.dom.element.text,TextFormatChangeElement,29,10,2,0,11,4,4,2,3,2
ODFDOM,org.odftoolkit.odfdom.dom.element.text,TextPageElement,56,0,4,0,20,0,9,0,7,0
ODFDOM,org.odftoolkit.odfdom.dom.element.text,TextExecuteMacroElement,71,10,8,0,22,4,10,2,6,2
ODFDOM,org.odftoolkit.odfdom.dom.element.text,TextHiddenParagraphElement,97,0,10,0,32,0,14,0,9,0
ODFDOM,org.odftoolkit.odfdom.dom.element.text,TextConditionalTextElement,143,10,14,0,46,4,18,2,11,2
ODFDOM,org.odftoolkit.odfdom.dom.element.text,TextIndexEntryLinkEndElement,44,14,4,0,16,5,6,2,4,2
ODFDOM,org.odftoolkit.odfdom.dom.element.text,TextSenderPhonePrivateElement,69,0,8,0,23,0,11,0,7,0
ODFDOM,org.odftoolkit.odfdom.dom.element.text,TextSenderStreetElement,69,0,8,0,23,0,11,0,7,0
ODFDOM,org.odftoolkit.odfdom.dom.element.text,TextSubjectElement,59,10,8,0,19,3,9,2,5,2
ODFDOM,org.odftoolkit.odfdom.dom.element.text,TextTableIndexSourceElement,199,0,12,0,65,0,22,0,16,0
ODFDOM,org.odftoolkit.odfdom.dom.element.text,TextNumberedParagraphElement,245,0,14,0,76,0,26,0,19,0
ODFDOM,org.odftoolkit.odfdom.dom.element.text,TextTocMarkElement,83,0,6,0,28,0,11,0,8,0
ODFDOM,org.odftoolkit.odfdom.dom.element.text,TextAuthorNameElement,69,0,8,0,23,0,11,0,7,0
ODFDOM,org.odftoolkit.odfdom.dom.element.text,TextAlphabeticalIndexMarkStartElement,224,0,16,0,71,0,26,0,18,0
ODFDOM,org.odftoolkit.odfdom.dom.element.text,TextIllustrationIndexSourceElement,199,0,12,0,65,0,22,0,16,0
ODFDOM,org.odftoolkit.odfdom.dom.element.text,TextNoteContinuationNoticeBackwardElement,40,0,6,0,14,0,8,0,5,0
ODFDOM,org.odftoolkit.odfdom.dom.element.text,TextNoteBodyElement,569,21,1,1,172,9,37,3,36,3
ODFDOM,org.odftoolkit.odfdom.dom.element.text,TextChangeElement,33,21,3,1,11,8,5,3,3,3
ODFDOM,org.odftoolkit.odfdom.dom.element.text,TextChangedRegionElement,111,10,6,0,35,4,12,2,9,2
ODFDOM,org.odftoolkit.odfdom.dom.element.text,TextSequenceRefElement,96,0,10,0,32,0,14,0,9,0
ODFDOM,org.odftoolkit.odfdom.dom.element.text,TextMetaFieldElement,2033,0,10,0,626,0,142,0,137,0
ODFDOM,org.odftoolkit.odfdom.dom.element.text,TextSequenceElement,171,10,16,0,54,3,21,2,13,2
ODFDOM,org.odftoolkit.odfdom.dom.element.text,TextTableOfContentElement,211,14,14,0,67,5,23,2,16,2
ODFDOM,org.odftoolkit.odfdom.dom.element.text,TextLineBreakElement,14,14,2,0,6,6,2,4,1,4
ODFDOM,org.odftoolkit.odfdom.dom.element.text,TextNoteRefElement,114,10,12,0,37,3,15,2,9,2
ODFDOM,org.odftoolkit.odfdom.dom.element.text,TextPrintTimeElement,125,0,12,0,41,0,17,0,11,0
ODFDOM,org.odftoolkit.odfdom.dom.element.text,TextTrackedChangesElement,51,21,3,1,16,9,6,3,4,3
ODFDOM,org.odftoolkit.odfdom.dom.element.text,TextCreationTimeElement,125,0,12,0,41,0,17,0,11,0
ODFDOM,org.odftoolkit.odfdom.dom.element.text,TextBookmarkEndElement,21,33,2,2,7,12,4,4,2,4
ODFDOM,org.odftoolkit.odfdom.dom.element.text,TextSenderCityElement,69,0,8,0,23,0,11,0,7,0
ODFDOM,org.odftoolkit.odfdom.dom.element.text,TextPageVariableGetElement,97,0,10,0,32,0,14,0,9,0
ODFDOM,org.odftoolkit.odfdom.dom.element.text,TextTextInputElement,58,10,8,0,19,4,9,2,5,2
ODFDOM,org.odftoolkit.odfdom.dom.element.text,TextDdeConnectionDeclsElement,41,10,2,0,15,4,4,2,3,2
ODFDOM,org.odftoolkit.odfdom.dom.element.text,TextTableOfContentSourceElement,240,10,14,0,76,4,24,2,17,2
ODFDOM,org.odftoolkit.odfdom.dom.element.text,TextReferenceMarkElement,44,10,4,0,15,4,6,2,4,2
ODFDOM,org.odftoolkit.odfdom.dom.element.text,TextSheetNameElement,30,10,6,0,10,4,6,2,3,2
ODFDOM,org.odftoolkit.odfdom.dom.element.text,TextRubyBaseElement,1977,0,6,0,609,0,136,0,133,0
ODFDOM,org.odftoolkit.odfdom.dom.element.text,TextAlphabeticalIndexSourceElement,525,0,34,0,164,0,55,0,38,0
ODFDOM,org.odftoolkit.odfdom.dom.element.text,TextBookmarkRefElement,86,10,10,0,28,4,12,2,7,2
ODFDOM,org.odftoolkit.odfdom.dom.element.text,TextPrintDateElement,125,0,12,0,41,0,17,0,11,0
ODFDOM,org.odftoolkit.odfdom.dom.element.text,TextPageSequenceElement,42,0,2,0,16,0,6,0,5,0
ODFDOM,org.odftoolkit.odfdom.dom.element.text,TextCreationDateElement,125,0,12,0,41,0,17,0,11,0
ODFDOM,org.odftoolkit.odfdom.dom.element.text,TextReferenceMarkEndElement,44,10,4,0,15,4,6,2,4,2
ODFDOM,org.odftoolkit.odfdom.dom.element.text,TextBibliographySourceElement,58,0,2,0,21,0,7,0,6,0
ODFDOM,org.odftoolkit.odfdom.dom.element.text,TextUserFieldDeclElement,270,10,20,0,87,4,30,2,20,2
ODFDOM,org.odftoolkit.odfdom.dom.element.text,TextReferenceRefElement,86,10,10,0,28,4,12,2,7,2
ODFDOM,org.odftoolkit.odfdom.dom.element.text,TextBibliographyEntryTemplateElement,131,0,6,0,44,0,14,0,11,0
ODFDOM,org.odftoolkit.odfdom.dom.element.text,TextIndexEntrySpanElement,58,14,8,0,19,5,9,2,5,2
ODFDOM,org.odftoolkit.odfdom.dom.element.text,TextIllustrationIndexElement,225,0,14,0,72,0,25,0,18,0
ODFDOM,org.odftoolkit.odfdom.dom.element.text,TextBibliographyElement,225,0,14,0,72,0,25,0,18,0
ODFDOM,org.odftoolkit.odfdom.dom.element.text,TextHiddenTextElement,115,10,12,0,37,4,15,2,9,2
ODFDOM,org.odftoolkit.odfdom.dom.element.text,TextListLevelStyleImageElement,99,65,10,0,35,20,13,6,8,6
ODFDOM,org.odftoolkit.odfdom.dom.element.text,TextScriptElement,124,0,12,0,40,0,17,0,11,0
ODFDOM,org.odftoolkit.odfdom.dom.element.text,TextTimeElement,143,10,14,0,46,3,18,2,11,2
ODFDOM,org.odftoolkit.odfdom.dom.element.text,TextIndexSourceStylesElement,61,10,4,0,21,4,7,2,5,2
ODFDOM,org.odftoolkit.odfdom.dom.element.text,TextBibliographyConfigurationElement,298,0,20,0,96,0,33,0,23,0
ODFDOM,org.odftoolkit.odfdom.dom.element.text,TextObjectIndexEntryTemplateElement,126,0,4,0,42,0,13,0,11,0
ODFDOM,org.odftoolkit.odfdom.dom.element.text,TextNoteContinuationNoticeForwardElement,40,0,6,0,14,0,8,0,5,0
ODFDOM,org.odftoolkit.odfdom.dom.element.text,TextWordCountElement,97,0,10,0,32,0,14,0,9,0
ODFDOM,org.odftoolkit.odfdom.dom.element.text,TextTableFormulaElement,124,0,12,0,41,0,17,0,11,0
ODFDOM,org.odftoolkit.odfdom.dom.element.text,TextSequenceDeclsElement,25,21,1,1,8,9,3,3,2,3
ODFDOM,org.odftoolkit.odfdom.dom.element.text,TextSpanElement,2010,27,9,1,617,10,138,4,133,4
ODFDOM,org.odftoolkit.odfdom.dom.element.text,TextIndexEntryTabStopElement,128,14,10,0,43,5,15,2,10,2
ODFDOM,org.odftoolkit.odfdom.dom.element.text,TextDatabaseDisplayElement,186,10,16,0,60,4,22,2,14,2
ODFDOM,org.odftoolkit.odfdom.dom.element.text,TextSectionElement,829,25,17,1,253,9,63,3,54,3
ODFDOM,org.odftoolkit.odfdom.dom.element.text,TextDateElement,143,10,14,0,46,3,18,2,11,2
ODFDOM,org.odftoolkit.odfdom.dom.element.text,TextTableOfContentEntryTemplateElement,167,14,6,0,54,5,16,2,13,2
ODFDOM,org.odftoolkit.odfdom.dom.element.text,TextPageVariableSetElement,98,0,10,0,32,0,14,0,9,0
ODFDOM,org.odftoolkit.odfdom.dom.element.text,TextHElement,2058,56,11,3,631,19,143,7,137,6
ODFDOM,org.odftoolkit.odfdom.dom.element.text,TextAlphabeticalIndexMarkElement,224,0,16,0,72,0,26,0,18,0
ODFDOM,org.odftoolkit.odfdom.dom.element.text,TextCreatorElement,69,0,8,0,22,0,11,0,7,0
ODFDOM,org.odftoolkit.odfdom.dom.element.text,TextSenderPositionElement,69,0,8,0,23,0,11,0,7,0
ODFDOM,org.odftoolkit.odfdom.dom.element.text,TextSenderTitleElement,69,0,8,0,23,0,11,0,7,0
ODFDOM,org.odftoolkit.odfdom.dom.element.text,TextPageCountElement,87,10,10,0,28,4,12,2,7,2
ODFDOM,org.odftoolkit.odfdom.dom.element.text,TextIndexEntryChapterElement,101,14,8,0,34,5,12,2,8,2
ODFDOM,org.odftoolkit.odfdom.dom.element.text,TextListHeaderElement,103,20,3,1,31,7,10,3,8,3
ODFDOM,org.odftoolkit.odfdom.dom.element.text,TextUserIndexElement,228,0,14,0,73,0,25,0,18,0
ODFDOM,org.odftoolkit.odfdom.dom.element.text,TextVariableDeclsElement,35,10,2,0,13,4,4,2,3,2
ODFDOM,org.odftoolkit.odfdom.dom.element.text,TextPageContinuationElement,96,0,10,0,32,0,14,0,9,0
ODFDOM,org.odftoolkit.odfdom.dom.element.text,TextListStyleElement,34,135,2,6,10,45,4,13,2,11
ODFDOM,org.odftoolkit.odfdom.dom.element.text,TextTabElement,45,12,4,0,16,4,6,3,4,3
ODFDOM,org.odftoolkit.odfdom.dom.element.text,TextDatabaseNameElement,130,10,12,0,42,4,16,2,10,2
ODFDOM,org.odftoolkit.odfdom.dom.element.text,TextUserFieldDeclsElement,39,10,2,0,14,4,4,2,3,2
ODFDOM,org.odftoolkit.odfdom.dom.element.text,TextModificationTimeElement,125,0,12,0,41,0,17,0,11,0
ODFDOM,org.odftoolkit.odfdom.dom.element.text,TextAlphabeticalIndexEntryTemplateElement,155,0,6,0,51,0,16,0,13,0
ODFDOM,org.odftoolkit.odfdom.dom.element.text,TextSenderPostalCodeElement,69,0,8,0,23,0,11,0,7,0
ODFDOM,org.odftoolkit.odfdom.dom.element.text,TextUserIndexSourceElement,372,0,22,0,116,0,38,0,27,0
ODFDOM,org.odftoolkit.odfdom.dom.element.text,TextBookmarkElement,72,10,6,0,23,3,9,2,6,2
ODFDOM,org.odftoolkit.odfdom.dom.element.text,TextListLevelStyleNumberElement,129,127,12,4,42,41,17,11,9,11
ODFDOM,org.odftoolkit.odfdom.dom.element.text,TextIndexEntryLinkStartElement,44,14,4,0,16,5,6,2,4,2
ODFDOM,org.odftoolkit.odfdom.dom.element.text,TextDeletionElement,593,10,2,0,181,3,39,2,38,2
ODFDOM,org.odftoolkit.odfdom.dom.element.text,TextBookmarkStartElement,156,75,9,5,46,27,17,8,10,8
ODFDOM,org.odftoolkit.odfdom.dom.element.text,TextListItemElement,87,93,5,3,27,29,9,10,6,9
ODFDOM,org.odftoolkit.odfdom.dom.element.text,TextIndexEntryTextElement,44,14,4,0,16,5,6,2,4,2
ODFDOM,org.odftoolkit.odfdom.dom.element.text,TextSenderStateOrProvinceElement,69,0,8,0,23,0,11,0,7,0
ODFDOM,org.odftoolkit.odfdom.dom.element.text,TextKeywordsElement,69,0,8,0,22,0,11,0,7,0
ODFDOM,org.odftoolkit.odfdom.dom.element.text,TextIndexEntryBibliographyElement,86,0,6,0,30,0,11,0,8,0
ODFDOM,org.odftoolkit.odfdom.dom.element.text,TextNotesConfigurationElement,370,21,25,1,118,9,40,3,27,3
ODFDOM,org.odftoolkit.odfdom.dom.element.text,TextChangeStartElement,33,21,3,1,11,9,5,3,3,3
ODFDOM,org.odftoolkit.odfdom.dom.element.text,TextLinenumberingSeparatorElement,69,0,8,0,23,0,11,0,7,0
ODFDOM,org.odftoolkit.odfdom.dom.element.text,TextTemplateNameElement,58,10,8,0,19,4,9,2,5,2
ODFDOM,org.odftoolkit.odfdom.dom.element.text,TextRubyTextElement,72,0,8,0,24,0,11,0,7,0
ODFDOM,org.odftoolkit.odfdom.dom.element.text,TextRubyElement,84,0,4,0,28,0,10,0,8,0
ODFDOM,org.odftoolkit.odfdom.dom.element.text,TextObjectIndexSourceElement,263,0,16,0,83,0,28,0,20,0
ODFDOM,org.odftoolkit.odfdom.dom.element.text,TextAlphabeticalIndexElement,225,0,14,0,72,0,25,0,18,0
ODFDOM,org.odftoolkit.odfdom.dom.element.text,TextNoteCitationElement,47,23,7,1,14,10,8,4,4,4
ODFDOM,org.odftoolkit.odfdom.dom.element.text,TextVariableInputElement,170,10,16,0,54,4,21,2,13,2
ODFDOM,org.odftoolkit.odfdom.dom.element.text,TextTableIndexElement,225,0,14,0,72,0,25,0,18,0
ODFDOM,org.odftoolkit.odfdom.dom.element.text,TextSenderEmailElement,69,0,8,0,23,0,11,0,7,0
ODFDOM,org.odftoolkit.odfdom.dom.element.text,TextPageNumberElement,160,23,15,1,49,10,19,4,11,4
ODFDOM,org.odftoolkit.odfdom.dom.element.text,TextTableCountElement,97,0,10,0,32,0,14,0,9,0
ODFDOM,org.odftoolkit.odfdom.dom.element.text,TextTitleElement,59,10,8,0,19,3,9,2,5,2
ODFDOM,org.odftoolkit.odfdom.dom.element.text,TextListElement,57,108,3,7,18,35,6,13,4,10
ODFDOM,org.odftoolkit.odfdom.dom.element.text,TextEditingDurationElement,125,0,12,0,41,0,17,0,11,0
ODFDOM,org.odftoolkit.odfdom.dom.element.text,TextVariableDeclElement,72,10,6,0,24,4,9,2,6,2
ODFDOM,org.odftoolkit.odfdom.dom.element.text,TextOutlineStyleElement,53,21,3,1,17,9,6,3,4,3
ODFDOM,org.odftoolkit.odfdom.dom.element.text,TextListLevelStyleElementBase,2,45,1,1,1,14,1,4,0,4
ODFDOM,org.odftoolkit.odfdom.dom.element.text,TextTableIndexEntryTemplateElement,126,0,4,0,42,0,13,0,11,0
ODFDOM,org.odftoolkit.odfdom.dom.element.text,TextSElement,16,127,3,13,7,36,4,13,2,7
ODFDOM,org.odftoolkit.odfdom.dom.element.text,TextOutlineLevelStyleElement,264,21,17,1,83,9,28,3,19,3
ODFDOM,org.odftoolkit.odfdom.dom.element.text,TextSenderLastnameElement,69,0,8,0,23,0,11,0,7,0
ODFDOM,org.odftoolkit.odfdom.dom.element.text,TextUserDefinedElement,267,0,22,0,85,0,32,0,21,0
ODFDOM,org.odftoolkit.odfdom.dom.element.text,TextSenderInitialsElement,69,0,8,0,23,0,11,0,7,0
ODFDOM,org.odftoolkit.odfdom.dom.element.text,TextPlaceholderElement,86,10,10,0,28,4,12,2,7,2
ODFDOM,org.odftoolkit.odfdom.dom.element.text,TextDatabaseNextElement,144,10,10,0,48,4,16,2,11,2
ODFDOM,org.odftoolkit.odfdom.dom.element.text,TextChapterElement,87,10,10,0,28,3,12,2,7,2
ODFDOM,org.odftoolkit.odfdom.dom.element.text,TextIndexEntryPageNumberElement,44,14,4,0,16,5,6,2,4,2
ODFDOM,org.odftoolkit.odfdom.dom.element.text,TextAlphabeticalIndexAutoMarkFileElement,82,0,6,0,29,0,11,0,8,0
ODFDOM,org.odftoolkit.odfdom.dom.element.text,TextChangeEndElement,33,21,3,1,11,9,5,3,3,3
ODFDOM,org.odftoolkit.odfdom.dom.element.text,TextEditingCyclesElement,69,0,8,0,23,0,11,0,7,0
ODFDOM,org.odftoolkit.odfdom.dom.element.text,TextDdeConnectionElement,58,10,8,0,19,4,9,2,5,2
ODFDOM,org.odftoolkit.odfdom.dom.element.text,TextDdeConnectionDeclElement,158,10,12,0,52,4,18,2,12,2
ODFDOM,org.odftoolkit.odfdom.dom.element.text,TextSortKeyElement,84,0,6,0,27,0,11,0,8,0
ODFDOM,org.odftoolkit.odfdom.dom.element.text,TextUserIndexEntryTemplateElement,155,0,6,0,51,0,16,0,13,0
ODFDOM,org.odftoolkit.odfdom.dom.element.text,TextListLevelStyleBulletElement,93,89,9,3,31,30,12,9,6,9
ODFDOM,org.odftoolkit.odfdom.dom.element.text,TextParagraphCountElement,97,0,10,0,32,0,14,0,9,0
ODFDOM,org.odftoolkit.odfdom.dom.element.text,TextInsertionElement,29,10,2,0,11,4,4,2,3,2
ODFDOM,org.odftoolkit.odfdom.dom.element.text,TextVariableSetElement,340,10,28,0,108,4,39,2,25,2
ODFDOM,org.odftoolkit.odfdom.dom.element.text,TextVariableGetElement,114,10,12,0,36,4,15,2,9,2
ODFDOM,org.odftoolkit.odfdom.dom.element.text,TextIndexTitleTemplateElement,58,14,8,0,19,5,9,2,5,2
ODFDOM,org.odftoolkit.odfdom.dom.element.text,TextNumberElement,26,0,2,0,10,0,5,0,4,0
ODFDOM,org.odftoolkit.odfdom.dom.element.text,TextUserIndexMarkElement,111,0,8,0,38,0,14,0,10,0
ODFDOM,org.odftoolkit.odfdom.dom.element.text,TextDatabaseRowNumberElement,216,10,18,0,69,4,25,2,16,2
ODFDOM,org.odftoolkit.odfdom.dom.element.text,TextPElement,1941,40,5,1,595,14,131,5,128,5
ODFDOM,org.odftoolkit.odfdom.dom.element.text,TextObjectCountElement,97,0,10,0,32,0,14,0,9,0
ODFDOM,org.odftoolkit.odfdom.dom.element.text,TextTocMarkStartElement,83,0,6,0,28,0,11,0,8,0
ODFDOM,org.odftoolkit.odfdom.dom.element.text,TextIndexBodyElement,596,10,2,0,182,4,39,2,38,2
ODFDOM,org.odftoolkit.odfdom.dom.element.text,TextExpressionElement,322,0,26,0,104,0,38,0,25,0
ODFDOM,org.odftoolkit.odfdom.dom.element.text,TextObjectIndexElement,225,0,14,0,72,0,25,0,18,0
ODFDOM,org.odftoolkit.odfdom.dom.element.text,TextPrintedByElement,69,0,8,0,23,0,11,0,7,0
ODFDOM,org.odftoolkit.odfdom.dom.element.text,TextSenderFirstnameElement,69,0,8,0,23,0,11,0,7,0
ODFDOM,org.odftoolkit.odfdom.dom.element.text,TextModificationDateElement,115,10,12,0,37,4,15,2,9,2
ODFDOM,org.odftoolkit.odfdom.dom.element.text,TextSenderFaxElement,69,0,8,0,23,0,11,0,7,0
ODFDOM,org.odftoolkit.odfdom.dom.element.text,TextMeasureElement,68,0,8,0,21,0,11,0,7,0
ODFDOM,org.odftoolkit.odfdom.dom.element.text,TextUserFieldGetElement,114,10,12,0,36,4,15,2,9,2
ODFDOM,org.odftoolkit.odfdom.dom.element.text,TextTocMarkEndElement,54,0,4,0,19,0,8,0,6,0
ODFDOM,org.odftoolkit.odfdom.dom.element.text,TextImageCountElement,97,0,10,0,32,0,14,0,9,0
ODFDOM,org.odftoolkit.odfdom.dom.element.text,TextIndexTitleElement,765,14,14,0,234,5,57,2,50,2
ODFDOM,org.odftoolkit.odfdom.dom.element.text,TextUserFieldInputElement,124,0,12,0,40,0,17,0,11,0
ODFDOM,org.odftoolkit.odfdom.dom.element.text,TextInitialCreatorElement,59,10,8,0,19,4,9,2,5,2
ODFDOM,org.odftoolkit.odfdom.dom.element.text,TextNoteElement,87,21,5,1,27,8,10,3,7,3
ODFDOM,org.odftoolkit.odfdom.dom.element.text,TextIllustrationIndexEntryTemplateElement,126,0,4,0,42,0,13,0,11,0
ODFDOM,org.odftoolkit.odfdom.dom.element.text,TextSenderPhoneWorkElement,69,0,8,0,23,0,11,0,7,0
ODFDOM,org.odftoolkit.odfdom.dom.element.text,TextSectionSourceElement,166,0,12,0,56,0,20,0,14,0
ODFDOM,org.odftoolkit.odfdom.dom.element.text,TextDescriptionElement,69,0,8,0,23,0,11,0,7,0
ODFDOM,org.odftoolkit.odfdom.dom.element.text,TextAuthorInitialsElement,64,5,8,0,21,2,10,1,6,1
ODFDOM,org.odftoolkit.odfdom.dom.element.text,TextMetaElement,2135,29,15,1,654,11,150,4,142,4
ODFDOM,org.odftoolkit.odfdom.dom.element.xforms,XformsModelElement,26,0,2,0,10,0,5,0,4,0
ODFDOM,org.odftoolkit.odfdom.dom.attribute.svg,SvgFontStretchAttribute,30,0,0,0,12,0,9,0,9,0
ODFDOM,org.odftoolkit.odfdom.dom.attribute.svg,SvgSlopeAttribute,35,0,0,0,14,0,9,0,9,0
ODFDOM,org.odftoolkit.odfdom.dom.attribute.svg,SvgRAttribute,36,0,4,0,12,0,9,0,7,0
ODFDOM,org.odftoolkit.odfdom.dom.attribute.svg,SvgVAlphabeticAttribute,35,0,0,0,15,0,9,0,9,0
ODFDOM,org.odftoolkit.odfdom.dom.attribute.svg,SvgFillRuleAttribute,30,0,0,0,12,0,9,0,9,0
ODFDOM,org.odftoolkit.odfdom.dom.attribute.svg,SvgFyAttribute,21,0,0,0,8,0,7,0,7,0
ODFDOM,org.odftoolkit.odfdom.dom.attribute.svg,SvgSpreadMethodAttribute.Value,73,0,4,0,12,0,6,0,4,0
ODFDOM,org.odftoolkit.odfdom.dom.attribute.svg,SvgMathematicalAttribute,35,0,0,0,15,0,9,0,9,0
ODFDOM,org.odftoolkit.odfdom.dom.attribute.svg,SvgOffsetAttribute,21,0,0,0,8,0,7,0,7,0
ODFDOM,org.odftoolkit.odfdom.dom.attribute.svg,SvgWidthAttribute,8,13,0,0,4,4,4,3,4,3
ODFDOM,org.odftoolkit.odfdom.dom.attribute.svg,SvgXAttribute,8,13,0,0,4,4,4,3,4,3
ODFDOM,org.odftoolkit.odfdom.dom.attribute.svg,SvgUnderlinePositionAttribute,35,0,0,0,15,0,9,0,9,0
ODFDOM,org.odftoolkit.odfdom.dom.attribute.svg,SvgStrikethroughPositionAttribute,35,0,0,0,15,0,9,0,9,0
ODFDOM,org.odftoolkit.odfdom.dom.attribute.svg,SvgAlphabeticAttribute,35,0,0,0,15,0,9,0,9,0
ODFDOM,org.odftoolkit.odfdom.dom.attribute.svg,SvgUnderlineThicknessAttribute,35,0,0,0,15,0,9,0,9,0
ODFDOM,org.odftoolkit.odfdom.dom.attribute.svg,SvgOverlineThicknessAttribute,35,0,0,0,15,0,9,0,9,0
ODFDOM,org.odftoolkit.odfdom.dom.attribute.svg,SvgUnitsPerEmAttribute,35,0,0,0,15,0,9,0,9,0
ODFDOM,org.odftoolkit.odfdom.dom.attribute.svg,SvgVHangingAttribute,35,0,0,0,15,0,9,0,9,0
ODFDOM,org.odftoolkit.odfdom.dom.attribute.svg,SvgBboxAttribute,21,0,0,0,8,0,7,0,7,0
ODFDOM,org.odftoolkit.odfdom.dom.attribute.svg,SvgCapHeightAttribute,35,0,0,0,15,0,9,0,9,0
ODFDOM,org.odftoolkit.odfdom.dom.attribute.svg,SvgStemhAttribute,35,0,0,0,14,0,9,0,9,0
ODFDOM,org.odftoolkit.odfdom.dom.attribute.svg,SvgHangingAttribute,35,0,0,0,14,0,9,0,9,0
ODFDOM,org.odftoolkit.odfdom.dom.attribute.svg,SvgCyAttribute,36,0,4,0,12,0,9,0,7,0
ODFDOM,org.odftoolkit.odfdom.dom.attribute.svg,SvgDAttribute,8,13,0,0,4,4,4,3,4,3
ODFDOM,org.odftoolkit.odfdom.dom.attribute.svg,SvgStopOpacityAttribute,35,0,0,0,15,0,9,0,9,0
ODFDOM,org.odftoolkit.odfdom.dom.attribute.svg,SvgStringAttribute,21,0,0,0,8,0,7,0,7,0
ODFDOM,org.odftoolkit.odfdom.dom.attribute.svg,SvgStrokeLinecapAttribute.Value,73,0,4,0,12,0,6,0,4,0
ODFDOM,org.odftoolkit.odfdom.dom.attribute.svg,SvgUnicodeRangeAttribute,21,0,0,0,9,0,7,0,7,0
ODFDOM,org.odftoolkit.odfdom.dom.attribute.svg,SvgFontVariantAttribute,30,0,0,0,12,0,9,0,9,0
ODFDOM,org.odftoolkit.odfdom.dom.attribute.svg,SvgRyAttribute,21,0,0,0,8,0,7,0,7,0
ODFDOM,org.odftoolkit.odfdom.dom.attribute.svg,SvgYAttribute,8,13,0,0,4,4,4,3,4,3
ODFDOM,org.odftoolkit.odfdom.dom.attribute.svg,SvgFontWeightAttribute,30,0,0,0,12,0,9,0,9,0
ODFDOM,org.odftoolkit.odfdom.dom.attribute.svg,SvgAscentAttribute,35,0,0,0,14,0,9,0,9,0
ODFDOM,org.odftoolkit.odfdom.dom.attribute.svg,SvgOriginAttribute,21,0,0,0,8,0,7,0,7,0
ODFDOM,org.odftoolkit.odfdom.dom.attribute.svg,SvgFontStretchAttribute.Value,139,0,4,0,18,0,6,0,4,0
ODFDOM,org.odftoolkit.odfdom.dom.attribute.svg,SvgGradientUnitsAttribute,45,0,4,0,16,0,11,0,9,0
ODFDOM,org.odftoolkit.odfdom.dom.attribute.svg,SvgFxAttribute,21,0,0,0,8,0,7,0,7,0
ODFDOM,org.odftoolkit.odfdom.dom.attribute.svg,SvgAccentHeightAttribute,35,0,0,0,15,0,9,0,9,0
ODFDOM,org.odftoolkit.odfdom.dom.attribute.svg,SvgVIdeographicAttribute,35,0,0,0,15,0,9,0,9,0
ODFDOM,org.odftoolkit.odfdom.dom.attribute.svg,SvgStemvAttribute,35,0,0,0,14,0,9,0,9,0
ODFDOM,org.odftoolkit.odfdom.dom.attribute.svg,SvgVMathematicalAttribute,35,0,0,0,15,0,9,0,9,0
ODFDOM,org.odftoolkit.odfdom.dom.attribute.svg,SvgStrokeLinecapAttribute,17,13,0,0,7,5,6,3,6,3
ODFDOM,org.odftoolkit.odfdom.dom.attribute.svg,SvgViewBoxAttribute,22,13,0,0,10,4,6,3,6,3
ODFDOM,org.odftoolkit.odfdom.dom.attribute.svg,SvgGradientUnitsAttribute.Value,51,0,4,0,10,0,6,0,4,0
ODFDOM,org.odftoolkit.odfdom.dom.attribute.svg,SvgStrokeWidthAttribute,8,13,0,0,4,5,4,3,4,3
ODFDOM,org.odftoolkit.odfdom.dom.attribute.svg,SvgCxAttribute,36,0,4,0,12,0,9,0,7,0
ODFDOM,org.odftoolkit.odfdom.dom.attribute.svg,SvgX2Attribute,23,13,4,0,8,4,6,3,4,3
ODFDOM,org.odftoolkit.odfdom.dom.attribute.svg,SvgTypeAttribute,20,10,0,0,8,3,7,2,7,2
ODFDOM,org.odftoolkit.odfdom.dom.attribute.svg,SvgStrokeOpacityAttribute,8,13,0,0,4,5,4,3,4,3
ODFDOM,org.odftoolkit.odfdom.dom.attribute.svg,SvgXHeightAttribute,35,0,0,0,15,0,9,0,9,0
ODFDOM,org.odftoolkit.odfdom.dom.attribute.svg,SvgSpreadMethodAttribute,45,0,4,0,16,0,11,0,9,0
ODFDOM,org.odftoolkit.odfdom.dom.attribute.svg,SvgStrikethroughThicknessAttribute,35,0,0,0,15,0,9,0,9,0
ODFDOM,org.odftoolkit.odfdom.dom.attribute.svg,SvgY1Attribute,23,13,4,0,8,4,6,3,4,3
ODFDOM,org.odftoolkit.odfdom.dom.attribute.svg,SvgOverlinePositionAttribute,35,0,0,0,15,0,9,0,9,0
ODFDOM,org.odftoolkit.odfdom.dom.attribute.svg,SvgFontStyleAttribute,30,0,0,0,12,0,9,0,9,0
ODFDOM,org.odftoolkit.odfdom.dom.attribute.svg,SvgIdeographicAttribute,35,0,0,0,15,0,9,0,9,0
ODFDOM,org.odftoolkit.odfdom.dom.attribute.svg,SvgTypeAttribute.Value,95,0,4,0,14,0,6,0,4,0
ODFDOM,org.odftoolkit.odfdom.dom.attribute.svg,SvgWidthsAttribute,21,0,0,0,8,0,7,0,7,0
ODFDOM,org.odftoolkit.odfdom.dom.attribute.svg,SvgRxAttribute,21,0,0,0,8,0,7,0,7,0
ODFDOM,org.odftoolkit.odfdom.dom.attribute.svg,SvgFontVariantAttribute.Value,62,0,4,0,11,0,6,0,4,0
ODFDOM,org.odftoolkit.odfdom.dom.attribute.svg,SvgFontFamilyAttribute,11,10,0,0,5,4,5,2,5,2
ODFDOM,org.odftoolkit.odfdom.dom.attribute.svg,SvgPanose1Attribute,11,10,0,0,5,4,5,2,5,2
ODFDOM,org.odftoolkit.odfdom.dom.attribute.svg,SvgStrokeColorAttribute,8,13,0,0,4,5,4,3,4,3
ODFDOM,org.odftoolkit.odfdom.dom.attribute.svg,SvgDescentAttribute,35,0,0,0,14,0,9,0,9,0
ODFDOM,org.odftoolkit.odfdom.dom.attribute.svg,SvgGradientTransformAttribute,21,0,0,0,9,0,7,0,7,0
ODFDOM,org.odftoolkit.odfdom.dom.attribute.svg,SvgHeightAttribute,8,13,0,0,4,4,4,3,4,3
ODFDOM,org.odftoolkit.odfdom.dom.attribute.svg,SvgFontSizeAttribute,21,0,0,0,9,0,7,0,7,0
ODFDOM,org.odftoolkit.odfdom.dom.attribute.svg,SvgX1Attribute,23,13,4,0,8,4,6,3,4,3
ODFDOM,org.odftoolkit.odfdom.dom.attribute.svg,SvgFontWeightAttribute.Value,161,0,4,0,20,0,6,0,4,0
ODFDOM,org.odftoolkit.odfdom.dom.attribute.svg,SvgFontStyleAttribute.Value,73,0,4,0,12,0,6,0,4,0
ODFDOM,org.odftoolkit.odfdom.dom.attribute.svg,SvgPathAttribute,11,10,0,0,5,3,5,2,5,2
ODFDOM,org.odftoolkit.odfdom.dom.attribute.svg,SvgStopColorAttribute,21,0,0,0,9,0,7,0,7,0
ODFDOM,org.odftoolkit.odfdom.dom.attribute.svg,SvgNameAttribute,21,0,0,0,8,0,7,0,7,0
ODFDOM,org.odftoolkit.odfdom.dom.attribute.svg,SvgY2Attribute,23,13,4,0,8,4,6,3,4,3
ODFDOM,org.odftoolkit.odfdom.dom.attribute.svg,SvgFillRuleAttribute.Value,62,0,4,0,11,0,6,0,4,0
ODFDOM,org.odftoolkit.odfdom.dom.attribute.grddl,GrddlTransformationAttribute,11,10,0,0,5,4,5,2,5,2
ODFDOM,org.odftoolkit.odfdom.doc.presentation,OdfPresentationNotes,8,63,3,3,1,19,4,4,1,4
ODFDOM,org.odftoolkit.odfdom.doc.presentation,OdfSlide.SlideLayout,2,96,1,3,1,14,1,6,0,5
ODFDOM,org.odftoolkit.odfdom.doc.presentation,OdfSlide,7,168,2,14,2,44,2,15,0,9
ODFDOM,org.odftoolkit.odfdom.incubator.doc.style,OdfDefaultStyle,2,14,1,1,1,6,1,3,0,3
ODFDOM,org.odftoolkit.odfdom.incubator.doc.style,OdfStylePageLayout,4,4,0,0,2,2,2,1,2,1
ODFDOM,org.odftoolkit.odfdom.incubator.doc.style,OdfStyle,114,362,33,71,34,116,29,31,1,7
ODFDOM,org.odftoolkit.odfdom.incubator.doc.draw,OdfDrawFrame,0,8,0,0,0,3,0,1,0,1
ODFDOM,org.odftoolkit.odfdom.incubator.doc.draw,OdfDrawImage,80,373,10,30,17,102,10,24,0,14
ODFDOM,org.odftoolkit.odfdom.dom.attribute.form,FormListLinkageTypeAttribute.Value,62,0,4,0,11,0,6,0,4,0
ODFDOM,org.odftoolkit.odfdom.dom.attribute.form,FormMultipleAttribute,50,0,4,0,19,0,11,0,9,0
ODFDOM,org.odftoolkit.odfdom.dom.attribute.form,FormNavigationModeAttribute.Value,73,0,4,0,12,0,6,0,4,0
ODFDOM,org.odftoolkit.odfdom.dom.attribute.form,FormEchoCharAttribute,36,0,4,0,13,0,9,0,7,0
ODFDOM,org.odftoolkit.odfdom.dom.attribute.form,FormSelectedAttribute,40,10,4,0,15,4,9,2,7,2
ODFDOM,org.odftoolkit.odfdom.dom.attribute.form,FormButtonTypeAttribute.Value,84,0,4,0,13,0,6,0,4,0
ODFDOM,org.odftoolkit.odfdom.dom.attribute.form,FormFocusOnClickAttribute,35,0,0,0,15,0,9,0,9,0
ODFDOM,org.odftoolkit.odfdom.dom.attribute.form,FormMethodAttribute,45,0,4,0,15,0,11,0,9,0
ODFDOM,org.odftoolkit.odfdom.dom.attribute.form,FormForAttribute,21,0,0,0,8,0,7,0,7,0
ODFDOM,org.odftoolkit.odfdom.dom.attribute.form,FormAllowInsertsAttribute,40,10,4,0,15,4,9,2,7,2
ODFDOM,org.odftoolkit.odfdom.dom.attribute.form,FormListSourceTypeAttribute,20,10,0,0,8,4,7,2,7,2
ODFDOM,org.odftoolkit.odfdom.dom.attribute.form,FormPageStepSizeAttribute,35,0,0,0,15,0,9,0,9,0
ODFDOM,org.odftoolkit.odfdom.dom.attribute.form,FormEscapeProcessingAttribute,50,0,4,0,19,0,11,0,9,0
ODFDOM,org.odftoolkit.odfdom.dom.attribute.form,FormImageAlignAttribute.Value,73,0,4,0,12,0,6,0,4,0
ODFDOM,org.odftoolkit.odfdom.dom.attribute.form,FormCommandTypeAttribute.Value,73,0,4,0,12,0,6,0,4,0
ODFDOM,org.odftoolkit.odfdom.dom.attribute.form,FormOrientationAttribute.Value,62,0,4,0,11,0,6,0,4,0
ODFDOM,org.odftoolkit.odfdom.dom.attribute.form,FormSizeAttribute,25,10,0,0,11,3,7,2,7,2
ODFDOM,org.odftoolkit.odfdom.dom.attribute.form,FormNavigationModeAttribute,30,0,0,0,12,0,9,0,9,0
ODFDOM,org.odftoolkit.odfdom.dom.attribute.form,FormLabelAttribute,11,10,0,0,5,3,5,2,5,2
ODFDOM,org.odftoolkit.odfdom.dom.attribute.form,FormListLinkageTypeAttribute,30,0,0,0,12,0,9,0,9,0
ODFDOM,org.odftoolkit.odfdom.dom.attribute.form,FormCurrentSelectedAttribute,40,10,4,0,15,4,9,2,7,2
ODFDOM,org.odftoolkit.odfdom.dom.attribute.form,FormCurrentStateAttribute,30,0,0,0,12,0,9,0,9,0
ODFDOM,org.odftoolkit.odfdom.dom.attribute.form,FormMaxValueAttribute,21,0,0,0,9,0,7,0,7,0
ODFDOM,org.odftoolkit.odfdom.dom.attribute.form,FormStepSizeAttribute,50,0,4,0,19,0,11,0,9,0
ODFDOM,org.odftoolkit.odfdom.dom.attribute.form,FormRepeatAttribute,35,0,0,0,14,0,9,0,9,0
ODFDOM,org.odftoolkit.odfdom.dom.attribute.form,FormDetailFieldsAttribute,21,0,0,0,9,0,7,0,7,0
ODFDOM,org.odftoolkit.odfdom.dom.attribute.form,FormAllowDeletesAttribute,40,10,4,0,15,4,9,2,7,2
ODFDOM,org.odftoolkit.odfdom.dom.attribute.form,FormToggleAttribute,50,0,4,0,18,0,11,0,9,0
ODFDOM,org.odftoolkit.odfdom.dom.attribute.form,FormTabCycleAttribute,30,0,0,0,12,0,9,0,9,0
ODFDOM,org.odftoolkit.odfdom.dom.attribute.form,FormPropertyNameAttribute,11,10,0,0,5,4,5,2,5,2
ODFDOM,org.odftoolkit.odfdom.dom.attribute.form,FormAutoCompleteAttribute,35,0,0,0,15,0,9,0,9,0
ODFDOM,org.odftoolkit.odfdom.dom.attribute.form,FormApplyFilterAttribute,40,10,4,0,15,4,9,2,7,2
ODFDOM,org.odftoolkit.odfdom.dom.attribute.form,FormIgnoreResultAttribute,50,0,4,0,19,0,11,0,9,0
ODFDOM,org.odftoolkit.odfdom.dom.attribute.form,FormTextStyleNameAttribute,21,0,0,0,9,0,7,0,7,0
ODFDOM,org.odftoolkit.odfdom.dom.attribute.form,FormAutomaticFocusAttribute,40,10,4,0,15,4,9,2,7,2
ODFDOM,org.odftoolkit.odfdom.dom.attribute.form,FormReadonlyAttribute,50,0,4,0,19,0,11,0,9,0
ODFDOM,org.odftoolkit.odfdom.dom.attribute.form,FormSpinButtonAttribute,50,0,4,0,19,0,11,0,9,0
ODFDOM,org.odftoolkit.odfdom.dom.attribute.form,FormIdAttribute,11,10,0,0,5,3,5,2,5,2
ODFDOM,org.odftoolkit.odfdom.dom.attribute.form,FormNameAttribute,11,10,0,0,5,3,5,2,5,2
ODFDOM,org.odftoolkit.odfdom.dom.attribute.form,FormImageDataAttribute,21,0,0,0,9,0,7,0,7,0
ODFDOM,org.odftoolkit.odfdom.dom.attribute.form,FormMinValueAttribute,21,0,0,0,9,0,7,0,7,0
ODFDOM,org.odftoolkit.odfdom.dom.attribute.form,FormValidationAttribute,50,0,4,0,19,0,11,0,9,0
ODFDOM,org.odftoolkit.odfdom.dom.attribute.form,FormStateAttribute,45,0,4,0,15,0,11,0,9,0
ODFDOM,org.odftoolkit.odfdom.dom.attribute.form,FormImagePositionAttribute.Value,95,0,4,0,14,0,6,0,4,0
ODFDOM,org.odftoolkit.odfdom.dom.attribute.form,FormPrintableAttribute,50,0,4,0,19,0,11,0,9,0
ODFDOM,org.odftoolkit.odfdom.dom.attribute.form,FormDelayForRepeatAttribute,36,0,4,0,13,0,9,0,7,0
ODFDOM,org.odftoolkit.odfdom.dom.attribute.form,FormConvertEmptyToNullAttribute,50,0,4,0,19,0,11,0,9,0
ODFDOM,org.odftoolkit.odfdom.dom.attribute.form,FormCurrentValueAttribute,21,0,0,0,9,0,7,0,7,0
ODFDOM,org.odftoolkit.odfdom.dom.attribute.form,FormImageAlignAttribute,45,0,4,0,16,0,11,0,9,0
ODFDOM,org.odftoolkit.odfdom.dom.attribute.form,FormDatasourceAttribute,21,0,0,0,9,0,7,0,7,0
ODFDOM,org.odftoolkit.odfdom.dom.attribute.form,FormImagePositionAttribute,35,10,4,0,12,4,9,2,7,2
ODFDOM,org.odftoolkit.odfdom.dom.attribute.form,FormDefaultButtonAttribute,50,0,4,0,19,0,11,0,9,0
[...]
ODFDOM,org.odftoolkit.odfdom.doc.table,OdfTableRow,708,1050,105,127,179,289,76,68,4,24
ODFDOM,org.odftoolkit.odfdom.dom.style.props,OdfRubyStyleProperties,13,0,0,0,6,0,1,0,1,0
ODFDOM,org.odftoolkit.odfdom.dom.style.props,OdfTextProperties,0,505,0,0,0,252,0,1,0,1
ODFDOM,org.odftoolkit.odfdom.dom.style.props,OdfTableProperties,0,109,0,0,0,54,0,1,0,1
ODFDOM,org.odftoolkit.odfdom.dom.style.props,OdfTableRowProperties,0,43,0,0,0,21,0,1,0,1
ODFDOM,org.odftoolkit.odfdom.dom.style.props,OdfPageLayoutProperties,301,0,0,0,150,0,1,0,1,0
ODFDOM,org.odftoolkit.odfdom.dom.style.props,OdfStylePropertiesSet,0,144,0,0,0,15,0,1,0,1
ODFDOM,org.odftoolkit.odfdom.dom.style.props,OdfTableCellProperties,205,0,0,0,102,0,1,0,1,0
ODFDOM,org.odftoolkit.odfdom.dom.style.props,OdfHeaderFooterProperties,151,0,0,0,75,0,1,0,1,0
ODFDOM,org.odftoolkit.odfdom.dom.style.props,OdfTableColumnProperties,0,31,0,0,0,15,0,1,0,1
ODFDOM,org.odftoolkit.odfdom.dom.style.props,OdfChartProperties,409,0,0,0,204,0,1,0,1,0
ODFDOM,org.odftoolkit.odfdom.dom.style.props,OdfDrawingPageProperties,205,0,0,0,102,0,1,0,1,0
ODFDOM,org.odftoolkit.odfdom.dom.style.props,OdfSectionProperties,43,0,0,0,21,0,1,0,1,0
ODFDOM,org.odftoolkit.odfdom.dom.style.props,OdfRubyProperties,13,0,0,0,6,0,1,0,1,0
ODFDOM,org.odftoolkit.odfdom.dom.style.props,OdfListLevelProperties,0,67,0,0,0,33,0,1,0,1
ODFDOM,org.odftoolkit.odfdom.dom.style.props,OdfGraphicProperties,1045,0,0,0,522,0,1,0,1,0
ODFDOM,org.odftoolkit.odfdom.dom.style.props,OdfParagraphProperties,319,0,0,0,159,0,1,0,1,0
ODFDOM,org.odftoolkit.odfdom.dom.style.props,OdfStyleProperty,54,97,7,13,11,28,8,12,3,7
ODFDOM,org.odftoolkit.odfdom.pkg,OdfElement.TextContentTraverser,40,592,28,108,10,131,25,52,0,9
ODFDOM,org.odftoolkit.odfdom.pkg,OdfPackageNamespace,0,69,0,0,0,11,0,4,0,4
ODFDOM,org.odftoolkit.odfdom.pkg,OdfPackage,634,3338,113,329,167,824,115,210,18,84
ODFDOM,org.odftoolkit.odfdom.pkg,OdfElement,413,2292,121,393,107,609,104,241,9,79
ODFDOM,org.odftoolkit.odfdom.pkg,OdfPackageConstraint,3,195,0,0,1,32,1,3,1,3
ODFDOM,org.odftoolkit.odfdom.pkg,OdfAlienElement,3,20,0,0,1,4,1,2,1,2
ODFDOM,org.odftoolkit.odfdom.pkg,OdfPackageDocument,73,245,15,13,19,71,13,25,4,20
ODFDOM,org.odftoolkit.odfdom.pkg,OdfNamespace,38,187,13,17,8,44,13,17,3,12
ODFDOM,org.odftoolkit.odfdom.pkg,ZipHelper,121,167,18,18,33,53,13,13,1,7
ODFDOM,org.odftoolkit.odfdom.pkg,OdfPackage.OdfFile,0,48,0,0,0,8,0,3,0,3
ODFDOM,org.odftoolkit.odfdom.pkg,OdfXMLFactory,14,560,5,55,3,138,5,38,1,12
ODFDOM,org.odftoolkit.odfdom.pkg,Resolver,151,105,22,8,43,29,15,3,0,3
ODFDOM,org.odftoolkit.odfdom.pkg,OdfPackageDocument.Resource,8,15,1,1,2,6,1,2,0,2
ODFDOM,org.odftoolkit.odfdom.pkg,OdfContainerElementBase,32,59,6,6,8,17,7,6,3,4
ODFDOM,org.odftoolkit.odfdom.pkg,OdfXMLHelper,220,74,10,4,59,21,16,3,10,2
ODFDOM,org.odftoolkit.odfdom.pkg,DefaultErrorHandler,124,22,6,0,35,7,11,2,8,2
ODFDOM,org.odftoolkit.odfdom.pkg,OdfName,16,201,3,17,4,54,3,25,1,17
ODFDOM,org.odftoolkit.odfdom.pkg,StreamHelper,4,62,1,3,0,19,1,4,0,3
ODFDOM,org.odftoolkit.odfdom.pkg,OdfValidationException,152,121,21,12,24,33,16,8,1,4
ODFDOM,org.odftoolkit.odfdom.pkg,OdfFileDom,103,579,27,51,26,144,28,41,5,25
ODFDOM,org.odftoolkit.odfdom.pkg,OdfFileSaxHandler,24,225,6,24,5,63,7,18,1,9
ODFDOM,org.odftoolkit.odfdom.pkg,OdfElement.TextContentTraverser.Algorithm,153,894,43,116,43,199,36,56,1,9
ODFDOM,org.odftoolkit.odfdom.pkg,OdfAttribute,0,14,0,0,0,4,0,2,0,2
ODFDOM,org.odftoolkit.odfdom.pkg,OdfPackage.new ByteArrayOutputStream() {...},51,0,6,0,7,0,5,0,2,0
ODFDOM,org.odftoolkit.odfdom.pkg,OdfAlienAttribute,7,11,0,0,3,3,3,1,3,1
ODFDOM,org.odftoolkit.odfdom.pkg,OdfDecryptedException,0,4,0,0,0,2,0,1,0,1
ODFDOM,org.odftoolkit.odfdom.dom.element.chart,ChartGridElement,86,0,6,0,29,0,11,0,8,0
ODFDOM,org.odftoolkit.odfdom.dom.element.chart,ChartStockGainMarkerElement,58,0,4,0,21,0,8,0,6,0
ODFDOM,org.odftoolkit.odfdom.dom.element.chart,ChartFloorElement,86,0,6,0,28,0,11,0,8,0
ODFDOM,org.odftoolkit.odfdom.dom.element.chart,ChartEquationElement,213,0,14,0,66,0,24,0,17,0
ODFDOM,org.odftoolkit.odfdom.dom.element.chart,ChartDataPointElement,128,0,8,0,42,0,15,0,11,0
ODFDOM,org.odftoolkit.odfdom.dom.element.chart,ChartStockRangeLineElement,58,0,4,0,21,0,8,0,6,0
ODFDOM,org.odftoolkit.odfdom.dom.element.chart,ChartLegendElement,240,0,16,0,75,0,27,0,19,0
ODFDOM,org.odftoolkit.odfdom.dom.element.chart,ChartWallElement,86,0,6,0,28,0,11,0,8,0
ODFDOM,org.odftoolkit.odfdom.dom.element.chart,ChartTitleElement,155,0,10,0,48,0,18,0,13,0
ODFDOM,org.odftoolkit.odfdom.dom.element.chart,ChartAxisElement,153,0,8,0,50,0,17,0,13,0
ODFDOM,org.odftoolkit.odfdom.dom.element.chart,ChartRegressionCurveElement,71,0,4,0,25,0,9,0,7,0
ODFDOM,org.odftoolkit.odfdom.dom.element.chart,ChartChartElement,339,27,20,0,108,8,35,3,25,3
ODFDOM,org.odftoolkit.odfdom.dom.element.chart,ChartLabelSeparatorElement,39,0,2,0,14,0,6,0,5,0
ODFDOM,org.odftoolkit.odfdom.dom.element.chart,ChartCategoriesElement,54,0,4,0,20,0,8,0,6,0
ODFDOM,org.odftoolkit.odfdom.dom.element.chart,ChartDomainElement,54,0,4,0,19,0,8,0,6,0
ODFDOM,org.odftoolkit.odfdom.dom.element.chart,ChartDataLabelElement,123,0,8,0,39,0,15,0,11,0
ODFDOM,org.odftoolkit.odfdom.dom.element.chart,ChartSymbolImageElement,54,0,4,0,20,0,8,0,6,0
ODFDOM,org.odftoolkit.odfdom.dom.element.chart,ChartSubtitleElement,155,0,10,0,49,0,18,0,13,0
ODFDOM,org.odftoolkit.odfdom.dom.element.chart,ChartFooterElement,155,0,10,0,48,0,18,0,13,0
ODFDOM,org.odftoolkit.odfdom.dom.element.chart,ChartSeriesElement,279,0,14,0,89,0,29,0,22,0
ODFDOM,org.odftoolkit.odfdom.dom.element.chart,ChartErrorIndicatorElement,86,0,6,0,30,0,11,0,8,0
ODFDOM,org.odftoolkit.odfdom.dom.element.chart,ChartMeanValueElement,58,0,4,0,21,0,8,0,6,0
ODFDOM,org.odftoolkit.odfdom.dom.element.chart,ChartStockLossMarkerElement,58,0,4,0,21,0,8,0,6,0
ODFDOM,org.odftoolkit.odfdom.dom.element.chart,ChartPlotAreaElement,658,14,40,0,205,5,68,2,48,2
ODFDOM,org.odftoolkit.odfdom.dom.attribute.anim,AnimNameAttribute,21,0,0,0,8,0,7,0,7,0
ODFDOM,org.odftoolkit.odfdom.dom.attribute.anim,AnimColorInterpolationDirectionAttribute,45,0,4,0,16,0,11,0,9,0
ODFDOM,org.odftoolkit.odfdom.dom.attribute.anim,AnimAudioLevelAttribute,35,0,0,0,15,0,9,0,9,0
ODFDOM,org.odftoolkit.odfdom.dom.attribute.anim,AnimSubItemAttribute,21,0,0,0,9,0,7,0,7,0
ODFDOM,org.odftoolkit.odfdom.dom.attribute.anim,AnimFormulaAttribute,21,0,0,0,9,0,7,0,7,0
ODFDOM,org.odftoolkit.odfdom.dom.attribute.anim,AnimIterateIntervalAttribute,21,0,0,0,9,0,7,0,7,0
ODFDOM,org.odftoolkit.odfdom.dom.attribute.anim,AnimIdAttribute,21,0,0,0,8,0,7,0,7,0
ODFDOM,org.odftoolkit.odfdom.dom.attribute.anim,AnimColorInterpolationAttribute.Value,62,0,4,0,11,0,6,0,4,0
ODFDOM,org.odftoolkit.odfdom.dom.attribute.anim,AnimColorInterpolationDirectionAttribute.Value,62,0,4,0,11,0,6,0,4,0
ODFDOM,org.odftoolkit.odfdom.dom.attribute.anim,AnimColorInterpolationAttribute,45,0,4,0,16,0,11,0,9,0
ODFDOM,org.odftoolkit.odfdom.dom.attribute.anim,AnimIterateTypeAttribute,21,0,0,0,9,0,7,0,7,0
ODFDOM,org.odftoolkit.odfdom.dom.attribute.anim,AnimValueAttribute,21,0,0,0,8,0,7,0,7,0
ODFDOM,org.odftoolkit.odfdom.dom.attribute.anim,AnimCommandAttribute,21,0,0,0,9,0,7,0,7,0
ODFDOM,org.odftoolkit.odfdom.dom.element.number,NumberQuarterElement,82,0,6,0,29,0,11,0,8,0
ODFDOM,org.odftoolkit.odfdom.dom.element.number,NumberDateStyleElement,562,50,29,1,180,16,56,5,41,5
ODFDOM,org.odftoolkit.odfdom.dom.element.number,NumberNumberStyleElement,414,36,25,1,134,12,43,4,30,4
ODFDOM,org.odftoolkit.odfdom.dom.element.number,DataStyleElement.NumberFormatType,0,64,0,0,0,7,0,1,0,1
ODFDOM,org.odftoolkit.odfdom.dom.element.number,NumberCurrencyStyleElement,431,36,27,1,139,12,45,4,31,4
ODFDOM,org.odftoolkit.odfdom.dom.element.number,DataStyleElement.TokenType,0,44,0,0,0,5,0,1,0,1
ODFDOM,org.odftoolkit.odfdom.dom.element.number,NumberAmPmElement,16,10,2,0,7,3,3,2,2,2
ODFDOM,org.odftoolkit.odfdom.dom.element.number,NumberMinutesElement,18,36,3,1,8,12,4,4,2,4
ODFDOM,org.odftoolkit.odfdom.dom.element.number,NumberSecondsElement,37,47,4,2,13,16,6,5,3,5
ODFDOM,org.odftoolkit.odfdom.dom.element.number,DataStyleElement.StringToken,0,9,0,0,0,4,0,1,0,1
ODFDOM,org.odftoolkit.odfdom.dom.element.number,NumberDayElement,44,38,4,2,16,12,6,5,4,4
ODFDOM,org.odftoolkit.odfdom.dom.element.number,NumberTimeStyleElement,471,50,29,1,152,16,49,5,34,5
ODFDOM,org.odftoolkit.odfdom.dom.element.number,NumberBooleanStyleElement,413,22,25,1,135,8,45,3,32,3
ODFDOM,org.odftoolkit.odfdom.dom.element.number,NumberNumberElement,83,106,6,6,27,33,10,11,6,9
ODFDOM,org.odftoolkit.odfdom.dom.element.number,NumberScientificNumberElement,41,102,6,4,15,32,8,9,3,9
ODFDOM,org.odftoolkit.odfdom.dom.element.number,NumberHoursElement,16,38,2,2,7,12,3,5,2,4
ODFDOM,org.odftoolkit.odfdom.dom.element.number,NumberCurrencySymbolElement,90,62,12,2,30,20,14,6,7,6
ODFDOM,org.odftoolkit.odfdom.dom.element.number,NumberEmbeddedTextElement,69,0,8,0,23,0,11,0,7,0
ODFDOM,org.odftoolkit.odfdom.dom.element.number,NumberWeekOfYearElement,54,0,4,0,20,0,8,0,6,0
ODFDOM,org.odftoolkit.odfdom.dom.element.number,NumberFractionElement,162,10,12,0,52,4,18,2,12,2
ODFDOM,org.odftoolkit.odfdom.dom.element.number,NumberBooleanElement,16,10,2,0,7,4,3,2,2,2
ODFDOM,org.odftoolkit.odfdom.dom.element.number,DataStyleElement,323,662,89,102,82,155,68,41,1,11
ODFDOM,org.odftoolkit.odfdom.dom.element.number,NumberDayOfWeekElement,72,10,6,0,25,4,9,2,6,2
ODFDOM,org.odftoolkit.odfdom.dom.element.number,NumberMonthElement,73,68,6,4,25,21,9,8,6,6
ODFDOM,org.odftoolkit.odfdom.dom.element.number,NumberTextContentElement,16,10,2,0,7,4,3,2,2,2
ODFDOM,org.odftoolkit.odfdom.dom.element.number,NumberPercentageStyleElement,388,36,25,1,126,12,41,4,28,4
ODFDOM,org.odftoolkit.odfdom.dom.element.number,NumberTextStyleElement,423,112,37,11,134,38,48,11,27,8
ODFDOM,org.odftoolkit.odfdom.dom.element.number,NumberEraElement,82,0,6,0,28,0,11,0,8,0
ODFDOM,org.odftoolkit.odfdom.dom.element.number,NumberTextElement,30,10,6,0,10,3,6,2,3,2
ODFDOM,org.odftoolkit.odfdom.dom.element.number,NumberYearElement,44,38,4,2,16,12,6,5,4,4
ODFDOM,org.odftoolkit.odfdom.dom.attribute.smil,SmilDirectionAttribute,35,10,4,0,12,4,9,2,7,2
ODFDOM,org.odftoolkit.odfdom.dom.attribute.smil,SmilRestartAttribute.Value,84,0,4,0,13,0,6,0,4,0
ODFDOM,org.odftoolkit.odfdom.dom.attribute.smil,SmilFadeColorAttribute,36,0,4,0,13,0,9,0,7,0
ODFDOM,org.odftoolkit.odfdom.dom.attribute.smil,SmilKeySplinesAttribute,21,0,0,0,9,0,7,0,7,0
ODFDOM,org.odftoolkit.odfdom.dom.attribute.smil,SmilRestartDefaultAttribute.Value,84,0,4,0,13,0,6,0,4,0
ODFDOM,org.odftoolkit.odfdom.dom.attribute.smil,SmilSubtypeAttribute,11,10,0,0,5,4,5,2,5,2
ODFDOM,org.odftoolkit.odfdom.dom.attribute.smil,SmilAccelerateAttribute,36,0,4,0,13,0,9,0,7,0
ODFDOM,org.odftoolkit.odfdom.dom.attribute.smil,SmilCalcModeAttribute.Value,84,0,4,0,13,0,6,0,4,0
ODFDOM,org.odftoolkit.odfdom.dom.attribute.smil,SmilFillAttribute,20,10,0,0,8,3,7,2,7,2
ODFDOM,org.odftoolkit.odfdom.dom.attribute.smil,SmilEndsyncAttribute,30,0,0,0,12,0,9,0,9,0
ODFDOM,org.odftoolkit.odfdom.dom.attribute.smil,SmilFillAttribute.Value,106,0,4,0,15,0,6,0,4,0
ODFDOM,org.odftoolkit.odfdom.dom.attribute.smil,SmilDirectionAttribute.Value,62,0,4,0,11,0,6,0,4,0
ODFDOM,org.odftoolkit.odfdom.dom.attribute.smil,SmilDurAttribute,11,10,0,0,5,3,5,2,5,2
ODFDOM,org.odftoolkit.odfdom.dom.attribute.smil,SmilBeginAttribute,11,10,0,0,5,3,5,2,5,2
ODFDOM,org.odftoolkit.odfdom.dom.attribute.smil,SmilFromAttribute,21,0,0,0,8,0,7,0,7,0
ODFDOM,org.odftoolkit.odfdom.dom.attribute.smil,SmilModeAttribute.Value,62,0,4,0,11,0,6,0,4,0
ODFDOM,org.odftoolkit.odfdom.dom.attribute.smil,SmilToAttribute,11,10,0,0,5,3,5,2,5,2
ODFDOM,org.odftoolkit.odfdom.dom.attribute.smil,SmilValuesAttribute,11,10,0,0,5,3,5,2,5,2
ODFDOM,org.odftoolkit.odfdom.dom.attribute.smil,SmilByAttribute,11,10,0,0,5,3,5,2,5,2
ODFDOM,org.odftoolkit.odfdom.dom.attribute.smil,SmilRepeatDurAttribute,21,0,0,0,9,0,7,0,7,0
ODFDOM,org.odftoolkit.odfdom.dom.attribute.smil,SmilRepeatCountAttribute.Value,51,0,4,0,10,0,6,0,4,0
ODFDOM,org.odftoolkit.odfdom.dom.attribute.smil,SmilRepeatCountAttribute,30,0,0,0,12,0,9,0,9,0
ODFDOM,org.odftoolkit.odfdom.dom.attribute.smil,SmilAccumulateAttribute.Value,62,0,4,0,11,0,6,0,4,0
ODFDOM,org.odftoolkit.odfdom.dom.attribute.smil,SmilTargetElementAttribute,11,10,0,0,5,4,5,2,5,2
ODFDOM,org.odftoolkit.odfdom.dom.attribute.smil,SmilAccumulateAttribute,30,0,0,0,12,0,9,0,9,0
ODFDOM,org.odftoolkit.odfdom.dom.attribute.smil,SmilFillDefaultAttribute,30,0,0,0,12,0,9,0,9,0
ODFDOM,org.odftoolkit.odfdom.dom.attribute.smil,SmilEndsyncAttribute.Value,84,0,4,0,13,0,6,0,4,0
ODFDOM,org.odftoolkit.odfdom.dom.attribute.smil,SmilRestartDefaultAttribute,45,0,4,0,16,0,11,0,9,0
ODFDOM,org.odftoolkit.odfdom.dom.attribute.smil,SmilTypeAttribute,11,10,0,0,5,3,5,2,5,2
ODFDOM,org.odftoolkit.odfdom.dom.attribute.smil,SmilFillDefaultAttribute.Value,106,0,4,0,15,0,6,0,4,0
ODFDOM,org.odftoolkit.odfdom.dom.attribute.smil,SmilRestartAttribute,45,0,4,0,16,0,11,0,9,0
ODFDOM,org.odftoolkit.odfdom.dom.attribute.smil,SmilAdditiveAttribute.Value,62,0,4,0,11,0,6,0,4,0
ODFDOM,org.odftoolkit.odfdom.dom.attribute.smil,SmilAdditiveAttribute,30,0,0,0,12,0,9,0,9,0
ODFDOM,org.odftoolkit.odfdom.dom.attribute.smil,SmilAutoReverseAttribute,50,0,4,0,19,0,11,0,9,0
ODFDOM,org.odftoolkit.odfdom.dom.attribute.smil,SmilModeAttribute,35,10,4,0,12,3,9,2,7,2
ODFDOM,org.odftoolkit.odfdom.dom.attribute.smil,SmilCalcModeAttribute,64,0,10,0,23,0,14,0,9,0
ODFDOM,org.odftoolkit.odfdom.dom.attribute.smil,SmilEndAttribute,21,0,0,0,8,0,7,0,7,0
ODFDOM,org.odftoolkit.odfdom.dom.attribute.smil,SmilDecelerateAttribute,36,0,4,0,13,0,9,0,7,0
ODFDOM,org.odftoolkit.odfdom.dom.attribute.smil,SmilKeyTimesAttribute,11,10,0,0,5,4,5,2,5,2
ODFDOM,org.odftoolkit.odfdom.dom.attribute.smil,SmilAttributeNameAttribute,11,10,0,0,5,4,5,2,5,2
ODFDOM,org.odftoolkit.odfdom.dom.attribute.meta,MetaImageCountAttribute,14,21,0,0,7,8,5,4,5,4
ODFDOM,org.odftoolkit.odfdom.dom.attribute.meta,MetaCharacterCountAttribute,14,21,0,0,7,8,5,4,5,4
ODFDOM,org.odftoolkit.odfdom.dom.attribute.meta,MetaDrawCountAttribute,14,21,0,0,7,8,5,4,5,4
ODFDOM,org.odftoolkit.odfdom.dom.attribute.meta,MetaRowCountAttribute,14,21,0,0,7,8,5,4,5,4
ODFDOM,org.odftoolkit.odfdom.dom.attribute.meta,MetaWordCountAttribute,14,21,0,0,7,8,5,4,5,4
ODFDOM,org.odftoolkit.odfdom.dom.attribute.meta,MetaPageCountAttribute,14,21,0,0,7,8,5,4,5,4
ODFDOM,org.odftoolkit.odfdom.dom.attribute.meta,MetaSentenceCountAttribute,14,21,0,0,7,8,5,4,5,4
ODFDOM,org.odftoolkit.odfdom.dom.attribute.meta,MetaTableCountAttribute,14,21,0,0,7,8,5,4,5,4
ODFDOM,org.odftoolkit.odfdom.dom.attribute.meta,MetaDelayAttribute,11,10,0,0,5,3,5,2,5,2
ODFDOM,org.odftoolkit.odfdom.dom.attribute.meta,MetaNameAttribute,11,10,0,0,5,3,5,2,5,2
ODFDOM,org.odftoolkit.odfdom.dom.attribute.meta,MetaSyllableCountAttribute,14,21,0,0,7,8,5,4,5,4
ODFDOM,org.odftoolkit.odfdom.dom.attribute.meta,MetaNonWhitespaceCharacterCountAttribute,14,21,0,0,7,8,5,4,5,4
ODFDOM,org.odftoolkit.odfdom.dom.attribute.meta,MetaValueTypeAttribute.Value,25,70,4,0,4,10,3,3,1,3
ODFDOM,org.odftoolkit.odfdom.dom.attribute.meta,MetaCellCountAttribute,14,21,0,0,7,8,5,4,5,4
ODFDOM,org.odftoolkit.odfdom.dom.attribute.meta,MetaOleObjectCountAttribute,14,21,0,0,7,8,5,4,5,4
ODFDOM,org.odftoolkit.odfdom.dom.attribute.meta,MetaValueTypeAttribute,20,10,0,0,8,4,7,2,7,2
ODFDOM,org.odftoolkit.odfdom.dom.attribute.meta,MetaParagraphCountAttribute,14,21,0,0,7,8,5,4,5,4
ODFDOM,org.odftoolkit.odfdom.dom.attribute.meta,MetaDateAttribute,21,0,0,0,8,0,7,0,7,0
ODFDOM,org.odftoolkit.odfdom.dom.attribute.meta,MetaObjectCountAttribute,14,21,0,0,7,8,5,4,5,4
ODFDOM,org.odftoolkit.odfdom.dom.attribute.meta,MetaFrameCountAttribute,14,21,0,0,7,8,5,4,5,4
ODFDOM,org.odftoolkit.odfdom.dom.element.anim,AnimIterateElement,895,0,52,0,279,0,91,0,65,0
ODFDOM,org.odftoolkit.odfdom.dom.element.anim,AnimAnimateTransformElement,660,12,48,0,206,5,71,3,47,3
ODFDOM,org.odftoolkit.odfdom.dom.element.anim,AnimAnimateColorElement,784,0,56,0,248,0,86,0,58,0
ODFDOM,org.odftoolkit.odfdom.dom.element.anim,AnimCommandElement,409,0,28,0,130,0,45,0,31,0
ODFDOM,org.odftoolkit.odfdom.dom.element.anim,AnimTransitionFilterElement,772,12,56,0,241,5,83,3,55,3
ODFDOM,org.odftoolkit.odfdom.dom.element.anim,AnimAnimateMotionElement,772,12,56,0,242,5,83,3,55,3
ODFDOM,org.odftoolkit.odfdom.dom.element.anim,AnimParElement,771,12,44,0,239,4,76,3,54,3
ODFDOM,org.odftoolkit.odfdom.dom.element.anim,AnimSetElement,520,12,38,0,164,4,56,3,37,3
ODFDOM,org.odftoolkit.odfdom.dom.element.anim,AnimParamElement,82,0,6,0,27,0,11,0,8,0
ODFDOM,org.odftoolkit.odfdom.dom.element.anim,AnimSeqElement,771,12,44,0,239,4,76,3,54,3
ODFDOM,org.odftoolkit.odfdom.dom.element.anim,AnimAnimateElement,702,26,52,0,221,8,76,4,50,4
ODFDOM,org.odftoolkit.odfdom.dom.element.anim,AnimAudioElement,559,0,40,0,176,0,62,0,42,0
ODFDOM,org.odftoolkit.odfdom.changes,Component,659,1671,257,379,185,424,211,166,17,42
ODFDOM,org.odftoolkit.odfdom.changes,JsonOperationConsumer,3882,10646,903,1707,974,2832,725,691,16,95
ODFDOM,org.odftoolkit.odfdom.changes,TextContainingElement.SelectionComparator,0,12,0,0,0,3,0,2,0,2
ODFDOM,org.odftoolkit.odfdom.changes,FieldMap,21,1216,7,77,1,125,7,81,1,45
ODFDOM,org.odftoolkit.odfdom.changes,TextFieldSelection,172,680,41,139,30,143,38,58,2,4
ODFDOM,org.odftoolkit.odfdom.changes,ColumnDefaultCellProps,15,0,0,0,5,0,1,0,1,0
ODFDOM,org.odftoolkit.odfdom.changes,Cell,482,14,118,0,133,4,65,3,6,3
ODFDOM,org.odftoolkit.odfdom.changes,ShapeType,0,34,0,0,0,4,0,1,0,1
ODFDOM,org.odftoolkit.odfdom.changes,CachedInnerTableOperation,0,34,0,0,0,6,0,2,0,2
ODFDOM,org.odftoolkit.odfdom.changes,MapHelper.new Object() {...},0,9,0,0,0,4,0,1,0,1
ODFDOM,org.odftoolkit.odfdom.changes,PageArea,0,105,0,0,0,14,0,4,0,4
ODFDOM,org.odftoolkit.odfdom.changes,JsonOperationNormalizer,104,556,27,87,28,138,24,47,1,10
ODFDOM,org.odftoolkit.odfdom.changes,OperationConstants,0,13,0,0,0,4,0,1,0,1
ODFDOM,org.odftoolkit.odfdom.changes,TextSpanSelection,34,9,0,0,10,4,3,1,3,1
ODFDOM,org.odftoolkit.odfdom.changes,ChangesFileSaxHandler.WhitespaceStatus,6,37,0,2,2,12,2,6,2,5
ODFDOM,org.odftoolkit.odfdom.changes,Annotation,0,23,0,2,0,7,0,3,0,2
ODFDOM,org.odftoolkit.odfdom.changes,TextContainer,19,113,6,14,6,29,7,13,2,8
ODFDOM,org.odftoolkit.odfdom.changes,MapHelper,1426,5926,325,639,461,934,271,276,5,29
ODFDOM,org.odftoolkit.odfdom.changes,JsonOperationProducer,1468,2398,191,293,330,637,150,141,15,34
ODFDOM,org.odftoolkit.odfdom.changes,TextHyperlinkSelection,38,41,0,6,11,15,3,5,3,2
ODFDOM,org.odftoolkit.odfdom.changes,ShapeProperties,45,509,11,53,12,119,13,33,2,11
ODFDOM,org.odftoolkit.odfdom.changes,Table,79,260,18,40,20,77,21,22,6,8
ODFDOM,org.odftoolkit.odfdom.changes,CommentComponent,4,38,0,0,2,14,1,8,1,8
ODFDOM,org.odftoolkit.odfdom.changes,ChangesFileSaxHandler.ContinuedList,10,33,5,3,2,10,5,3,1,3
ODFDOM,org.odftoolkit.odfdom.changes,ChangesFileSaxHandler,977,5353,279,739,196,1224,222,319,1,31
ODFDOM,org.odftoolkit.odfdom.changes,Table.new AbstractList() {...},35,0,2,0,9,0,4,0,3,0
ODFDOM,org.odftoolkit.odfdom.changes,CachedTable,3,147,0,0,1,45,1,6,1,6
ODFDOM,org.odftoolkit.odfdom.changes,TextContainingElement,29,246,8,28,6,68,8,15,1,4
ODFDOM,org.odftoolkit.odfdom.changes,CollabTextDocument,134,314,23,33,38,91,29,27,11,17
ODFDOM,org.odftoolkit.odfdom.changes,CachedOperation,0,35,0,0,0,8,0,2,0,2
ODFDOM,org.odftoolkit.odfdom.changes,ParagraphListProperties,0,83,1,7,0,30,1,17,0,14
ODFDOM,org.odftoolkit.odfdom.changes,TextSelection,1,165,3,27,1,54,3,24,0,12
ODFDOM,org.odftoolkit.odfdom.changes,JsonOperationNormalizer.OperationSorter,11,56,4,6,4,12,4,4,0,3
ODFDOM,org.odftoolkit.odfdom.changes,CachedComponent,0,3,0,0,0,1,0,1,0,1
ODFDOM,org.odftoolkit.odfdom.changes,Row,20,14,0,0,5,4,3,3,3,3
ODFDOM,org.odftoolkit.odfdom.dom.attribute.script,ScriptMacroNameAttribute,21,0,0,0,9,0,7,0,7,0
ODFDOM,org.odftoolkit.odfdom.dom.attribute.script,ScriptEventNameAttribute,11,10,0,0,5,4,5,2,5,2
ODFDOM,org.odftoolkit.odfdom.dom.attribute.script,ScriptLanguageAttribute,11,10,0,0,5,4,5,2,5,2
